[19:32:47] [ServerMain/INFO]: Environment: Environment[accountsHost=https://api.mojang.com, sessionHost=https://sessionserver.mojang.com, servicesHost=https://api.minecraftservices.com, name=PROD]
[19:32:51] [ServerMain/INFO]: Loaded 7 recipes
[19:32:51] [ServerMain/INFO]: Loaded 1272 advancements
[19:32:52] [Server thread/INFO]: Starting minecraft server version 1.20.2
[19:32:52] [Server thread/INFO]: Loading properties
[19:32:52] [Server thread/INFO]: Default game type: SURVIVAL
[19:32:52] [Server thread/INFO]: Generating keypair
[19:32:52] [Server thread/INFO]: Starting Minecraft server on *:25565
[19:32:52] [Server thread/INFO]: Using default channel type
[19:32:53] [Server thread/INFO]: Preparing level "world"
[19:32:53] [Server thread/INFO]: Preparing start region for dimension minecraft:overworld
[19:32:57] [Worker-Main-10/INFO]: Preparing spawn area: 0%
[19:32:57] [Worker-Main-10/INFO]: Preparing spawn area: 0%
[19:32:57] [Worker-Main-10/INFO]: Preparing spawn area: 0%
[19:32:57] [Worker-Main-10/INFO]: Preparing spawn area: 0%
[19:32:57] [Worker-Main-10/INFO]: Preparing spawn area: 0%
[19:32:57] [Worker-Main-10/INFO]: Preparing spawn area: 0%
[19:32:57] [Worker-Main-10/INFO]: Preparing spawn area: 0%
[19:32:57] [Worker-Main-2/INFO]: Preparing spawn area: 0%
[19:32:57] [Worker-Main-5/INFO]: Preparing spawn area: 0%
[19:32:57] [Worker-Main-7/INFO]: Preparing spawn area: 21%
[19:32:58] [Worker-Main-10/INFO]: Preparing spawn area: 67%
[19:32:58] [Server thread/INFO]: Time elapsed: 5379 ms
[19:32:58] [Server thread/INFO]: Done (5.656s)! For help, type "help"
[19:34:13] [Server thread/INFO]: Unknown or incomplete command, see below for error
[19:34:13] [Server thread/INFO]: <--[HERE]
[19:34:41] [User Authenticator #1/INFO]: UUID of player Xiao_tu233 is c6660e2c-d1b1-4a59-ae42-27c138b26705
[19:34:42] [Server thread/INFO]: Xiao_tu233[/127.0.0.1:60066] logged in with entity id 2 at (5.606693235532763, -57.88349863207186, 3.699999988079071)
[19:34:42] [Server thread/INFO]: Xiao_tu233 joined the game
[19:34:50] [Server thread/INFO]: [Xiao_tu233: Reloading!]
[19:34:51] [Server thread/INFO]: Loaded 7 recipes
[19:34:51] [Server thread/INFO]: Loaded 1272 advancements
[19:34:58] [Server thread/INFO]: [Xiao_tu233: Triggered [tpa.book]]
[19:34:59] [Server thread/INFO]: [Xiao_tu233: Triggered [tpa.tpa] (set value to 2)]
[19:35:09] [Server thread/INFO]: [Xiao_tu233: Triggered [tpa]]
[19:35:18] [Server thread/INFO]: [Xiao_tu233: Triggered [tpa.pos]]
[19:35:25] [Server thread/INFO]: [Xiao_tu233: Set [tpa.config] for #tp_pos to -1]
[19:35:30] [Server thread/INFO]: [Xiao_tu233: Triggered [tpa.pos]]
[19:35:33] [Server thread/INFO]: [Xiao_tu233: Triggered [tpa.pos.x] (set value to 1)]
[19:35:36] [Server thread/INFO]: [Xiao_tu233: Triggered [tpa.pos.y] (set value to 2)]
[19:35:37] [Server thread/INFO]: [Xiao_tu233: Triggered [tpa.pos.z] (set value to 3)]
[19:35:38] [Server thread/INFO]: [Xiao_tu233: Triggered [tpa.pos] (set value to -2)]
[19:35:44] [Server thread/INFO]: [Xiao_tu233: Triggered [back]]
[19:35:45] [Server thread/INFO]: [Xiao_tu233: Triggered [back]]
[19:35:45] [Server thread/INFO]: [Xiao_tu233: Triggered [back]]
[19:36:29] [Server thread/INFO]: [Xiao_tu233: Triggered [tpa.here]]
[19:36:30] [Server thread/INFO]: [Xiao_tu233: Triggered [tpa.tpa] (set value to 2)]
[19:36:33] [Server thread/INFO]: [Xiao_tu233: Triggered [tpa.home] (set value to -1)]
[19:36:34] [Server thread/INFO]: [Xiao_tu233: Triggered [tpa.sethome]]
[19:36:36] [Server thread/INFO]: [Xiao_tu233: Triggered [tpa.home] (set value to 1)]
[19:36:36] [Server thread/INFO]: [Not Secure] [Xiao_tu233] 2
[19:36:37] [Server thread/INFO]: [Xiao_tu233: Triggered [tpa.removehome] (set value to 1)]
[19:36:39] [Server thread/INFO]: [Xiao_tu233: Triggered [tpa.home] (set value to -1)]
[19:36:40] [Server thread/INFO]: [Xiao_tu233: Triggered [tpa.sethome] (set value to 1)]
[19:36:43] [Server thread/INFO]: [Xiao_tu233: Triggered [tpa.sethome] (set value to 2)]
[19:36:45] [Server thread/INFO]: [Xiao_tu233: Triggered [tpa.removehome] (set value to 1)]
[19:36:46] [Server thread/INFO]: [Xiao_tu233: Triggered [tpa.removehome] (set value to 2)]
[19:36:47] [Server thread/INFO]: [Xiao_tu233: Triggered [tpa.removehome] (set value to 2)]
[19:37:01] [Server thread/INFO]: [Xiao_tu233: Executed 61 command(s) from function 'tpa:warp/option']
[19:37:02] [Server thread/INFO]: [Xiao_tu233: Executed 125 command(s) from function 'tpa:warp/setpos']
[19:37:02] [Server thread/INFO]: <Xiao_tu233> 1
[19:37:10] [Server thread/INFO]: [Xiao_tu233: Triggered [tpa.warp] (set value to 1)]
[19:37:12] [Server thread/INFO]: [Xiao_tu233: Executed 125 command(s) from function 'tpa:warp/setpos']
[19:37:16] [Server thread/INFO]: [Xiao_tu233: Executed 92 command(s) from function 'tpa:warp/set_name']
[19:37:20] [Server thread/INFO]: [Xiao_tu233: Executed 92 command(s) from function 'tpa:warp/set_desc']
[19:37:23] [Server thread/INFO]: [Xiao_tu233: Executed 64 command(s) from function 'tpa:warp/remove']
[19:37:25] [Server thread/INFO]: [Xiao_tu233: Executed 125 command(s) from function 'tpa:warp/setpos']
[19:37:27] [Server thread/INFO]: [Xiao_tu233: Executed 92 command(s) from function 'tpa:warp/disable']
[19:37:30] [Server thread/INFO]: [Xiao_tu233: Triggered [tpa.warp] (set value to -1)]
[19:37:32] [Server thread/INFO]: [Xiao_tu233: Executed 92 command(s) from function 'tpa:warp/enable']
[19:37:33] [Server thread/INFO]: [Xiao_tu233: Triggered [tpa.warp] (set value to -1)]
[19:37:33] [Server thread/INFO]: [Xiao_tu233: Triggered [tpa.warp] (set value to 1)]
[19:37:38] [Server thread/INFO]: [Xiao_tu233: Executed 131 command(s) from function 'tpa:warp/movedown']
[19:37:40] [Server thread/INFO]: [Xiao_tu233: Executed 92 command(s) from function 'tpa:warp/remove']
[19:37:42] [Server thread/INFO]: [Xiao_tu233: Executed 64 command(s) from function 'tpa:warp/remove']
[19:37:56] [Server thread/INFO]: [Xiao_tu233: Triggered [tpa.output] (set value to 3)]
[19:38:00] [Server thread/INFO]: [Xiao_tu233: Executed 33 command(s) from function 'tpa:book/track/enable']
[19:38:02] [Server thread/INFO]: [Xiao_tu233: Set [tpa.config] for #player_lang to 1]
[19:38:08] [Server thread/INFO]: [Xiao_tu233: Triggered [tpa.language] (set value to -1)]
[19:38:09] [Server thread/INFO]: [Xiao_tu233: Triggered [tpa.language] (set value to 1)]
[19:38:10] [Server thread/INFO]: [Xiao_tu233: Triggered [tpa.language] (set value to -1)]
[19:38:11] [Server thread/INFO]: [Xiao_tu233: Triggered [tpa.language] (set value to 1)]
[19:38:38] [Server thread/INFO]: [Xiao_tu233: Set [tpa.config] for #book to 1]
[19:38:40] [Server thread/INFO]: [Xiao_tu233: Triggered [tpa]]
[19:38:41] [Server thread/INFO]: [Xiao_tu233: Triggered [tpa.book]]
[19:38:46] [Server thread/INFO]: [Xiao_tu233: Set [tpa.config] for #search_id to 1]
[19:38:48] [Server thread/INFO]: [Xiao_tu233: Triggered [tpa]]
[19:38:50] [Server thread/INFO]: [Xiao_tu233: Triggered [tpa.search_id]]
[19:38:57] [Server thread/INFO]: Loaded 7 recipes
[19:38:57] [Server thread/INFO]: Loaded 1272 advancements
[19:39:11] [Server thread/INFO]: [Xiao_tu233: Set [tpa.config] for #debug_mode to 1]
[19:39:20] [Server thread/INFO]: [Xiao_tu233: Executed 44 command(s) from function 'tpa:initialize']
[19:39:41] [Server thread/INFO]: Loaded 7 recipes
[19:39:41] [Server thread/INFO]: Loaded 1272 advancements
[19:39:42] [Server thread/INFO]: [Xiao_tu233: Executed 44 command(s) from function 'tpa:initialize']
[19:39:44] [Server thread/INFO]: [Xiao_tu233: Executed 83 command(s) from function 'tpa:options']
[19:39:52] [Server thread/INFO]: [Xiao_tu233: Executed 44 command(s) from function 'tpa:initialize']
[19:39:54] [Server thread/INFO]: Loaded 7 recipes
[19:39:54] [Server thread/INFO]: Loaded 1272 advancements
[19:39:56] [Server thread/INFO]: [Xiao_tu233: Executed 83 command(s) from function 'tpa:options']
[19:40:04] [Server thread/INFO]: [Xiao_tu233: Executed 1 command(s) from function 'tpa:set_game_version']
[19:40:05] [Server thread/INFO]: [Xiao_tu233: Executed 44 command(s) from function 'tpa:initialize']
[19:40:08] [Server thread/INFO]: [Xiao_tu233: Executed 1 command(s) from function 'tpa:set_game_version']
[19:41:57] [Server thread/INFO]: Loaded 7 recipes
[19:41:57] [Server thread/INFO]: Loaded 1272 advancements
[19:42:02] [Server thread/INFO]: [Xiao_tu233: Executed 1 command(s) from function 'tpa:set_game_version']
[19:44:38] [Server thread/INFO]: [Xiao_tu233: Set [tpa.config] for #debug_mode to 1]
[19:44:46] [Server thread/INFO]: [Xiao_tu233: Executed 65 command(s) from function 'tpa:dimension/menu']
[19:45:26] [Server thread/INFO]: Stopping the server
[19:45:26] [Server thread/INFO]: Stopping server
[19:45:26] [Server thread/INFO]: Saving players
[19:45:26] [Server thread/INFO]: Saving worlds
[19:45:26] [Server thread/INFO]: Saving chunks for level 'ServerLevel[Empty Superflat]'/minecraft:overworld
[19:45:27] [Server thread/INFO]: Saving chunks for level 'ServerLevel[Empty Superflat]'/minecraft:the_nether
[19:45:27] [Server thread/INFO]: Saving chunks for level 'ServerLevel[Empty Superflat]'/minecraft:the_end
[19:45:27] [Server thread/INFO]: ThreadedAnvilChunkStorage (world): All chunks are saved
[19:45:27] [Server thread/INFO]: ThreadedAnvilChunkStorage (DIM-1): All chunks are saved
[19:45:27] [Server thread/INFO]: ThreadedAnvilChunkStorage (DIM1): All chunks are saved
[19:45:27] [Server thread/INFO]: ThreadedAnvilChunkStorage: All dimensions are saved
