[16:28:16] [main/INFO]: Loading Minecraft 1.20.1 with Fabric Loader 0.16.10
[16:28:17] [main/INFO]: Loading 45 mods:
	- carpet 1.4.112+v230608
	- fabric-api 0.92.3+1.20.1
	   |-- fabric-api-base 0.4.31+1802ada577
	   |-- fabric-api-lookup-api-v1 1.6.36+1802ada577
	   |-- fabric-biome-api-v1 13.0.13+1802ada577
	   |-- fabric-block-api-v1 1.0.11+1802ada577
	   |-- fabric-block-view-api-v2 1.0.1+1802ada577
	   |-- fabric-blockrenderlayer-v1 1.1.41+1802ada577
	   |-- fabric-client-tags-api-v1 1.1.2+1802ada577
	   |-- fabric-command-api-v1 1.2.34+f71b366f77
	   |-- fabric-command-api-v2 2.2.13+1802ada577
	   |-- fabric-commands-v0 0.2.51+df3654b377
	   |-- fabric-containers-v0 0.1.65+df3654b377
	   |-- fabric-content-registries-v0 4.0.12+1802ada577
	   |-- fabric-convention-tags-v1 1.5.5+1802ada577
	   |-- fabric-crash-report-info-v1 0.2.19+1802ada577
	   |-- fabric-data-attachment-api-v1 1.0.1+de0fd6d177
	   |-- fabric-data-generation-api-v1 12.3.5+1802ada577
	   |-- fabric-dimensions-v1 2.1.54+1802ada577
	   |-- fabric-entity-events-v1 1.6.0+1c78457f77
	   |-- fabric-events-interaction-v0 0.6.3+13a40c6677
	   |-- fabric-events-lifecycle-v0 0.2.63+df3654b377
	   |-- fabric-game-rule-api-v1 1.0.40+1802ada577
	   |-- fabric-item-api-v1 2.1.28+1802ada577
	   |-- fabric-item-group-api-v1 4.0.13+1802ada577
	   |-- fabric-key-binding-api-v1 1.0.37+1802ada577
	   |-- fabric-keybindings-v0 0.2.35+df3654b377
	   |-- fabric-lifecycle-events-v1 2.2.22+1802ada577
	   |-- fabric-loot-api-v2 1.2.2+1802ada577
	   |-- fabric-loot-tables-v1 1.1.46+9e7660c677
	   |-- fabric-message-api-v1 5.1.9+1802ada577
	   |-- fabric-mining-level-api-v1 2.1.51+1802ada577
	   |-- fabric-model-loading-api-v1 1.0.3+1802ada577
	   |-- fabric-models-v0 0.4.2+9386d8a777
	   |-- fabric-networking-api-v1 1.3.12+13a40c6677
	   |-- fabric-networking-v0 0.3.52+df3654b377
	   |-- fabric-object-builder-api-v1 11.1.4+1802ada577
	   |-- fabric-particles-v1 1.1.2+1802ada577
	   |-- fabric-recipe-api-v1 1.0.22+1802ada577
	   |-- fabric-registry-sync-v0 2.3.4+1802ada577
	   |-- fabric-renderer-api-v1 3.2.1+1802ada577
	   |-- fabric-renderer-indigo 1.5.2+85287f9f77
	   |-- fabric-renderer-registries-v1 3.2.46+df3654b377
	   |-- fabric-rendering-data-attachment-v1 0.3.37+92a0d36777
	   |-- fabric-rendering-fluids-v1 3.0.28+1802ada577
	   |-- fabric-rendering-v0 1.1.49+df3654b377
	   |-- fabric-rendering-v1 3.0.8+1802ada577
	   |-- fabric-resource-conditions-api-v1 2.3.8+1802ada577
	   |-- fabric-resource-loader-v0 0.11.11+fb82e9d777
	   |-- fabric-screen-api-v1 2.0.8+1802ada577
	   |-- fabric-screen-handler-api-v1 1.3.31+1802ada577
	   |-- fabric-sound-api-v1 1.0.13+1802ada577
	   |-- fabric-transfer-api-v1 3.3.5+8dd72ea377
	   \-- fabric-transitive-access-wideners-v1 4.3.1+1802ada577
	- fabricloader 0.16.10
	   \-- mixinextras 0.4.1
	- java 21
	- minecraft 1.20.1
[16:28:17] [main/INFO]: SpongePowered MIXIN Subsystem Version=0.8.7 Source=file:/D:/mc%20%e5%b0%8f%e5%b1%a0%e7%8f%8d%e8%97%8fthings/Servers%20%e6%9c%8d%e5%8a%a1%e7%ab%af/1.20.1%20%e6%95%b0%e6%8d%ae%e5%8c%85%e7%bc%96%e8%be%91/libraries/net/fabricmc/sponge-mixin/0.15.4+mixin.0.8.7/sponge-mixin-0.15.4+mixin.0.8.7.jar Service=Knot/Fabric Env=SERVER
[16:28:17] [main/INFO]: Compatibility level set to JAVA_17
[16:28:18] [main/INFO]: Initializing MixinExtras via com.llamalad7.mixinextras.service.MixinExtrasServiceImpl(version=0.4.1).
[16:28:27] [main/WARN]: Method overwrite conflict for getConnection in fabric-networking-api-v1.mixins.json:accessor.ServerPlayNetworkHandlerAccessor from mod fabric-networking-api-v1, previously written by carpet.mixins.ServerGamePacketListenerImpl_coreMixin. Skipping method.
[16:28:30] [main/INFO]: Environment: authHost='https://authserver.mojang.com', accountsHost='https://api.mojang.com', sessionHost='https://sessionserver.mojang.com', servicesHost='https://api.minecraftservices.com', name='PROD'
[16:28:33] [main/INFO]: Loaded 7 recipes
[16:28:33] [main/INFO]: Loaded 1271 advancements
[16:28:34] [main/INFO]: Applied 0 biome modifications to 0 of 64 new biomes in 1.800 ms
[16:28:34] [Server thread/INFO]: Starting minecraft server version 1.20.1
[16:28:34] [Server thread/INFO]: Loading properties
[16:28:34] [Server thread/INFO]: Default game type: SURVIVAL
[16:28:34] [Server thread/INFO]: Generating keypair
[16:28:34] [Server thread/INFO]: Starting Minecraft server on *:25565
[16:28:34] [Server thread/INFO]: Using default channel type
[16:28:34] [Server thread/INFO]: Preparing level "world"
[16:28:34] [Server thread/ERROR]: [CM]: Carpet Mod Setting fakePlayerResident is not a valid rule - ignoring...
[16:28:34] [Server thread/INFO]: [CM] Loaded 1 settings from carpet.conf
[16:28:34] [Server thread/ERROR]: Failed to load random sequence salt
java.util.NoSuchElementException: No value present
	at java.util.Optional.get(Unknown Source) ~[?:?]
	at net.minecraft.class_8565.method_51842(class_8565.java:103) ~[server-intermediary.jar:?]
	at net.minecraft.class_3218.method_52169(class_3218.java:262) ~[server-intermediary.jar:?]
	at net.minecraft.class_26.method_120(class_26.java:71) ~[server-intermediary.jar:?]
	at net.minecraft.class_26.method_20786(class_26.java:58) ~[server-intermediary.jar:?]
	at net.minecraft.class_26.method_17924(class_26.java:42) ~[server-intermediary.jar:?]
	at net.minecraft.class_3218.method_51838(class_3218.java:262) ~[server-intermediary.jar:?]
	at java.util.Objects.requireNonNullElseGet(Unknown Source) ~[?:?]
	at net.minecraft.class_3218.<init>(class_3218.java:262) ~[server-intermediary.jar:?]
	at net.minecraft.server.MinecraftServer.method_3786(MinecraftServer.java:359) ~[server-intermediary.jar:?]
	at net.minecraft.server.MinecraftServer.method_3735(MinecraftServer.java:324) ~[server-intermediary.jar:?]
	at net.minecraft.class_3176.method_3823(class_3176.java:169) ~[server-intermediary.jar:?]
	at net.minecraft.server.MinecraftServer.method_29741(MinecraftServer.java:646) ~[server-intermediary.jar:?]
	at net.minecraft.server.MinecraftServer.method_29739(MinecraftServer.java:265) ~[server-intermediary.jar:?]
	at java.lang.Thread.run(Unknown Source) ~[?:?]
[16:28:34] [Server thread/ERROR]: Failed to load random sequence include_sequence_id
java.util.NoSuchElementException: No value present
	at java.util.Optional.get(Unknown Source) ~[?:?]
	at net.minecraft.class_8565.method_51842(class_8565.java:103) ~[server-intermediary.jar:?]
	at net.minecraft.class_3218.method_52169(class_3218.java:262) ~[server-intermediary.jar:?]
	at net.minecraft.class_26.method_120(class_26.java:71) ~[server-intermediary.jar:?]
	at net.minecraft.class_26.method_20786(class_26.java:58) ~[server-intermediary.jar:?]
	at net.minecraft.class_26.method_17924(class_26.java:42) ~[server-intermediary.jar:?]
	at net.minecraft.class_3218.method_51838(class_3218.java:262) ~[server-intermediary.jar:?]
	at java.util.Objects.requireNonNullElseGet(Unknown Source) ~[?:?]
	at net.minecraft.class_3218.<init>(class_3218.java:262) ~[server-intermediary.jar:?]
	at net.minecraft.server.MinecraftServer.method_3786(MinecraftServer.java:359) ~[server-intermediary.jar:?]
	at net.minecraft.server.MinecraftServer.method_3735(MinecraftServer.java:324) ~[server-intermediary.jar:?]
	at net.minecraft.class_3176.method_3823(class_3176.java:169) ~[server-intermediary.jar:?]
	at net.minecraft.server.MinecraftServer.method_29741(MinecraftServer.java:646) ~[server-intermediary.jar:?]
	at net.minecraft.server.MinecraftServer.method_29739(MinecraftServer.java:265) ~[server-intermediary.jar:?]
	at java.lang.Thread.run(Unknown Source) ~[?:?]
[16:28:34] [Server thread/ERROR]: Failed to load random sequence sequences
java.util.NoSuchElementException: No value present
	at java.util.Optional.get(Unknown Source) ~[?:?]
	at net.minecraft.class_8565.method_51842(class_8565.java:103) ~[server-intermediary.jar:?]
	at net.minecraft.class_3218.method_52169(class_3218.java:262) ~[server-intermediary.jar:?]
	at net.minecraft.class_26.method_120(class_26.java:71) ~[server-intermediary.jar:?]
	at net.minecraft.class_26.method_20786(class_26.java:58) ~[server-intermediary.jar:?]
	at net.minecraft.class_26.method_17924(class_26.java:42) ~[server-intermediary.jar:?]
	at net.minecraft.class_3218.method_51838(class_3218.java:262) ~[server-intermediary.jar:?]
	at java.util.Objects.requireNonNullElseGet(Unknown Source) ~[?:?]
	at net.minecraft.class_3218.<init>(class_3218.java:262) ~[server-intermediary.jar:?]
	at net.minecraft.server.MinecraftServer.method_3786(MinecraftServer.java:359) ~[server-intermediary.jar:?]
	at net.minecraft.server.MinecraftServer.method_3735(MinecraftServer.java:324) ~[server-intermediary.jar:?]
	at net.minecraft.class_3176.method_3823(class_3176.java:169) ~[server-intermediary.jar:?]
	at net.minecraft.server.MinecraftServer.method_29741(MinecraftServer.java:646) ~[server-intermediary.jar:?]
	at net.minecraft.server.MinecraftServer.method_29739(MinecraftServer.java:265) ~[server-intermediary.jar:?]
	at java.lang.Thread.run(Unknown Source) ~[?:?]
[16:28:34] [Server thread/ERROR]: Failed to load random sequence include_world_seed
java.util.NoSuchElementException: No value present
	at java.util.Optional.get(Unknown Source) ~[?:?]
	at net.minecraft.class_8565.method_51842(class_8565.java:103) ~[server-intermediary.jar:?]
	at net.minecraft.class_3218.method_52169(class_3218.java:262) ~[server-intermediary.jar:?]
	at net.minecraft.class_26.method_120(class_26.java:71) ~[server-intermediary.jar:?]
	at net.minecraft.class_26.method_20786(class_26.java:58) ~[server-intermediary.jar:?]
	at net.minecraft.class_26.method_17924(class_26.java:42) ~[server-intermediary.jar:?]
	at net.minecraft.class_3218.method_51838(class_3218.java:262) ~[server-intermediary.jar:?]
	at java.util.Objects.requireNonNullElseGet(Unknown Source) ~[?:?]
	at net.minecraft.class_3218.<init>(class_3218.java:262) ~[server-intermediary.jar:?]
	at net.minecraft.server.MinecraftServer.method_3786(MinecraftServer.java:359) ~[server-intermediary.jar:?]
	at net.minecraft.server.MinecraftServer.method_3735(MinecraftServer.java:324) ~[server-intermediary.jar:?]
	at net.minecraft.class_3176.method_3823(class_3176.java:169) ~[server-intermediary.jar:?]
	at net.minecraft.server.MinecraftServer.method_29741(MinecraftServer.java:646) ~[server-intermediary.jar:?]
	at net.minecraft.server.MinecraftServer.method_29739(MinecraftServer.java:265) ~[server-intermediary.jar:?]
	at java.lang.Thread.run(Unknown Source) ~[?:?]
[16:28:35] [Server thread/INFO]: Preparing start region for dimension minecraft:overworld
[16:28:37] [Worker-Main-2/INFO]: Preparing spawn area: 0%
[16:28:37] [Worker-Main-2/INFO]: Preparing spawn area: 0%
[16:28:37] [Worker-Main-6/INFO]: Preparing spawn area: 0%
[16:28:37] [Worker-Main-2/INFO]: Preparing spawn area: 0%
[16:28:37] [Worker-Main-2/INFO]: Preparing spawn area: 0%
[16:28:37] [Worker-Main-2/INFO]: Preparing spawn area: 0%
[16:28:38] [Worker-Main-6/INFO]: Preparing spawn area: 1%
[16:28:38] [Worker-Main-9/INFO]: Preparing spawn area: 57%
[16:28:38] [Server thread/INFO]: Time elapsed: 3904 ms
[16:28:38] [Server thread/INFO]: Done (4.410s)! For help, type "help"
[16:30:25] [User Authenticator #1/INFO]: UUID of player Xiao_tu233 is c6660e2c-d1b1-4a59-ae42-27c138b26705
[16:30:25] [Server thread/INFO]: Xiao_tu233[/127.0.0.1:65053] logged in with entity id 1 at (6.879452806754108, -56.0, 4.761143084909317)
[16:30:25] [Server thread/INFO]: Xiao_tu233 joined the game
[16:30:28] [Server thread/INFO]: [Xiao_tu233: Triggered [tpa]]
[16:30:29] [Server thread/INFO]: [Xiao_tu233: Triggered [tpa.home] (set value to -1)]
[16:30:33] [Server thread/INFO]: [Xiao_tu233: Triggered [tpa.here]]
[16:30:34] [Server thread/INFO]: Xiao_tu233 lost connection: Disconnected
[16:30:34] [Server thread/INFO]: Xiao_tu233 left the game
[16:35:52] [Server thread/INFO]: Loaded 7 recipes
[16:35:52] [Server thread/INFO]: Loaded 1271 advancements
[16:35:52] [Server thread/INFO]: Executed 69 command(s) from function 'tpa:uninstall'
