[21:54:08] [main/WARN]: Ambiguity between arguments [teleport, location] and [teleport, destination] with inputs: [0.1 -0.5 .9, 0 0 0]
[21:54:08] [main/WARN]: Ambiguity between arguments [teleport, location] and [teleport, targets] with inputs: [0.1 -0.5 .9, 0 0 0]
[21:54:08] [main/WARN]: Ambiguity between arguments [teleport, targets] and [teleport, destination] with inputs: [Player, 0123, dd12be42-52a9-4a91-a8a1-11c01849e498]
[21:54:08] [main/WARN]: Ambiguity between arguments [teleport, targets, location] and [teleport, targets, destination] with inputs: [0.1 -0.5 .9, 0 0 0]
[21:54:08] [Server thread/INFO]: Starting minecraft server version 1.15
[21:54:08] [Server thread/INFO]: Loading properties
[21:54:08] [Server thread/INFO]: Default game type: SURVIVAL
[21:54:08] [Server thread/INFO]: Generating keypair
[21:54:09] [Server thread/INFO]: Starting Minecraft server on *:25565
[21:54:09] [Server thread/INFO]: Using default channel type
[21:54:12] [Server thread/WARN]: **** SERVER IS RUNNING IN OFFLINE/INSECURE MODE!
[21:54:12] [Server thread/WARN]: The server will make no attempt to authenticate usernames. Beware.
[21:54:12] [Server thread/WARN]: While this makes the game possible to play without internet access, it also opens up the ability for hackers to connect with any username they choose.
[21:54:12] [Server thread/WARN]: To change this, set "online-mode" to "true" in the server.properties file.
[21:54:12] [Server thread/INFO]: Preparing level "world"
[21:54:13] [Server thread/WARN]: Missing data pack file/TPA_datapack-2.0.5+mc1.15
[21:54:13] [Server thread/INFO]: Found new data pack file/TPA_datapack-2.0.5-light+mc1.13, loading it automatically
[21:54:13] [Server thread/INFO]: Reloading ResourceManager: Default, TPA_datapack-2.0.5-light+mc1.13
[21:54:17] [Server thread/INFO]: Loaded 6 recipes
[21:54:18] [Server-Worker-4/ERROR]: Couldn't load function at tpa:functions/list_online.mcfunction
java.util.concurrent.CompletionException: java.lang.IllegalArgumentException: Whilst parsing command on line 10: Objective names cannot be longer than 16 characters
	at java.util.concurrent.CompletableFuture.encodeThrowable(Unknown Source) [?:?]
	at java.util.concurrent.CompletableFuture.completeThrowable(Unknown Source) [?:?]
	at java.util.concurrent.CompletableFuture$UniApply.tryFire(Unknown Source) [?:?]
	at java.util.concurrent.CompletableFuture$Completion.exec(Unknown Source) [?:?]
	at java.util.concurrent.ForkJoinTask.doExec(Unknown Source) [?:?]
	at java.util.concurrent.ForkJoinPool$WorkQueue.topLevelExec(Unknown Source) [?:?]
	at java.util.concurrent.ForkJoinPool.scan(Unknown Source) [?:?]
	at java.util.concurrent.ForkJoinPool.runWorker(Unknown Source) [?:?]
	at java.util.concurrent.ForkJoinWorkerThread.run(Unknown Source) [?:?]
Caused by: java.lang.IllegalArgumentException: Whilst parsing command on line 10: Objective names cannot be longer than 16 characters
	at cn.a(SourceFile:61) ~[1.15.jar:?]
	at sy.a(SourceFile:155) ~[1.15.jar:?]
	... 7 more
[21:54:18] [Server-Worker-4/ERROR]: Couldn't load function at tpa:functions/remove_offline.mcfunction
java.util.concurrent.CompletionException: java.lang.IllegalArgumentException: Whilst parsing command on line 6: Objective names cannot be longer than 16 characters
	at java.util.concurrent.CompletableFuture.encodeThrowable(Unknown Source) [?:?]
	at java.util.concurrent.CompletableFuture.completeThrowable(Unknown Source) [?:?]
	at java.util.concurrent.CompletableFuture$UniApply.tryFire(Unknown Source) [?:?]
	at java.util.concurrent.CompletableFuture$Completion.exec(Unknown Source) [?:?]
	at java.util.concurrent.ForkJoinTask.doExec(Unknown Source) [?:?]
	at java.util.concurrent.ForkJoinPool$WorkQueue.topLevelExec(Unknown Source) [?:?]
	at java.util.concurrent.ForkJoinPool.scan(Unknown Source) [?:?]
	at java.util.concurrent.ForkJoinPool.runWorker(Unknown Source) [?:?]
	at java.util.concurrent.ForkJoinWorkerThread.run(Unknown Source) [?:?]
Caused by: java.lang.IllegalArgumentException: Whilst parsing command on line 6: Objective names cannot be longer than 16 characters
	at cn.a(SourceFile:61) ~[1.15.jar:?]
	at sy.a(SourceFile:155) ~[1.15.jar:?]
	... 7 more
[21:54:18] [Server thread/INFO]: Loaded 12 custom command functions
[21:54:18] [Server thread/INFO]: Loaded 825 advancements
[21:54:18] [Server thread/INFO]: Preparing start region for dimension minecraft:overworld
[21:54:21] [Server thread/INFO]: Preparing spawn area: 0%
[21:54:21] [Server thread/INFO]: Preparing spawn area: 0%
[21:54:21] [Server thread/INFO]: Preparing spawn area: 0%
[21:54:21] [Server thread/INFO]: Preparing spawn area: 0%
[21:54:21] [Server thread/INFO]: Preparing spawn area: 0%
[21:54:21] [Server thread/INFO]: Preparing spawn area: 0%
[21:54:22] [Server thread/INFO]: Preparing spawn area: 0%
[21:54:22] [Server thread/INFO]: Time elapsed: 3596 ms
[21:54:22] [Server thread/INFO]: Done (10.421s)! For help, type "help"
[21:55:20] [Server thread/INFO]: Xiao_tu2333[/127.0.0.1:55613] logged in with entity id 1 at (1.6236003909013244, 4.0, 0.4082208010467985)
[21:55:20] [Server thread/INFO]: Xiao_tu2333 joined the game
[21:55:21] [Server thread/INFO]: Xiao_tu233[/127.0.0.1:55623] logged in with entity id 2 at (0.25954770864138, 5.0, -1.9516324148076272)
[21:55:21] [Server thread/INFO]: Xiao_tu233 joined the game
[21:55:27] [Server thread/INFO]: [Xiao_tu233: Triggered [tpa]]
[21:55:30] [Server thread/INFO]: [Xiao_tu233: Triggered [tpa.tpa] (set value to 2)]
[21:57:04] [Server thread/INFO]: [Xiao_tu233: Set [tpa] for #tp_to to 2]
[21:57:09] [Server thread/INFO]: <Xiao_tu2333> scoreboard players set #condition tpa 0
[21:57:12] [Server thread/INFO]: [Xiao_tu233: Set [tpa] for #condition to 0]
[21:57:48] [Server thread/INFO]: [Xiao_tu233: Added tag 'to_modify' to Xiao_tu233]
[21:57:59] [Server thread/FATAL]: Error executing task on Server
java.lang.IllegalArgumentException: No such argument 'targets' exists on this command
	at com.mojang.brigadier.context.CommandContext.getArgument(CommandContext.java:85) ~[1.15.jar:?]
	at cy.c(SourceFile:69) ~[1.15.jar:?]
	at cy.b(SourceFile:61) ~[1.15.jar:?]
	at vk.a(SourceFile:45) ~[1.15.jar:?]
	at com.mojang.brigadier.tree.ArgumentCommandNode.listSuggestions(ArgumentCommandNode.java:71) ~[1.15.jar:?]
	at com.mojang.brigadier.CommandDispatcher.getCompletionSuggestions(CommandDispatcher.java:596) ~[1.15.jar:?]
	at com.mojang.brigadier.CommandDispatcher.getCompletionSuggestions(CommandDispatcher.java:579) ~[1.15.jar:?]
	at xv.a(SourceFile:439) ~[1.15.jar:?]
	at ps.a(SourceFile:35) ~[1.15.jar:?]
	at ps.a(SourceFile:9) ~[1.15.jar:?]
	at lv.a(SourceFile:21) ~[1.15.jar:?]
	at tb.run(SourceFile:18) ~[1.15.jar:?]
	at aip.h(SourceFile:144) [1.15.jar:?]
	at ait.h(SourceFile:23) [1.15.jar:?]
	at aip.v(SourceFile:118) [1.15.jar:?]
	at net.minecraft.server.MinecraftServer.aZ(SourceFile:724) [1.15.jar:?]
	at net.minecraft.server.MinecraftServer.v(SourceFile:718) [1.15.jar:?]
	at aip.c(SourceFile:127) [1.15.jar:?]
	at net.minecraft.server.MinecraftServer.u(SourceFile:703) [1.15.jar:?]
	at net.minecraft.server.MinecraftServer.run(SourceFile:658) [1.15.jar:?]
	at java.lang.Thread.run(Unknown Source) [?:?]
[21:58:09] [Server thread/INFO]: [Xiao_tu233: Set [tpa] for #is_recver_found to 0]
[21:58:15] [Server thread/INFO]: [Xiao_tu233: Added tag 'not_match' to Xiao_tu233]
[21:58:18] [Server thread/FATAL]: Error executing task on Server
java.lang.IllegalArgumentException: No such argument 'targets' exists on this command
	at com.mojang.brigadier.context.CommandContext.getArgument(CommandContext.java:85) ~[1.15.jar:?]
	at cy.c(SourceFile:69) ~[1.15.jar:?]
	at cy.b(SourceFile:61) ~[1.15.jar:?]
	at vk.a(SourceFile:45) ~[1.15.jar:?]
	at com.mojang.brigadier.tree.ArgumentCommandNode.listSuggestions(ArgumentCommandNode.java:71) ~[1.15.jar:?]
	at com.mojang.brigadier.CommandDispatcher.getCompletionSuggestions(CommandDispatcher.java:596) ~[1.15.jar:?]
	at com.mojang.brigadier.CommandDispatcher.getCompletionSuggestions(CommandDispatcher.java:579) ~[1.15.jar:?]
	at xv.a(SourceFile:439) ~[1.15.jar:?]
	at ps.a(SourceFile:35) ~[1.15.jar:?]
	at ps.a(SourceFile:9) ~[1.15.jar:?]
	at lv.a(SourceFile:21) ~[1.15.jar:?]
	at tb.run(SourceFile:18) ~[1.15.jar:?]
	at aip.h(SourceFile:144) [1.15.jar:?]
	at ait.h(SourceFile:23) [1.15.jar:?]
	at aip.v(SourceFile:118) [1.15.jar:?]
	at net.minecraft.server.MinecraftServer.aZ(SourceFile:724) [1.15.jar:?]
	at net.minecraft.server.MinecraftServer.v(SourceFile:718) [1.15.jar:?]
	at aip.c(SourceFile:127) [1.15.jar:?]
	at net.minecraft.server.MinecraftServer.u(SourceFile:703) [1.15.jar:?]
	at net.minecraft.server.MinecraftServer.run(SourceFile:658) [1.15.jar:?]
	at java.lang.Thread.run(Unknown Source) [?:?]
[21:58:18] [Server thread/INFO]: [Xiao_tu233: Removed tag 'to_modify' from 2 entities]
[21:58:20] [Server thread/INFO]: [Xiao_tu233: Executed 5 commands from function 'tpa:recver_loop']
[21:58:23] [Server thread/INFO]: [Xiao_tu233: Reloading!]
[21:58:23] [Server thread/INFO]: Reloading ResourceManager: Default, TPA_datapack-2.0.5-light+mc1.13
[21:58:24] [Server thread/INFO]: Loaded 6 recipes
[21:58:24] [Server-Worker-5/ERROR]: Couldn't load function at tpa:functions/list_online.mcfunction
java.util.concurrent.CompletionException: java.lang.IllegalArgumentException: Whilst parsing command on line 10: Objective names cannot be longer than 16 characters
	at java.util.concurrent.CompletableFuture.encodeThrowable(Unknown Source) [?:?]
	at java.util.concurrent.CompletableFuture.completeThrowable(Unknown Source) [?:?]
	at java.util.concurrent.CompletableFuture$UniApply.tryFire(Unknown Source) [?:?]
	at java.util.concurrent.CompletableFuture$Completion.exec(Unknown Source) [?:?]
	at java.util.concurrent.ForkJoinTask.doExec(Unknown Source) [?:?]
	at java.util.concurrent.ForkJoinPool$WorkQueue.topLevelExec(Unknown Source) [?:?]
	at java.util.concurrent.ForkJoinPool.scan(Unknown Source) [?:?]
	at java.util.concurrent.ForkJoinPool.runWorker(Unknown Source) [?:?]
	at java.util.concurrent.ForkJoinWorkerThread.run(Unknown Source) [?:?]
Caused by: java.lang.IllegalArgumentException: Whilst parsing command on line 10: Objective names cannot be longer than 16 characters
	at cn.a(SourceFile:61) ~[1.15.jar:?]
	at sy.a(SourceFile:155) ~[1.15.jar:?]
	... 7 more
[21:58:24] [Server-Worker-5/ERROR]: Couldn't load function at tpa:functions/remove_offline.mcfunction
java.util.concurrent.CompletionException: java.lang.IllegalArgumentException: Whilst parsing command on line 6: Objective names cannot be longer than 16 characters
	at java.util.concurrent.CompletableFuture.encodeThrowable(Unknown Source) [?:?]
	at java.util.concurrent.CompletableFuture.completeThrowable(Unknown Source) [?:?]
	at java.util.concurrent.CompletableFuture$UniApply.tryFire(Unknown Source) [?:?]
	at java.util.concurrent.CompletableFuture$Completion.exec(Unknown Source) [?:?]
	at java.util.concurrent.ForkJoinTask.doExec(Unknown Source) [?:?]
	at java.util.concurrent.ForkJoinPool$WorkQueue.topLevelExec(Unknown Source) [?:?]
	at java.util.concurrent.ForkJoinPool.scan(Unknown Source) [?:?]
	at java.util.concurrent.ForkJoinPool.runWorker(Unknown Source) [?:?]
	at java.util.concurrent.ForkJoinWorkerThread.run(Unknown Source) [?:?]
Caused by: java.lang.IllegalArgumentException: Whilst parsing command on line 6: Objective names cannot be longer than 16 characters
	at cn.a(SourceFile:61) ~[1.15.jar:?]
	at sy.a(SourceFile:155) ~[1.15.jar:?]
	... 7 more
[21:58:25] [Server thread/INFO]: Loaded 12 custom command functions
[21:58:25] [Server thread/INFO]: Loaded 825 advancements
[21:58:26] [Server thread/INFO]: [Xiao_tu233: Triggered [tpa]]
[21:58:28] [Server thread/INFO]: [Xiao_tu233: Triggered [tpa.tpa] (set value to 2)]
[21:58:43] [Server thread/INFO]: [Xiao_tu233: Set [tpa] for #is_recver_found to 0]
[21:58:55] [Server thread/INFO]: [Xiao_tu233: Added tag 'to_modify' to Xiao_tu233]
[21:58:58] [Server thread/INFO]: [Xiao_tu233: Reloading!]
[21:58:58] [Server thread/INFO]: Reloading ResourceManager: Default, TPA_datapack-2.0.5-light+mc1.13
[21:58:59] [Server thread/INFO]: Loaded 6 recipes
[21:58:59] [Server-Worker-1/ERROR]: Couldn't load function at tpa:functions/list_online.mcfunction
java.util.concurrent.CompletionException: java.lang.IllegalArgumentException: Whilst parsing command on line 10: Objective names cannot be longer than 16 characters
	at java.util.concurrent.CompletableFuture.encodeThrowable(Unknown Source) [?:?]
	at java.util.concurrent.CompletableFuture.completeThrowable(Unknown Source) [?:?]
	at java.util.concurrent.CompletableFuture$UniApply.tryFire(Unknown Source) [?:?]
	at java.util.concurrent.CompletableFuture$Completion.exec(Unknown Source) [?:?]
	at java.util.concurrent.ForkJoinTask.doExec(Unknown Source) [?:?]
	at java.util.concurrent.ForkJoinPool$WorkQueue.topLevelExec(Unknown Source) [?:?]
	at java.util.concurrent.ForkJoinPool.scan(Unknown Source) [?:?]
	at java.util.concurrent.ForkJoinPool.runWorker(Unknown Source) [?:?]
	at java.util.concurrent.ForkJoinWorkerThread.run(Unknown Source) [?:?]
Caused by: java.lang.IllegalArgumentException: Whilst parsing command on line 10: Objective names cannot be longer than 16 characters
	at cn.a(SourceFile:61) ~[1.15.jar:?]
	at sy.a(SourceFile:155) ~[1.15.jar:?]
	... 7 more
[21:58:59] [Server-Worker-1/ERROR]: Couldn't load function at tpa:functions/remove_offline.mcfunction
java.util.concurrent.CompletionException: java.lang.IllegalArgumentException: Whilst parsing command on line 6: Objective names cannot be longer than 16 characters
	at java.util.concurrent.CompletableFuture.encodeThrowable(Unknown Source) [?:?]
	at java.util.concurrent.CompletableFuture.completeThrowable(Unknown Source) [?:?]
	at java.util.concurrent.CompletableFuture$UniApply.tryFire(Unknown Source) [?:?]
	at java.util.concurrent.CompletableFuture$Completion.exec(Unknown Source) [?:?]
	at java.util.concurrent.ForkJoinTask.doExec(Unknown Source) [?:?]
	at java.util.concurrent.ForkJoinPool$WorkQueue.topLevelExec(Unknown Source) [?:?]
	at java.util.concurrent.ForkJoinPool.scan(Unknown Source) [?:?]
	at java.util.concurrent.ForkJoinPool.runWorker(Unknown Source) [?:?]
	at java.util.concurrent.ForkJoinWorkerThread.run(Unknown Source) [?:?]
Caused by: java.lang.IllegalArgumentException: Whilst parsing command on line 6: Objective names cannot be longer than 16 characters
	at cn.a(SourceFile:61) ~[1.15.jar:?]
	at sy.a(SourceFile:155) ~[1.15.jar:?]
	... 7 more
[21:58:59] [Server thread/INFO]: Loaded 12 custom command functions
[21:58:59] [Server thread/INFO]: Loaded 825 advancements
[21:59:09] [Server thread/INFO]: [Xiao_tu233: Triggered [tpa]]
[21:59:11] [Server thread/INFO]: [Xiao_tu233: Triggered [tpa.tpa] (set value to 2)]
