[12:53:44] [ServerMain/INFO]: Environment: Environment[sessionHost=https://sessionserver.mojang.com, servicesHost=https://api.minecraftservices.com, name=PROD]
[12:53:50] [ServerMain/INFO]: Loaded 1407 recipes
[12:53:50] [ServerMain/INFO]: Loaded 1521 advancements
[12:53:51] [Server thread/INFO]: Starting minecraft server version 1.21.6
[12:53:51] [Server thread/INFO]: Loading properties
[12:53:51] [Server thread/INFO]: Default game type: SURVIVAL
[12:53:51] [Server thread/INFO]: Generating keypair
[12:53:51] [Server thread/INFO]: Starting Minecraft server on *:25565
[12:53:51] [Server thread/INFO]: Using default channel type
[12:53:51] [Server thread/INFO]: Preparing level "world"
[12:53:52] [Server thread/INFO]: Preparing start region for dimension minecraft:overworld
[12:53:52] [Worker-Main-3/INFO]: Preparing spawn area: 0%
[12:53:52] [Worker-Main-3/INFO]: Preparing spawn area: 0%
[12:53:53] [Server thread/INFO]: Time elapsed: 847 ms
[12:53:53] [Server thread/INFO]: Done (1.476s)! For help, type "help"
[12:53:54] [Server thread/WARN]: UUID of added entity already exists: can['Marker'/9, l='ServerLevel[Superflat on 1.21]', x=-29999999.50, y=0.00, z=1600.50]
[12:53:54] [Server thread/WARN]: UUID of added entity already exists: g['Item Display'/10, l='ServerLevel[Superflat on 1.21]', x=-29999999.50, y=0.00, z=1600.50]
[12:53:59] [User Authenticator #1/INFO]: UUID of player Xiao_tu233 is c6660e2c-d1b1-4a59-ae42-27c138b26705
[12:54:01] [Server thread/INFO]: Xiao_tu233[/127.0.0.1:50655] logged in with entity id 11 at (-2.972783674664643, 1.0, 4.132151920798397)
[12:54:01] [Server thread/INFO]: Xiao_tu233 joined the game
[12:54:11] [Server thread/INFO]: [Xiao_tu233: Set [tpa.config] for #time_out to 600000]
[12:54:17] [Server thread/INFO]: [Xiao_tu233: Set [tpa.config] for #time_out to 6000]
[12:55:01] [Server thread/INFO]: [Xiao_tu233: Running function tpa:uninstall]
[12:55:03] [Server thread/INFO]: Loaded 1407 recipes
[12:55:03] [Server thread/INFO]: Loaded 1520 advancements
[12:55:04] [Server thread/WARN]: Can't keep up! Is the server overloaded? Running 2187ms or 43 ticks behind
[12:55:10] [Server thread/INFO]: [Xiao_tu233: Enabling data pack [file/TPA_datapack-2.0.6+mc1.20.2 (world)]]
[12:55:12] [Server thread/INFO]: Loaded 1407 recipes
[12:55:12] [Server thread/INFO]: Loaded 1521 advancements
[12:55:14] [Server thread/INFO]: [Xiao_tu233: Running function tpa:options]
[12:56:14] [Server thread/INFO]: [Xiao_tu233: Running function tpa:option_lang_menu]
[12:56:24] [Server thread/INFO]: [Xiao_tu233: Running function tpa:option_lang_menu]
[12:56:25] [Server thread/INFO]: [Xiao_tu233: Set [tpa.config] for #language to 1]
[12:56:33] [Server thread/INFO]: [Xiao_tu233: Set [tpa.config] for #player_lang to 1]
[12:56:39] [Server thread/INFO]: [Xiao_tu233: Triggered [tpa.language] (set value to -1)]
[12:56:40] [Server thread/INFO]: [Xiao_tu233: Triggered [tpa.language] (set value to 1)]
[15:02:58] [Server thread/INFO]: [Xiao_tu233: Triggered [tpa.dialog]]
[15:02:59] [Server thread/INFO]: [Xiao_tu233: Triggered [tpa.home] (set value to -1)]
[15:03:08] [Server thread/INFO]: [Xiao_tu233: Triggered [tpa.warp] (set value to -1)]
[15:07:44] [Server thread/INFO]: [Xiao_tu233: Triggered [tpa.dialog]]
[15:07:46] [Server thread/INFO]: [Xiao_tu233: Triggered [tpa.dialog]]
[15:27:26] [Server thread/INFO]: Stopping the server
[15:27:26] [Server thread/INFO]: Stopping server
[15:27:26] [Server thread/INFO]: Saving players
[15:27:26] [Server thread/INFO]: Xiao_tu233 lost connection: Server closed
[15:27:26] [Server thread/INFO]: Xiao_tu233 left the game
[15:27:26] [Server thread/INFO]: Saving worlds
[15:27:26] [Server thread/INFO]: Saving chunks for level 'ServerLevel[Superflat on 1.21]'/minecraft:overworld
[15:27:26] [Server thread/INFO]: Saving chunks for level 'ServerLevel[Superflat on 1.21]'/minecraft:the_nether
[15:27:26] [Server thread/INFO]: Saving chunks for level 'ServerLevel[Superflat on 1.21]'/minecraft:the_end
[15:27:26] [Server thread/INFO]: ThreadedAnvilChunkStorage (world): All chunks are saved
[15:27:26] [Server thread/INFO]: ThreadedAnvilChunkStorage (DIM-1): All chunks are saved
[15:27:26] [Server thread/INFO]: ThreadedAnvilChunkStorage (DIM1): All chunks are saved
[15:27:26] [Server thread/INFO]: ThreadedAnvilChunkStorage: All dimensions are saved
