[20:22:46] [main/INFO]: Loading Minecraft 1.21 with Fabric Loader 0.16.7
[20:22:46] [ForkJoinPool-1-worker-5/WARN]: Mod gca uses the version mc1.21-2.9.0+build.52 which isn't compatible with Loader's extended semantic version format (Could not parse version number component 'mc1'!), SemVer is recommended for reliably evaluating dependencies and prioritizing newer version
[20:22:47] [main/INFO]: Loading 46 mods:
	- carpet 1.4.147+v240613
	- carpet-tis-addition 1.60.1
	   \-- conditional-mixin 0.6.2
	- fabric-api 0.100.6+1.21
	   |-- fabric-api-base 0.4.42+6573ed8cd1
	   |-- fabric-api-lookup-api-v1 1.6.67+b5597344d1
	   |-- fabric-biome-api-v1 13.0.28+6fc22b99d1
	   |-- fabric-block-api-v1 1.0.22+0af3f5a7d1
	   |-- fabric-block-view-api-v2 1.0.10+6573ed8cd1
	   |-- fabric-blockrenderlayer-v1 1.1.52+0af3f5a7d1
	   |-- fabric-client-tags-api-v1 1.1.15+6573ed8cd1
	   |-- fabric-command-api-v1 1.2.49+f71b366fd1
	   |-- fabric-command-api-v2 2.2.28+6ced4dd9d1
	   |-- fabric-commands-v0 0.2.66+df3654b3d1
	   |-- fabric-content-registries-v0 8.0.14+b5597344d1
	   |-- fabric-convention-tags-v1 2.0.17+7f945d5bd1
	   |-- fabric-convention-tags-v2 2.4.1+86024ea6d1
	   |-- fabric-crash-report-info-v1 0.2.29+0af3f5a7d1
	   |-- fabric-data-attachment-api-v1 1.1.24+6a6dfa19d1
	   |-- fabric-data-generation-api-v1 20.2.11+16c4ae25d1
	   |-- fabric-dimensions-v1 4.0.0+6fc22b99d1
	   |-- fabric-entity-events-v1 1.6.12+6fc22b99d1
	   |-- fabric-events-interaction-v0 0.7.10+e633f883d1
	   |-- fabric-game-rule-api-v1 1.0.53+6ced4dd9d1
	   |-- fabric-item-api-v1 11.0.0+afdfc921d1
	   |-- fabric-item-group-api-v1 4.1.2+78017270d1
	   |-- fabric-key-binding-api-v1 1.0.47+0af3f5a7d1
	   |-- fabric-keybindings-v0 0.2.45+df3654b3d1
	   |-- fabric-lifecycle-events-v1 2.3.11+8f3583aed1
	   |-- fabric-loot-api-v2 3.0.12+3f89f5a5d1
	   |-- fabric-loot-api-v3 1.0.0+3f89f5a5d1
	   |-- fabric-message-api-v1 6.0.13+6573ed8cd1
	   |-- fabric-model-loading-api-v1 2.0.0+fe474d6bd1
	   |-- fabric-networking-api-v1 4.2.0+ab7edbacd1
	   |-- fabric-object-builder-api-v1 15.1.12+d1321076d1
	   |-- fabric-particles-v1 4.0.2+6573ed8cd1
	   |-- fabric-recipe-api-v1 5.0.10+65089712d1
	   |-- fabric-registry-sync-v0 5.0.24+6ced4dd9d1
	   |-- fabric-renderer-api-v1 3.3.0+0ae0b97dd1
	   |-- fabric-renderer-indigo 1.6.5+48fb1586d1
	   |-- fabric-renderer-registries-v1 3.2.67+df3654b3d1
	   |-- fabric-rendering-data-attachment-v1 0.3.48+73761d2ed1
	   |-- fabric-rendering-fluids-v1 3.1.6+b5597344d1
	   |-- fabric-rendering-v0 1.1.70+df3654b3d1
	   |-- fabric-rendering-v1 5.0.4+5a8c785ed1
	   |-- fabric-resource-conditions-api-v1 4.2.1+d153f344d1
	   |-- fabric-resource-loader-v0 1.1.5+78017270d1
	   |-- fabric-screen-api-v1 2.0.24+b5597344d1
	   |-- fabric-screen-handler-api-v1 1.3.81+b5597344d1
	   |-- fabric-sound-api-v1 1.0.23+6573ed8cd1
	   |-- fabric-transfer-api-v1 5.1.15+3dccd343d1
	   \-- fabric-transitive-access-wideners-v1 6.0.12+6573ed8cd1
	- fabricloader 0.16.7
	   \-- mixinextras 0.4.1
	- gca mc1.21-2.9.0+build.52
	- java 21
	- minecraft 1.21
	- servux 0.2.0
[20:22:47] [main/INFO]: SpongePowered MIXIN Subsystem Version=0.8.7 Source=file:/D:/mc%20%e5%b0%8f%e5%b1%a0%e7%8f%8d%e8%97%8fthings/Servers%20%e6%9c%8d%e5%8a%a1%e7%ab%af/1.21%20%e6%95%b0%e6%8d%ae%e5%8c%85%e7%bc%96%e8%be%91/libraries/net/fabricmc/sponge-mixin/0.15.3+mixin.0.8.7/sponge-mixin-0.15.3+mixin.0.8.7.jar Service=Knot/Fabric Env=SERVER
[20:22:47] [main/INFO]: Compatibility level set to JAVA_17
[20:22:47] [main/INFO]: Compatibility level set to JAVA_21
[20:22:49] [main/INFO]: Initializing MixinExtras via com.llamalad7.mixinextras.service.MixinExtrasServiceImpl(version=0.4.1).
[20:23:05] [TISCM Mapping/INFO]: Yarn mapping file yarn-1.21+build.9-v2.tiny loaded
[20:23:06] [main/INFO]: Environment: Environment[sessionHost=https://sessionserver.mojang.com, servicesHost=https://api.minecraftservices.com, name=PROD]
[20:23:10] [main/INFO]: Loaded 1290 recipes
[20:23:11] [main/INFO]: Loaded 1400 advancements
[20:23:12] [main/INFO]: Applied 0 biome modifications to 0 of 64 new biomes in 5.818 ms
[20:23:12] [Server thread/INFO]: Starting minecraft server version 1.21
[20:23:12] [Server thread/INFO]: Loading properties
[20:23:12] [Server thread/INFO]: Default game type: SURVIVAL
[20:23:13] [Server thread/INFO]: Generating keypair
[20:23:13] [Server thread/INFO]: Starting Minecraft server on *:25568
[20:23:13] [Server thread/INFO]: Using default channel type
[20:23:13] [Server thread/INFO]: Preparing level "world"
[20:23:14] [Server thread/INFO]: [CM] Loaded 5 settings from carpet.conf
[20:23:15] [Server thread/INFO]: Preparing start region for dimension minecraft:overworld
[20:23:15] [Worker-Main-11/INFO]: Preparing spawn area: 0%
[20:23:15] [Worker-Main-11/INFO]: Preparing spawn area: 0%
[20:23:16] [Server thread/INFO]: Time elapsed: 1158 ms
[20:23:16] [Server thread/INFO]: Done (2.281s)! For help, type "help"
[20:23:17] [Server thread/WARN]: UUID of added entity already exists: class_6335['Marker'/8, l='ServerLevel[Superflat on 1.21]', x=-29999999.50, y=0.00, z=1600.50]
[20:44:39] [Server thread/INFO]: Stopping the server
[20:44:39] [Server thread/INFO]: Stopping server
[20:44:39] [Server thread/INFO]: Saving players
[20:44:39] [Server thread/INFO]: Saving worlds
[20:44:39] [Server thread/INFO]: Saving chunks for level 'ServerLevel[Superflat on 1.21]'/minecraft:overworld
[20:44:39] [Server thread/INFO]: Saving chunks for level 'ServerLevel[Superflat on 1.21]'/minecraft:the_nether
[20:44:39] [Server thread/INFO]: Saving chunks for level 'ServerLevel[Superflat on 1.21]'/minecraft:the_end
[20:44:39] [Server thread/INFO]: ThreadedAnvilChunkStorage (world): All chunks are saved
[20:44:39] [Server thread/INFO]: ThreadedAnvilChunkStorage (DIM-1): All chunks are saved
[20:44:39] [Server thread/INFO]: ThreadedAnvilChunkStorage (DIM1): All chunks are saved
[20:44:39] [Server thread/INFO]: ThreadedAnvilChunkStorage: All dimensions are saved
