#
# There is insufficient memory for the Java Runtime Environment to continue.
# Native memory allocation (malloc) failed to allocate 948336 bytes for Chunk::new
# Possible reasons:
#   The system is out of physical RAM or swap space
#   The process is running with CompressedOops enabled, and the Java Heap may be blocking the growth of the native heap
# Possible solutions:
#   Reduce memory load on the system
#   Increase physical memory or swap space
#   Check if swap backing store is full
#   Decrease Java heap size (-Xmx/-Xms)
#   Decrease number of Java threads
#   Decrease Java thread stack sizes (-Xss)
#   Set larger code cache with -XX:ReservedCodeCacheSize=
#   JVM is running with Zero Based Compressed Oops mode in which the Java heap is
#     placed in the first 32GB address space. The Java Heap base address is the
#     maximum limit for the native heap growth. Please use -XX:HeapBaseMinAddress
#     to set the Java Heap base and to place the Java Heap above 32GB virtual address.
# This output file may be truncated or incomplete.
#
#  Out of Memory Error (arena.cpp:168), pid=14432, tid=3424
#
# JRE version: OpenJDK Runtime Environment Zulu21.30+15-CA (21.0.1+12) (build 21.0.1+12-LTS)
# Java VM: OpenJDK 64-Bit Server VM Zulu21.30+15-CA (21.0.1+12-LTS, mixed mode, sharing, tiered, compressed oops, compressed class ptrs, g1 gc, windows-amd64)
# No core dump will be written. Minidumps are not enabled by default on client versions of Windows
#

---------------  S U M M A R Y ------------

Command Line: fabric-server-launch.jar nogui

Host: AMD Ryzen 5 4600U with Radeon Graphics         , 12 cores, 15G,  Windows 10 , 64 bit Build 19041 (10.0.19041.5198)
Time: Tue Jan 14 19:48:13 2025  Windows 10 , 64 bit Build 19041 (10.0.19041.5198) elapsed time: 2.713005 seconds (0d 0h 0m 2s)

---------------  T H R E A D  ---------------

Current thread (0x00000210ee24c5c0):  JavaThread "C2 CompilerThread2" daemon [_thread_in_native, id=3424, stack(0x0000004ad1f00000,0x0000004ad2000000) (1024K)]


Current CompileTask:
C2:   2713 1910 % !   4       java.util.jar.Attributes::read @ 12 (494 bytes)

Stack: [0x0000004ad1f00000,0x0000004ad2000000]
Native frames: (J=compiled Java code, j=interpreted, Vv=VM code, C=native code)
V  [jvm.dll+0x6cea19]
V  [jvm.dll+0x8a9ef1]
V  [jvm.dll+0x8ac1ce]
V  [jvm.dll+0x8ac8b3]
V  [jvm.dll+0x283e46]
V  [jvm.dll+0xc5a4d]
V  [jvm.dll+0xc5f63]
V  [jvm.dll+0x3b9092]
V  [jvm.dll+0x385e55]
V  [jvm.dll+0x3852ca]
V  [jvm.dll+0x24c380]
V  [jvm.dll+0x24b961]
V  [jvm.dll+0x1cbe11]
V  [jvm.dll+0x25b089]
V  [jvm.dll+0x25966a]
V  [jvm.dll+0x3f2bd6]
V  [jvm.dll+0x8526e8]
V  [jvm.dll+0x6cd16d]
C  [ucrtbase.dll+0x21bb2]
C  [KERNEL32.DLL+0x17374]
C  [ntdll.dll+0x4cc91]


---------------  P R O C E S S  ---------------

Threads class SMR info:
_java_thread_list=0x00000210f46e3d30, length=13, elements={
0x00000210cf3047c0, 0x00000210ee7b92c0, 0x00000210ee7b9d20, 0x00000210ee7be790,
0x00000210ee7c3210, 0x00000210ee7c5f00, 0x00000210ee7c6f70, 0x00000210ee247f80,
0x00000210ee24e100, 0x00000210ee90ed30, 0x00000210ee9125a0, 0x00000210ee24bef0,
0x00000210ee24c5c0
}

Java Threads: ( => current thread )
  0x00000210cf3047c0 JavaThread "main"                              [_thread_in_vm, id=11676, stack(0x0000004ad0c00000,0x0000004ad0d00000) (1024K)]
  0x00000210ee7b92c0 JavaThread "Reference Handler"          daemon [_thread_blocked, id=14304, stack(0x0000004ad1400000,0x0000004ad1500000) (1024K)]
  0x00000210ee7b9d20 JavaThread "Finalizer"                  daemon [_thread_blocked, id=15272, stack(0x0000004ad1500000,0x0000004ad1600000) (1024K)]
  0x00000210ee7be790 JavaThread "Signal Dispatcher"          daemon [_thread_blocked, id=16640, stack(0x0000004ad1600000,0x0000004ad1700000) (1024K)]
  0x00000210ee7c3210 JavaThread "Attach Listener"            daemon [_thread_blocked, id=2452, stack(0x0000004ad1700000,0x0000004ad1800000) (1024K)]
  0x00000210ee7c5f00 JavaThread "Service Thread"             daemon [_thread_blocked, id=16672, stack(0x0000004ad1800000,0x0000004ad1900000) (1024K)]
  0x00000210ee7c6f70 JavaThread "Monitor Deflation Thread"   daemon [_thread_blocked, id=13504, stack(0x0000004ad1900000,0x0000004ad1a00000) (1024K)]
  0x00000210ee247f80 JavaThread "C2 CompilerThread0"         daemon [_thread_in_native, id=1692, stack(0x0000004ad1a00000,0x0000004ad1b00000) (1024K)]
  0x00000210ee24e100 JavaThread "C1 CompilerThread0"         daemon [_thread_blocked, id=1596, stack(0x0000004ad1b00000,0x0000004ad1c00000) (1024K)]
  0x00000210ee90ed30 JavaThread "Notification Thread"        daemon [_thread_blocked, id=10004, stack(0x0000004ad1c00000,0x0000004ad1d00000) (1024K)]
  0x00000210ee9125a0 JavaThread "Common-Cleaner"             daemon [_thread_blocked, id=9524, stack(0x0000004ad1d00000,0x0000004ad1e00000) (1024K)]
  0x00000210ee24bef0 JavaThread "C2 CompilerThread1"         daemon [_thread_in_native, id=3660, stack(0x0000004ad1e00000,0x0000004ad1f00000) (1024K)]
=>0x00000210ee24c5c0 JavaThread "C2 CompilerThread2"         daemon [_thread_in_native, id=3424, stack(0x0000004ad1f00000,0x0000004ad2000000) (1024K)]
Total: 13

Other Threads:
  0x00000210ee22ae20 VMThread "VM Thread"                           [id=11980, stack(0x0000004ad1300000,0x0000004ad1400000) (1024K)]
  0x00000210ee20f040 WatcherThread "VM Periodic Task Thread"        [id=13724, stack(0x0000004ad1200000,0x0000004ad1300000) (1024K)]
  0x00000210d0e38cc0 WorkerThread "GC Thread#0"                     [id=13296, stack(0x0000004ad0d00000,0x0000004ad0e00000) (1024K)]
  0x00000210f360ee40 WorkerThread "GC Thread#1"                     [id=15600, stack(0x0000004ad2000000,0x0000004ad2100000) (1024K)]
  0x00000210f3852870 WorkerThread "GC Thread#2"                     [id=1708, stack(0x0000004ad2100000,0x0000004ad2200000) (1024K)]
  0x00000210f3852c10 WorkerThread "GC Thread#3"                     [id=9956, stack(0x0000004ad2200000,0x0000004ad2300000) (1024K)]
  0x00000210f3852fb0 WorkerThread "GC Thread#4"                     [id=13560, stack(0x0000004ad2300000,0x0000004ad2400000) (1024K)]
  0x00000210f3d4beb0 WorkerThread "GC Thread#5"                     [id=12228, stack(0x0000004ad2400000,0x0000004ad2500000) (1024K)]
  0x00000210f3c6b650 WorkerThread "GC Thread#6"                     [id=5244, stack(0x0000004ad2500000,0x0000004ad2600000) (1024K)]
  0x00000210f36968d0 WorkerThread "GC Thread#7"                     [id=4312, stack(0x0000004ad2600000,0x0000004ad2700000) (1024K)]
  0x00000210f38292d0 WorkerThread "GC Thread#8"                     [id=15380, stack(0x0000004ad2700000,0x0000004ad2800000) (1024K)]
  0x00000210d0e49230 ConcurrentGCThread "G1 Main Marker"            [id=13616, stack(0x0000004ad0e00000,0x0000004ad0f00000) (1024K)]
  0x00000210d0e49b40 WorkerThread "G1 Conc#0"                       [id=1704, stack(0x0000004ad0f00000,0x0000004ad1000000) (1024K)]
  0x00000210d0e7e2b0 ConcurrentGCThread "G1 Refine#0"               [id=15940, stack(0x0000004ad1000000,0x0000004ad1100000) (1024K)]
  0x00000210ee0e2470 ConcurrentGCThread "G1 Service"                [id=3148, stack(0x0000004ad1100000,0x0000004ad1200000) (1024K)]
Total: 15

Threads with active compile tasks:
C2 CompilerThread0     2831 2004       4       sun.nio.fs.WindowsPath::compareTo (118 bytes)
C2 CompilerThread1     2831 1999       4       java.io.WinNTFileSystem::normalize (143 bytes)
C2 CompilerThread2     2831 1910 % !   4       java.util.jar.Attributes::read @ 12 (494 bytes)
Total: 3

VM state: not at safepoint (normal execution)

VM Mutex/Monitor currently owned by a thread:  ([mutex/lock_event])
[0x00007fff1edaa9a8] Metaspace_lock - owner thread: 0x00000210cf3047c0

Heap address: 0x000000070a200000, size: 3934 MB, Compressed Oops mode: Zero based, Oop shift amount: 3

CDS archive(s) mapped at: [0x0000021080000000-0x0000021080ba0000-0x0000021080ba0000), size 12189696, SharedBaseAddress: 0x0000021080000000, ArchiveRelocationMode: 1.
Compressed class space mapped at: 0x0000021081000000-0x00000210c1000000, reserved size: 1073741824
Narrow klass base: 0x0000021080000000, Narrow klass shift: 0, Narrow klass range: 0x100000000

GC Precious Log:
 CardTable entry size: 512
 Card Set container configuration: InlinePtr #cards 4 size 8 Array Of Cards #cards 16 size 48 Howl #buckets 8 coarsen threshold 3686 Howl Bitmap #cards 512 size 80 coarsen threshold 460 Card regions per heap region 1 cards per card region 4096
 CPUs: 12 total, 12 available
 Memory: 15734M
 Large Page Support: Disabled
 NUMA Support: Disabled
 Compressed Oops: Enabled (Zero based)
 Heap Region Size: 2M
 Heap Min Capacity: 8M
 Heap Initial Capacity: 246M
 Heap Max Capacity: 3934M
 Pre-touch: Disabled
 Parallel Workers: 10
 Concurrent Workers: 3
 Concurrent Refinement Workers: 10
 Periodic GC: Disabled

Heap:
 garbage-first heap   total 251904K, used 19139K [0x000000070a200000, 0x0000000800000000)
  region size 2048K, 6 young (12288K), 1 survivors (2048K)
 Metaspace       used 10917K, committed 11136K, reserved 1114112K
  class space    used 1247K, committed 1344K, reserved 1048576K

Heap Regions: E=young(eden), S=young(survivor), O=old, HS=humongous(starts), HC=humongous(continues), CS=collection set, F=free, TAMS=top-at-mark-start, PB=parsable bottom
|   0|0x000000070a200000, 0x000000070a400000, 0x000000070a400000|100%|HS|  |TAMS 0x000000070a200000| PB 0x000000070a200000| Complete 
|   1|0x000000070a400000, 0x000000070a600000, 0x000000070a600000|100%| O|  |TAMS 0x000000070a400000| PB 0x000000070a400000| Untracked 
|   2|0x000000070a600000, 0x000000070a800000, 0x000000070a800000|100%|HS|  |TAMS 0x000000070a600000| PB 0x000000070a600000| Complete 
|   3|0x000000070a800000, 0x000000070aa00000, 0x000000070aa00000|100%| O|  |TAMS 0x000000070a800000| PB 0x000000070a800000| Untracked 
|   4|0x000000070aa00000, 0x000000070ab51838, 0x000000070ac00000| 65%| O|  |TAMS 0x000000070aa00000| PB 0x000000070aa00000| Untracked 
|   5|0x000000070ac00000, 0x000000070ac00000, 0x000000070ae00000|  0%| F|  |TAMS 0x000000070ac00000| PB 0x000000070ac00000| Untracked 
|   6|0x000000070ae00000, 0x000000070ae00000, 0x000000070b000000|  0%| F|  |TAMS 0x000000070ae00000| PB 0x000000070ae00000| Untracked 
|   7|0x000000070b000000, 0x000000070b000000, 0x000000070b200000|  0%| F|  |TAMS 0x000000070b000000| PB 0x000000070b000000| Untracked 
|   8|0x000000070b200000, 0x000000070b200000, 0x000000070b400000|  0%| F|  |TAMS 0x000000070b200000| PB 0x000000070b200000| Untracked 
|   9|0x000000070b400000, 0x000000070b400000, 0x000000070b600000|  0%| F|  |TAMS 0x000000070b400000| PB 0x000000070b400000| Untracked 
|  10|0x000000070b600000, 0x000000070b600000, 0x000000070b800000|  0%| F|  |TAMS 0x000000070b600000| PB 0x000000070b600000| Untracked 
|  11|0x000000070b800000, 0x000000070b800000, 0x000000070ba00000|  0%| F|  |TAMS 0x000000070b800000| PB 0x000000070b800000| Untracked 
|  12|0x000000070ba00000, 0x000000070ba00000, 0x000000070bc00000|  0%| F|  |TAMS 0x000000070ba00000| PB 0x000000070ba00000| Untracked 
|  13|0x000000070bc00000, 0x000000070bc00000, 0x000000070be00000|  0%| F|  |TAMS 0x000000070bc00000| PB 0x000000070bc00000| Untracked 
|  14|0x000000070be00000, 0x000000070be00000, 0x000000070c000000|  0%| F|  |TAMS 0x000000070be00000| PB 0x000000070be00000| Untracked 
|  15|0x000000070c000000, 0x000000070c000000, 0x000000070c200000|  0%| F|  |TAMS 0x000000070c000000| PB 0x000000070c000000| Untracked 
|  16|0x000000070c200000, 0x000000070c200000, 0x000000070c400000|  0%| F|  |TAMS 0x000000070c200000| PB 0x000000070c200000| Untracked 
|  17|0x000000070c400000, 0x000000070c400000, 0x000000070c600000|  0%| F|  |TAMS 0x000000070c400000| PB 0x000000070c400000| Untracked 
|  18|0x000000070c600000, 0x000000070c600000, 0x000000070c800000|  0%| F|  |TAMS 0x000000070c600000| PB 0x000000070c600000| Untracked 
|  19|0x000000070c800000, 0x000000070c800000, 0x000000070ca00000|  0%| F|  |TAMS 0x000000070c800000| PB 0x000000070c800000| Untracked 
|  20|0x000000070ca00000, 0x000000070ca00000, 0x000000070cc00000|  0%| F|  |TAMS 0x000000070ca00000| PB 0x000000070ca00000| Untracked 
|  21|0x000000070cc00000, 0x000000070cc00000, 0x000000070ce00000|  0%| F|  |TAMS 0x000000070cc00000| PB 0x000000070cc00000| Untracked 
|  22|0x000000070ce00000, 0x000000070ce00000, 0x000000070d000000|  0%| F|  |TAMS 0x000000070ce00000| PB 0x000000070ce00000| Untracked 
|  23|0x000000070d000000, 0x000000070d000000, 0x000000070d200000|  0%| F|  |TAMS 0x000000070d000000| PB 0x000000070d000000| Untracked 
|  24|0x000000070d200000, 0x000000070d200000, 0x000000070d400000|  0%| F|  |TAMS 0x000000070d200000| PB 0x000000070d200000| Untracked 
|  25|0x000000070d400000, 0x000000070d400000, 0x000000070d600000|  0%| F|  |TAMS 0x000000070d400000| PB 0x000000070d400000| Untracked 
|  26|0x000000070d600000, 0x000000070d600000, 0x000000070d800000|  0%| F|  |TAMS 0x000000070d600000| PB 0x000000070d600000| Untracked 
|  27|0x000000070d800000, 0x000000070d800000, 0x000000070da00000|  0%| F|  |TAMS 0x000000070d800000| PB 0x000000070d800000| Untracked 
|  28|0x000000070da00000, 0x000000070da00000, 0x000000070dc00000|  0%| F|  |TAMS 0x000000070da00000| PB 0x000000070da00000| Untracked 
|  29|0x000000070dc00000, 0x000000070dc00000, 0x000000070de00000|  0%| F|  |TAMS 0x000000070dc00000| PB 0x000000070dc00000| Untracked 
|  30|0x000000070de00000, 0x000000070de00000, 0x000000070e000000|  0%| F|  |TAMS 0x000000070de00000| PB 0x000000070de00000| Untracked 
|  31|0x000000070e000000, 0x000000070e000000, 0x000000070e200000|  0%| F|  |TAMS 0x000000070e000000| PB 0x000000070e000000| Untracked 
|  32|0x000000070e200000, 0x000000070e200000, 0x000000070e400000|  0%| F|  |TAMS 0x000000070e200000| PB 0x000000070e200000| Untracked 
|  33|0x000000070e400000, 0x000000070e400000, 0x000000070e600000|  0%| F|  |TAMS 0x000000070e400000| PB 0x000000070e400000| Untracked 
|  34|0x000000070e600000, 0x000000070e600000, 0x000000070e800000|  0%| F|  |TAMS 0x000000070e600000| PB 0x000000070e600000| Untracked 
|  35|0x000000070e800000, 0x000000070e800000, 0x000000070ea00000|  0%| F|  |TAMS 0x000000070e800000| PB 0x000000070e800000| Untracked 
|  36|0x000000070ea00000, 0x000000070ea00000, 0x000000070ec00000|  0%| F|  |TAMS 0x000000070ea00000| PB 0x000000070ea00000| Untracked 
|  37|0x000000070ec00000, 0x000000070ec00000, 0x000000070ee00000|  0%| F|  |TAMS 0x000000070ec00000| PB 0x000000070ec00000| Untracked 
|  38|0x000000070ee00000, 0x000000070ee00000, 0x000000070f000000|  0%| F|  |TAMS 0x000000070ee00000| PB 0x000000070ee00000| Untracked 
|  39|0x000000070f000000, 0x000000070f000000, 0x000000070f200000|  0%| F|  |TAMS 0x000000070f000000| PB 0x000000070f000000| Untracked 
|  40|0x000000070f200000, 0x000000070f200000, 0x000000070f400000|  0%| F|  |TAMS 0x000000070f200000| PB 0x000000070f200000| Untracked 
|  41|0x000000070f400000, 0x000000070f400000, 0x000000070f600000|  0%| F|  |TAMS 0x000000070f400000| PB 0x000000070f400000| Untracked 
|  42|0x000000070f600000, 0x000000070f600000, 0x000000070f800000|  0%| F|  |TAMS 0x000000070f600000| PB 0x000000070f600000| Untracked 
|  43|0x000000070f800000, 0x000000070f800000, 0x000000070fa00000|  0%| F|  |TAMS 0x000000070f800000| PB 0x000000070f800000| Untracked 
|  44|0x000000070fa00000, 0x000000070fa00000, 0x000000070fc00000|  0%| F|  |TAMS 0x000000070fa00000| PB 0x000000070fa00000| Untracked 
|  45|0x000000070fc00000, 0x000000070fc00000, 0x000000070fe00000|  0%| F|  |TAMS 0x000000070fc00000| PB 0x000000070fc00000| Untracked 
|  46|0x000000070fe00000, 0x000000070fe00000, 0x0000000710000000|  0%| F|  |TAMS 0x000000070fe00000| PB 0x000000070fe00000| Untracked 
|  47|0x0000000710000000, 0x0000000710000000, 0x0000000710200000|  0%| F|  |TAMS 0x0000000710000000| PB 0x0000000710000000| Untracked 
|  48|0x0000000710200000, 0x0000000710200000, 0x0000000710400000|  0%| F|  |TAMS 0x0000000710200000| PB 0x0000000710200000| Untracked 
|  49|0x0000000710400000, 0x0000000710400000, 0x0000000710600000|  0%| F|  |TAMS 0x0000000710400000| PB 0x0000000710400000| Untracked 
|  50|0x0000000710600000, 0x0000000710600000, 0x0000000710800000|  0%| F|  |TAMS 0x0000000710600000| PB 0x0000000710600000| Untracked 
|  51|0x0000000710800000, 0x0000000710800000, 0x0000000710a00000|  0%| F|  |TAMS 0x0000000710800000| PB 0x0000000710800000| Untracked 
|  52|0x0000000710a00000, 0x0000000710a00000, 0x0000000710c00000|  0%| F|  |TAMS 0x0000000710a00000| PB 0x0000000710a00000| Untracked 
|  53|0x0000000710c00000, 0x0000000710c00000, 0x0000000710e00000|  0%| F|  |TAMS 0x0000000710c00000| PB 0x0000000710c00000| Untracked 
|  54|0x0000000710e00000, 0x0000000710e00000, 0x0000000711000000|  0%| F|  |TAMS 0x0000000710e00000| PB 0x0000000710e00000| Untracked 
|  55|0x0000000711000000, 0x0000000711000000, 0x0000000711200000|  0%| F|  |TAMS 0x0000000711000000| PB 0x0000000711000000| Untracked 
|  56|0x0000000711200000, 0x0000000711200000, 0x0000000711400000|  0%| F|  |TAMS 0x0000000711200000| PB 0x0000000711200000| Untracked 
|  57|0x0000000711400000, 0x0000000711400000, 0x0000000711600000|  0%| F|  |TAMS 0x0000000711400000| PB 0x0000000711400000| Untracked 
|  58|0x0000000711600000, 0x0000000711600000, 0x0000000711800000|  0%| F|  |TAMS 0x0000000711600000| PB 0x0000000711600000| Untracked 
|  59|0x0000000711800000, 0x0000000711800000, 0x0000000711a00000|  0%| F|  |TAMS 0x0000000711800000| PB 0x0000000711800000| Untracked 
|  60|0x0000000711a00000, 0x0000000711a00000, 0x0000000711c00000|  0%| F|  |TAMS 0x0000000711a00000| PB 0x0000000711a00000| Untracked 
|  61|0x0000000711c00000, 0x0000000711c00000, 0x0000000711e00000|  0%| F|  |TAMS 0x0000000711c00000| PB 0x0000000711c00000| Untracked 
|  62|0x0000000711e00000, 0x0000000711e00000, 0x0000000712000000|  0%| F|  |TAMS 0x0000000711e00000| PB 0x0000000711e00000| Untracked 
|  63|0x0000000712000000, 0x0000000712000000, 0x0000000712200000|  0%| F|  |TAMS 0x0000000712000000| PB 0x0000000712000000| Untracked 
|  64|0x0000000712200000, 0x0000000712200000, 0x0000000712400000|  0%| F|  |TAMS 0x0000000712200000| PB 0x0000000712200000| Untracked 
|  65|0x0000000712400000, 0x0000000712400000, 0x0000000712600000|  0%| F|  |TAMS 0x0000000712400000| PB 0x0000000712400000| Untracked 
|  66|0x0000000712600000, 0x0000000712600000, 0x0000000712800000|  0%| F|  |TAMS 0x0000000712600000| PB 0x0000000712600000| Untracked 
|  67|0x0000000712800000, 0x0000000712800000, 0x0000000712a00000|  0%| F|  |TAMS 0x0000000712800000| PB 0x0000000712800000| Untracked 
|  68|0x0000000712a00000, 0x0000000712a00000, 0x0000000712c00000|  0%| F|  |TAMS 0x0000000712a00000| PB 0x0000000712a00000| Untracked 
|  69|0x0000000712c00000, 0x0000000712c00000, 0x0000000712e00000|  0%| F|  |TAMS 0x0000000712c00000| PB 0x0000000712c00000| Untracked 
|  70|0x0000000712e00000, 0x0000000712e00000, 0x0000000713000000|  0%| F|  |TAMS 0x0000000712e00000| PB 0x0000000712e00000| Untracked 
|  71|0x0000000713000000, 0x0000000713000000, 0x0000000713200000|  0%| F|  |TAMS 0x0000000713000000| PB 0x0000000713000000| Untracked 
|  72|0x0000000713200000, 0x0000000713200000, 0x0000000713400000|  0%| F|  |TAMS 0x0000000713200000| PB 0x0000000713200000| Untracked 
|  73|0x0000000713400000, 0x0000000713400000, 0x0000000713600000|  0%| F|  |TAMS 0x0000000713400000| PB 0x0000000713400000| Untracked 
|  74|0x0000000713600000, 0x0000000713600000, 0x0000000713800000|  0%| F|  |TAMS 0x0000000713600000| PB 0x0000000713600000| Untracked 
|  75|0x0000000713800000, 0x0000000713800000, 0x0000000713a00000|  0%| F|  |TAMS 0x0000000713800000| PB 0x0000000713800000| Untracked 
|  76|0x0000000713a00000, 0x0000000713a00000, 0x0000000713c00000|  0%| F|  |TAMS 0x0000000713a00000| PB 0x0000000713a00000| Untracked 
|  77|0x0000000713c00000, 0x0000000713c00000, 0x0000000713e00000|  0%| F|  |TAMS 0x0000000713c00000| PB 0x0000000713c00000| Untracked 
|  78|0x0000000713e00000, 0x0000000713e00000, 0x0000000714000000|  0%| F|  |TAMS 0x0000000713e00000| PB 0x0000000713e00000| Untracked 
|  79|0x0000000714000000, 0x0000000714000000, 0x0000000714200000|  0%| F|  |TAMS 0x0000000714000000| PB 0x0000000714000000| Untracked 
|  80|0x0000000714200000, 0x0000000714200000, 0x0000000714400000|  0%| F|  |TAMS 0x0000000714200000| PB 0x0000000714200000| Untracked 
|  81|0x0000000714400000, 0x0000000714400000, 0x0000000714600000|  0%| F|  |TAMS 0x0000000714400000| PB 0x0000000714400000| Untracked 
|  82|0x0000000714600000, 0x0000000714600000, 0x0000000714800000|  0%| F|  |TAMS 0x0000000714600000| PB 0x0000000714600000| Untracked 
|  83|0x0000000714800000, 0x0000000714800000, 0x0000000714a00000|  0%| F|  |TAMS 0x0000000714800000| PB 0x0000000714800000| Untracked 
|  84|0x0000000714a00000, 0x0000000714a00000, 0x0000000714c00000|  0%| F|  |TAMS 0x0000000714a00000| PB 0x0000000714a00000| Untracked 
|  85|0x0000000714c00000, 0x0000000714c00000, 0x0000000714e00000|  0%| F|  |TAMS 0x0000000714c00000| PB 0x0000000714c00000| Untracked 
|  86|0x0000000714e00000, 0x0000000714e00000, 0x0000000715000000|  0%| F|  |TAMS 0x0000000714e00000| PB 0x0000000714e00000| Untracked 
|  87|0x0000000715000000, 0x0000000715000000, 0x0000000715200000|  0%| F|  |TAMS 0x0000000715000000| PB 0x0000000715000000| Untracked 
|  88|0x0000000715200000, 0x0000000715200000, 0x0000000715400000|  0%| F|  |TAMS 0x0000000715200000| PB 0x0000000715200000| Untracked 
|  89|0x0000000715400000, 0x0000000715400000, 0x0000000715600000|  0%| F|  |TAMS 0x0000000715400000| PB 0x0000000715400000| Untracked 
|  90|0x0000000715600000, 0x0000000715600000, 0x0000000715800000|  0%| F|  |TAMS 0x0000000715600000| PB 0x0000000715600000| Untracked 
|  91|0x0000000715800000, 0x0000000715800000, 0x0000000715a00000|  0%| F|  |TAMS 0x0000000715800000| PB 0x0000000715800000| Untracked 
|  92|0x0000000715a00000, 0x0000000715a00000, 0x0000000715c00000|  0%| F|  |TAMS 0x0000000715a00000| PB 0x0000000715a00000| Untracked 
|  93|0x0000000715c00000, 0x0000000715c00000, 0x0000000715e00000|  0%| F|  |TAMS 0x0000000715c00000| PB 0x0000000715c00000| Untracked 
|  94|0x0000000715e00000, 0x0000000715e00000, 0x0000000716000000|  0%| F|  |TAMS 0x0000000715e00000| PB 0x0000000715e00000| Untracked 
|  95|0x0000000716000000, 0x0000000716000000, 0x0000000716200000|  0%| F|  |TAMS 0x0000000716000000| PB 0x0000000716000000| Untracked 
|  96|0x0000000716200000, 0x0000000716200000, 0x0000000716400000|  0%| F|  |TAMS 0x0000000716200000| PB 0x0000000716200000| Untracked 
|  97|0x0000000716400000, 0x0000000716400000, 0x0000000716600000|  0%| F|  |TAMS 0x0000000716400000| PB 0x0000000716400000| Untracked 
|  98|0x0000000716600000, 0x0000000716600000, 0x0000000716800000|  0%| F|  |TAMS 0x0000000716600000| PB 0x0000000716600000| Untracked 
|  99|0x0000000716800000, 0x0000000716800000, 0x0000000716a00000|  0%| F|  |TAMS 0x0000000716800000| PB 0x0000000716800000| Untracked 
| 100|0x0000000716a00000, 0x0000000716a00000, 0x0000000716c00000|  0%| F|  |TAMS 0x0000000716a00000| PB 0x0000000716a00000| Untracked 
| 101|0x0000000716c00000, 0x0000000716c00000, 0x0000000716e00000|  0%| F|  |TAMS 0x0000000716c00000| PB 0x0000000716c00000| Untracked 
| 102|0x0000000716e00000, 0x0000000716e00000, 0x0000000717000000|  0%| F|  |TAMS 0x0000000716e00000| PB 0x0000000716e00000| Untracked 
| 103|0x0000000717000000, 0x0000000717000000, 0x0000000717200000|  0%| F|  |TAMS 0x0000000717000000| PB 0x0000000717000000| Untracked 
| 104|0x0000000717200000, 0x0000000717200000, 0x0000000717400000|  0%| F|  |TAMS 0x0000000717200000| PB 0x0000000717200000| Untracked 
| 105|0x0000000717400000, 0x0000000717400000, 0x0000000717600000|  0%| F|  |TAMS 0x0000000717400000| PB 0x0000000717400000| Untracked 
| 106|0x0000000717600000, 0x0000000717600000, 0x0000000717800000|  0%| F|  |TAMS 0x0000000717600000| PB 0x0000000717600000| Untracked 
| 107|0x0000000717800000, 0x0000000717800000, 0x0000000717a00000|  0%| F|  |TAMS 0x0000000717800000| PB 0x0000000717800000| Untracked 
| 108|0x0000000717a00000, 0x0000000717b5f680, 0x0000000717c00000| 68%| S|CS|TAMS 0x0000000717a00000| PB 0x0000000717a00000| Complete 
| 109|0x0000000717c00000, 0x0000000717c00000, 0x0000000717e00000|  0%| F|  |TAMS 0x0000000717c00000| PB 0x0000000717c00000| Untracked 
| 110|0x0000000717e00000, 0x0000000717e00000, 0x0000000718000000|  0%| F|  |TAMS 0x0000000717e00000| PB 0x0000000717e00000| Untracked 
| 111|0x0000000718000000, 0x0000000718000000, 0x0000000718200000|  0%| F|  |TAMS 0x0000000718000000| PB 0x0000000718000000| Untracked 
| 112|0x0000000718200000, 0x0000000718200000, 0x0000000718400000|  0%| F|  |TAMS 0x0000000718200000| PB 0x0000000718200000| Untracked 
| 113|0x0000000718400000, 0x0000000718400000, 0x0000000718600000|  0%| F|  |TAMS 0x0000000718400000| PB 0x0000000718400000| Untracked 
| 114|0x0000000718600000, 0x0000000718600000, 0x0000000718800000|  0%| F|  |TAMS 0x0000000718600000| PB 0x0000000718600000| Untracked 
| 115|0x0000000718800000, 0x0000000718800000, 0x0000000718a00000|  0%| F|  |TAMS 0x0000000718800000| PB 0x0000000718800000| Untracked 
| 116|0x0000000718a00000, 0x0000000718a00000, 0x0000000718c00000|  0%| F|  |TAMS 0x0000000718a00000| PB 0x0000000718a00000| Untracked 
| 117|0x0000000718c00000, 0x0000000718c00000, 0x0000000718e00000|  0%| F|  |TAMS 0x0000000718c00000| PB 0x0000000718c00000| Untracked 
| 118|0x0000000718e00000, 0x0000000718e7aba8, 0x0000000719000000| 23%| E|  |TAMS 0x0000000718e00000| PB 0x0000000718e00000| Complete 
| 119|0x0000000719000000, 0x0000000719200000, 0x0000000719200000|100%| E|CS|TAMS 0x0000000719000000| PB 0x0000000719000000| Complete 
| 120|0x0000000719200000, 0x0000000719400000, 0x0000000719400000|100%| E|CS|TAMS 0x0000000719200000| PB 0x0000000719200000| Complete 
| 121|0x0000000719400000, 0x0000000719600000, 0x0000000719600000|100%| E|CS|TAMS 0x0000000719400000| PB 0x0000000719400000| Complete 
| 122|0x0000000719600000, 0x0000000719800000, 0x0000000719800000|100%| E|CS|TAMS 0x0000000719600000| PB 0x0000000719600000| Complete 

Card table byte_map: [0x00000210e7550000,0x00000210e7d00000] _byte_map_base: 0x00000210e3cff000

Marking Bits: (CMBitMap*) 0x00000210d0e391d0
 Bits: [0x00000210e7d00000, 0x00000210eba78000)

Polling page: 0x00000210cf540000

Metaspace:

Usage:
  Non-class:      9.44 MB used.
      Class:      1.22 MB used.
       Both:     10.66 MB used.

Virtual space:
  Non-class space:       64.00 MB reserved,       9.56 MB ( 15%) committed,  1 nodes.
      Class space:        1.00 GB reserved,       1.31 MB ( <1%) committed,  1 nodes.
             Both:        1.06 GB reserved,      10.88 MB ( <1%) committed. 

Chunk freelists:
   Non-Class:  6.38 MB
       Class:  14.57 MB
        Both:  20.95 MB

MaxMetaspaceSize: unlimited
CompressedClassSpaceSize: 1.00 GB
Initial GC threshold: 21.00 MB
Current GC threshold: 21.00 MB
CDS: on
 - commit_granule_bytes: 65536.
 - commit_granule_words: 8192.
 - virtual_space_node_default_size: 8388608.
 - enlarge_chunks_in_place: 1.
 - use_allocation_guard: 0.


Internal statistics:

num_allocs_failed_limit: 0.
num_arena_births: 234.
num_arena_deaths: 0.
num_vsnodes_births: 2.
num_vsnodes_deaths: 0.
num_space_committed: 174.
num_space_uncommitted: 0.
num_chunks_returned_to_freelist: 0.
num_chunks_taken_from_freelist: 473.
num_chunk_merges: 0.
num_chunk_splits: 300.
num_chunks_enlarged: 200.
num_inconsistent_stats: 0.

CodeHeap 'non-profiled nmethods': size=120000Kb used=967Kb max_used=967Kb free=119032Kb
 bounds [0x00000210debf0000, 0x00000210dee60000, 0x00000210e6120000]
CodeHeap 'profiled nmethods': size=120000Kb used=3810Kb max_used=3810Kb free=116189Kb
 bounds [0x00000210d7120000, 0x00000210d74e0000, 0x00000210de650000]
CodeHeap 'non-nmethods': size=5760Kb used=1447Kb max_used=1456Kb free=4312Kb
 bounds [0x00000210de650000, 0x00000210de8c0000, 0x00000210debf0000]
 total_blobs=2566 nmethods=2034 adapters=437
 compilation: enabled
              stopped_count=0, restarted_count=0
 full_count=0

Compilation events (20 events):
Event: 2.659 Thread 0x00000210ee24e100 nmethod 1981 0x00000210d74b5f90 code [0x00000210d74b66a0, 0x00000210d74b9048]
Event: 2.659 Thread 0x00000210ee24e100 1982       3       jdk.internal.org.objectweb.asm.Handler::putExceptionTable (63 bytes)
Event: 2.660 Thread 0x00000210ee24e100 nmethod 1982 0x00000210d74ba390 code [0x00000210d74ba5c0, 0x00000210d74baa60]
Event: 2.664 Thread 0x00000210ee24e100 1985       3       java.lang.invoke.LambdaFormEditor$Transform::equals (32 bytes)
Event: 2.665 Thread 0x00000210ee24e100 nmethod 1985 0x00000210d74bad10 code [0x00000210d74baec0, 0x00000210d74bb0a8]
Event: 2.670 Thread 0x00000210ee24e100 1986       3       sun.reflect.annotation.AnnotationParser::parseMemberValue (230 bytes)
Event: 2.673 Thread 0x00000210ee24e100 nmethod 1986 0x00000210d74bb190 code [0x00000210d74bb6a0, 0x00000210d74bdc58]
Event: 2.673 Thread 0x00000210ee24e100 1988       3       java.lang.invoke.ClassSpecializer$SpeciesData::factory (14 bytes)
Event: 2.674 Thread 0x00000210ee24e100 nmethod 1988 0x00000210d74be890 code [0x00000210d74bea40, 0x00000210d74bed18]
Event: 2.674 Thread 0x00000210ee24e100 1989       1       java.lang.reflect.Field::getType (5 bytes)
Event: 2.674 Thread 0x00000210ee24e100 nmethod 1989 0x00000210decd8f10 code [0x00000210decd90a0, 0x00000210decd9170]
Event: 2.674 Thread 0x00000210ee24e100 1991       1       java.lang.reflect.Field::getModifiers (5 bytes)
Event: 2.674 Thread 0x00000210ee24e100 nmethod 1991 0x00000210decd9210 code [0x00000210decd93a0, 0x00000210decd9468]
Event: 2.674 Thread 0x00000210ee24e100 1990       3       java.lang.ref.WeakReference::<init> (6 bytes)
Event: 2.675 Thread 0x00000210ee24e100 nmethod 1990 0x00000210d74bee10 code [0x00000210d74befe0, 0x00000210d74bf300]
Event: 2.675 Thread 0x00000210ee24e100 1987       1       java.lang.reflect.Field::getName (5 bytes)
Event: 2.675 Thread 0x00000210ee24e100 nmethod 1987 0x00000210decd9510 code [0x00000210decd96a0, 0x00000210decd9770]
Event: 2.688 Thread 0x00000210ee24bef0 nmethod 1966 0x00000210decd9810 code [0x00000210decd9a40, 0x00000210decdb2b0]
Event: 2.690 Thread 0x00000210ee24bef0 1992       4       java.lang.StringLatin1::regionMatchesCI (45 bytes)
Event: 2.698 Thread 0x00000210ee24bef0 nmethod 1992 0x00000210decdba90 code [0x00000210decdbc20, 0x00000210decdbdc0]

GC Heap History (4 events):
Event: 1.393 GC heap before
{Heap before GC invocations=0 (full 0):
 garbage-first heap   total 251904K, used 28672K [0x000000070a200000, 0x0000000800000000)
  region size 2048K, 11 young (22528K), 0 survivors (0K)
 Metaspace       used 4789K, committed 4992K, reserved 1114112K
  class space    used 473K, committed 576K, reserved 1048576K
}
Event: 1.402 GC heap after
{Heap after GC invocations=1 (full 0):
 garbage-first heap   total 251904K, used 9343K [0x000000070a200000, 0x0000000800000000)
  region size 2048K, 2 young (4096K), 2 survivors (4096K)
 Metaspace       used 4789K, committed 4992K, reserved 1114112K
  class space    used 473K, committed 576K, reserved 1048576K
}
Event: 2.259 GC heap before
{Heap before GC invocations=1 (full 0):
 garbage-first heap   total 251904K, used 33919K [0x000000070a200000, 0x0000000800000000)
  region size 2048K, 14 young (28672K), 2 survivors (4096K)
 Metaspace       used 8041K, committed 8256K, reserved 1114112K
  class space    used 919K, committed 1024K, reserved 1048576K
}
Event: 2.264 GC heap after
{Heap after GC invocations=2 (full 0):
 garbage-first heap   total 251904K, used 10947K [0x000000070a200000, 0x0000000800000000)
  region size 2048K, 1 young (2048K), 1 survivors (2048K)
 Metaspace       used 8041K, committed 8256K, reserved 1114112K
  class space    used 919K, committed 1024K, reserved 1048576K
}

Dll operation events (8 events):
Event: 0.028 Loaded shared library C:\Users\lenovo\.lunarclient\jre\56e53accb20696f802d92bd011174126b5e3154e\zulu21.30.15-ca-jre21.0.1-win_x64\bin\java.dll
Event: 0.091 Loaded shared library C:\Users\lenovo\.lunarclient\jre\56e53accb20696f802d92bd011174126b5e3154e\zulu21.30.15-ca-jre21.0.1-win_x64\bin\jsvml.dll
Event: 0.123 Loaded shared library C:\Users\lenovo\.lunarclient\jre\56e53accb20696f802d92bd011174126b5e3154e\zulu21.30.15-ca-jre21.0.1-win_x64\bin\net.dll
Event: 0.132 Loaded shared library C:\Users\lenovo\.lunarclient\jre\56e53accb20696f802d92bd011174126b5e3154e\zulu21.30.15-ca-jre21.0.1-win_x64\bin\nio.dll
Event: 0.139 Loaded shared library C:\Users\lenovo\.lunarclient\jre\56e53accb20696f802d92bd011174126b5e3154e\zulu21.30.15-ca-jre21.0.1-win_x64\bin\zip.dll
Event: 0.330 Loaded shared library C:\Users\lenovo\.lunarclient\jre\56e53accb20696f802d92bd011174126b5e3154e\zulu21.30.15-ca-jre21.0.1-win_x64\bin\jimage.dll
Event: 2.023 Loaded shared library C:\Users\lenovo\.lunarclient\jre\56e53accb20696f802d92bd011174126b5e3154e\zulu21.30.15-ca-jre21.0.1-win_x64\bin\management.dll
Event: 2.028 Loaded shared library C:\Users\lenovo\.lunarclient\jre\56e53accb20696f802d92bd011174126b5e3154e\zulu21.30.15-ca-jre21.0.1-win_x64\bin\management_ext.dll

Deoptimization events (20 events):
Event: 2.415 Thread 0x00000210cf3047c0 Uncommon trap: trap_request=0xffffff45 fr.pc=0x00000210dec269e4 relative=0x00000000000000c4
Event: 2.415 Thread 0x00000210cf3047c0 Uncommon trap: reason=unstable_if action=reinterpret pc=0x00000210dec269e4 method=java.nio.Buffer.limit(I)Ljava/nio/Buffer; @ 42 c2
Event: 2.415 Thread 0x00000210cf3047c0 DEOPT PACKING pc=0x00000210dec269e4 sp=0x0000004ad0cfc6f0
Event: 2.415 Thread 0x00000210cf3047c0 DEOPT UNPACKING pc=0x00000210de6a46a2 sp=0x0000004ad0cfc678 mode 2
Event: 2.534 Thread 0x00000210cf3047c0 Uncommon trap: trap_request=0xffffff45 fr.pc=0x00000210dec84620 relative=0x0000000000000080
Event: 2.534 Thread 0x00000210cf3047c0 Uncommon trap: reason=unstable_if action=reinterpret pc=0x00000210dec84620 method=java.lang.CharacterDataLatin1.equalsIgnoreCase(BB)Z @ 54 c2
Event: 2.534 Thread 0x00000210cf3047c0 DEOPT PACKING pc=0x00000210dec84620 sp=0x0000004ad0cfe3d0
Event: 2.534 Thread 0x00000210cf3047c0 DEOPT UNPACKING pc=0x00000210de6a46a2 sp=0x0000004ad0cfe350 mode 2
Event: 2.565 Thread 0x00000210cf3047c0 Uncommon trap: trap_request=0xffffffbe fr.pc=0x00000210dec63dc4 relative=0x0000000000004064
Event: 2.565 Thread 0x00000210cf3047c0 Uncommon trap: reason=profile_predicate action=maybe_recompile pc=0x00000210dec63dc4 method=java.util.jar.Attributes$Name.hash(Ljava/lang/String;)I @ 39 c2
Event: 2.565 Thread 0x00000210cf3047c0 DEOPT PACKING pc=0x00000210dec63dc4 sp=0x0000004ad0cfd8e0
Event: 2.565 Thread 0x00000210cf3047c0 DEOPT UNPACKING pc=0x00000210de6a46a2 sp=0x0000004ad0cfd708 mode 2
Event: 2.596 Thread 0x00000210cf3047c0 Uncommon trap: trap_request=0xffffff45 fr.pc=0x00000210decc6ab8 relative=0x0000000000000e58
Event: 2.596 Thread 0x00000210cf3047c0 Uncommon trap: reason=unstable_if action=reinterpret pc=0x00000210decc6ab8 method=jdk.internal.org.objectweb.asm.SymbolTable.put(Ljdk/internal/org/objectweb/asm/SymbolTable$Entry;)Ljdk/internal/org/objectweb/asm/SymbolTable$Entry; @ 13 c2
Event: 2.597 Thread 0x00000210cf3047c0 DEOPT PACKING pc=0x00000210decc6ab8 sp=0x0000004ad0cfd780
Event: 2.597 Thread 0x00000210cf3047c0 DEOPT UNPACKING pc=0x00000210de6a46a2 sp=0x0000004ad0cfd6a8 mode 2
Event: 2.682 Thread 0x00000210cf3047c0 Uncommon trap: trap_request=0xffffff45 fr.pc=0x00000210dec05a3c relative=0x00000000000007bc
Event: 2.682 Thread 0x00000210cf3047c0 Uncommon trap: reason=unstable_if action=reinterpret pc=0x00000210dec05a3c method=java.lang.Integer.parseInt(Ljava/lang/String;I)I @ 119 c2
Event: 2.682 Thread 0x00000210cf3047c0 DEOPT PACKING pc=0x00000210dec05a3c sp=0x0000004ad0cfe520
Event: 2.682 Thread 0x00000210cf3047c0 DEOPT UNPACKING pc=0x00000210de6a46a2 sp=0x0000004ad0cfe488 mode 2

Classes loaded (20 events):
Event: 2.633 Loading class javax/management/MBeanServerConnection
Event: 2.633 Loading class javax/management/MBeanServerConnection done
Event: 2.633 Loading class java/lang/management/ClassLoadingMXBean
Event: 2.633 Loading class java/lang/management/ClassLoadingMXBean done
Event: 2.633 Loading class java/lang/management/MemoryMXBean
Event: 2.633 Loading class java/lang/management/MemoryMXBean done
Event: 2.633 Loading class java/lang/management/ThreadMXBean
Event: 2.633 Loading class java/lang/management/ThreadMXBean done
Event: 2.633 Loading class java/lang/management/CompilationMXBean
Event: 2.633 Loading class java/lang/management/CompilationMXBean done
Event: 2.633 Loading class java/lang/management/OperatingSystemMXBean
Event: 2.633 Loading class java/lang/management/OperatingSystemMXBean done
Event: 2.633 Loading class javax/management/MBeanServer
Event: 2.634 Loading class javax/management/MBeanServer done
Event: 2.643 Loading class sun/invoke/util/ValueConversions$1
Event: 2.643 Loading class sun/invoke/util/ValueConversions$1 done
Event: 2.648 Loading class java/lang/invoke/BoundMethodHandle$Species_LI
Event: 2.648 Loading class java/lang/invoke/BoundMethodHandle$Species_LI done
Event: 2.698 Loading class java/util/concurrent/Semaphore
Event: 2.698 Loading class java/util/concurrent/Semaphore done

Classes unloaded (0 events):
No events

Classes redefined (0 events):
No events

Internal exceptions (20 events):
Event: 1.127 Thread 0x00000210cf3047c0 Exception <a 'java/lang/NoSuchMethodError'{0x000000071898d4c8}: 'java.lang.Object java.lang.invoke.DirectMethodHandle$Holder.invokeStatic(java.lang.Object, java.lang.Object, int)'> (0x000000071898d4c8) 
thrown [s\src\hotspot\share\interpreter\linkResolver.cpp, line 773]
Event: 1.129 Thread 0x00000210cf3047c0 Exception <a 'java/lang/NoSuchMethodError'{0x0000000718998918}: 'void java.lang.invoke.DelegatingMethodHandle$Holder.delegate(java.lang.Object, java.lang.Object, int, java.lang.Object)'> (0x0000000718998918) 
thrown [s\src\hotspot\share\interpreter\linkResolver.cpp, line 773]
Event: 1.130 Thread 0x00000210cf3047c0 Exception <a 'java/lang/NoSuchMethodError'{0x000000071899cb08}: 'int java.lang.invoke.DirectMethodHandle$Holder.invokeSpecial(java.lang.Object, java.lang.Object, java.lang.Object)'> (0x000000071899cb08) 
thrown [s\src\hotspot\share\interpreter\linkResolver.cpp, line 773]
Event: 1.133 Thread 0x00000210cf3047c0 Exception <a 'java/lang/NoSuchMethodError'{0x00000007189a8610}: 'java.lang.Object java.lang.invoke.Invokers$Holder.invokeExact_MT(java.lang.Object, java.lang.Object, java.lang.Object, java.lang.Object, java.lang.Object)'> (0x00000007189a8610) 
thrown [s\src\hotspot\share\interpreter\linkResolver.cpp, line 773]
Event: 1.150 Thread 0x00000210cf3047c0 Exception <a 'sun/nio/fs/WindowsException'{0x00000007189dd470}> (0x00000007189dd470) 
thrown [s\src\hotspot\share\prims\jni.cpp, line 520]
Event: 1.350 Thread 0x00000210cf3047c0 Exception <a 'java/lang/NoSuchMethodError'{0x000000071836b8b8}: 'void java.lang.invoke.DirectMethodHandle$Holder.invokeStatic(java.lang.Object, java.lang.Object, java.lang.Object)'> (0x000000071836b8b8) 
thrown [s\src\hotspot\share\interpreter\linkResolver.cpp, line 773]
Event: 1.384 Thread 0x00000210cf3047c0 Exception <a 'java/lang/NoSuchMethodError'{0x00000007183e4e38}: 'java.lang.Object java.lang.invoke.DirectMethodHandle$Holder.invokeInterface(java.lang.Object, java.lang.Object)'> (0x00000007183e4e38) 
thrown [s\src\hotspot\share\interpreter\linkResolver.cpp, line 773]
Event: 1.385 Thread 0x00000210cf3047c0 Exception <a 'java/lang/IncompatibleClassChangeError'{0x00000007183e8350}: Found class java.lang.Object, but interface was expected> (0x00000007183e8350) 
thrown [s\src\hotspot\share\interpreter\linkResolver.cpp, line 840]
Event: 1.411 Thread 0x00000210cf3047c0 Exception <a 'java/lang/NoSuchMethodError'{0x000000071960d640}: 'java.lang.Object java.lang.invoke.DirectMethodHandle$Holder.newInvokeSpecial(java.lang.Object, java.lang.Object, java.lang.Object, int, java.lang.Object)'> (0x000000071960d640) 
thrown [s\src\hotspot\share\interpreter\linkResolver.cpp, line 773]
Event: 1.413 Thread 0x00000210cf3047c0 Exception <a 'java/lang/NoSuchMethodError'{0x0000000719614e10}: 'java.lang.Object java.lang.invoke.Invokers$Holder.linkToTargetMethod(java.lang.Object, java.lang.Object, int, java.lang.Object, java.lang.Object)'> (0x0000000719614e10) 
thrown [s\src\hotspot\share\interpreter\linkResolver.cpp, line 773]
Event: 1.972 Thread 0x00000210cf3047c0 Exception <a 'java/lang/NoSuchMethodError'{0x00000007186438c0}: 'java.lang.Object java.lang.invoke.DirectMethodHandle$Holder.newInvokeSpecial(java.lang.Object, long, int, java.lang.Object)'> (0x00000007186438c0) 
thrown [s\src\hotspot\share\interpreter\linkResolver.cpp, line 773]
Event: 1.993 Thread 0x00000210cf3047c0 Exception <a 'java/lang/NoSuchMethodError'{0x000000071872b850}: 'void java.lang.invoke.DirectMethodHandle$Holder.invokeStaticInit(java.lang.Object, java.lang.Object, java.lang.Object, java.lang.Object)'> (0x000000071872b850) 
thrown [s\src\hotspot\share\interpreter\linkResolver.cpp, line 773]
Event: 2.391 Thread 0x00000210cf3047c0 Exception <a 'java/lang/NoSuchMethodError'{0x00000007197f70f8}: 'java.lang.Object java.lang.invoke.DirectMethodHandle$Holder.newInvokeSpecial(java.lang.Object, java.lang.Object, java.lang.Object, java.lang.Object, java.lang.Object)'> (0x00000007197f70f8) 
thrown [s\src\hotspot\share\interpreter\linkResolver.cpp, line 773]
Event: 2.422 Thread 0x00000210cf3047c0 Exception <a 'java/lang/NoSuchMethodError'{0x00000007194a9c10}: 'void java.lang.invoke.Invokers$Holder.invokeExact_MT(java.lang.Object, java.lang.Object, java.lang.Object, java.lang.Object)'> (0x00000007194a9c10) 
thrown [s\src\hotspot\share\interpreter\linkResolver.cpp, line 773]
Event: 2.442 Thread 0x00000210cf3047c0 Exception <a 'java/lang/NoSuchMethodError'{0x000000071950fb30}: 'void java.lang.invoke.DelegatingMethodHandle$Holder.reinvoke_L(java.lang.Object, java.lang.Object, int)'> (0x000000071950fb30) 
thrown [s\src\hotspot\share\interpreter\linkResolver.cpp, line 773]
Event: 2.444 Thread 0x00000210cf3047c0 Exception <a 'java/lang/NoSuchMethodError'{0x0000000719516300}: 'int java.lang.invoke.Invokers$Holder.invokeExact_MT(java.lang.Object, java.lang.Object, java.lang.Object)'> (0x0000000719516300) 
thrown [s\src\hotspot\share\interpreter\linkResolver.cpp, line 773]
Event: 2.636 Thread 0x00000210cf3047c0 Exception <a 'java/lang/NoSuchMethodError'{0x000000071933e550}: 'long java.lang.invoke.DirectMethodHandle$Holder.invokeInterface(java.lang.Object, java.lang.Object)'> (0x000000071933e550) 
thrown [s\src\hotspot\share\interpreter\linkResolver.cpp, line 773]
Event: 2.638 Thread 0x00000210cf3047c0 Exception <a 'java/lang/NoSuchMethodError'{0x0000000719342aa8}: 'long java.lang.invoke.DelegatingMethodHandle$Holder.reinvoke_L(java.lang.Object, java.lang.Object)'> (0x0000000719342aa8) 
thrown [s\src\hotspot\share\interpreter\linkResolver.cpp, line 773]
Event: 2.644 Thread 0x00000210cf3047c0 Exception <a 'java/lang/NoSuchMethodError'{0x000000071934fc38}: 'long java.lang.invoke.DirectMethodHandle$Holder.invokeStatic(java.lang.Object, java.lang.Object, int)'> (0x000000071934fc38) 
thrown [s\src\hotspot\share\interpreter\linkResolver.cpp, line 773]
Event: 2.654 Thread 0x00000210cf3047c0 Exception <a 'java/lang/NoSuchMethodError'{0x0000000719361fa8}: 'java.lang.Object java.lang.invoke.DirectMethodHandle$Holder.invokeStatic(java.lang.Object, java.lang.Object, java.lang.Object, java.lang.Object, int)'> (0x0000000719361fa8) 
thrown [s\src\hotspot\share\interpreter\linkResolver.cpp, line 773]

ZGC Phase Switch (0 events):
No events

VM Operations (18 events):
Event: 0.141 Executing VM operation: HandshakeAllThreads (Deoptimize)
Event: 0.141 Executing VM operation: HandshakeAllThreads (Deoptimize) done
Event: 0.263 Executing VM operation: HandshakeAllThreads (Deoptimize)
Event: 0.263 Executing VM operation: HandshakeAllThreads (Deoptimize) done
Event: 0.601 Executing VM operation: HandshakeAllThreads (Deoptimize)
Event: 0.601 Executing VM operation: HandshakeAllThreads (Deoptimize) done
Event: 1.127 Executing VM operation: HandshakeAllThreads (Deoptimize)
Event: 1.127 Executing VM operation: HandshakeAllThreads (Deoptimize) done
Event: 1.127 Executing VM operation: Cleanup
Event: 1.127 Executing VM operation: Cleanup done
Event: 1.388 Executing VM operation: HandshakeAllThreads (Deoptimize)
Event: 1.388 Executing VM operation: HandshakeAllThreads (Deoptimize) done
Event: 1.393 Executing VM operation: G1CollectForAllocation (G1 Evacuation Pause)
Event: 1.403 Executing VM operation: G1CollectForAllocation (G1 Evacuation Pause) done
Event: 2.003 Executing VM operation: HandshakeAllThreads (Deoptimize)
Event: 2.003 Executing VM operation: HandshakeAllThreads (Deoptimize) done
Event: 2.258 Executing VM operation: G1CollectForAllocation (G1 Evacuation Pause)
Event: 2.264 Executing VM operation: G1CollectForAllocation (G1 Evacuation Pause) done

Events (17 events):
Event: 0.050 Thread 0x00000210cf3047c0 Thread added: 0x00000210cf3047c0
Event: 0.087 Thread 0x00000210ee7b92c0 Thread added: 0x00000210ee7b92c0
Event: 0.087 Thread 0x00000210ee7b9d20 Thread added: 0x00000210ee7b9d20
Event: 0.088 Thread 0x00000210ee7be790 Thread added: 0x00000210ee7be790
Event: 0.088 Thread 0x00000210ee7c3210 Thread added: 0x00000210ee7c3210
Event: 0.088 Thread 0x00000210ee7c5f00 Thread added: 0x00000210ee7c5f00
Event: 0.088 Thread 0x00000210ee7c6f70 Thread added: 0x00000210ee7c6f70
Event: 0.088 Thread 0x00000210ee247f80 Thread added: 0x00000210ee247f80
Event: 0.088 Thread 0x00000210ee24e100 Thread added: 0x00000210ee24e100
Event: 0.108 Thread 0x00000210ee90ed30 Thread added: 0x00000210ee90ed30
Event: 0.110 Thread 0x00000210ee9125a0 Thread added: 0x00000210ee9125a0
Event: 0.353 Thread 0x00000210ee24bef0 Thread added: 0x00000210ee24bef0
Event: 0.379 Thread 0x00000210ee24da30 Thread added: 0x00000210ee24da30
Event: 0.799 Thread 0x00000210ee24da30 Thread exited: 0x00000210ee24da30
Event: 0.825 Thread 0x00000210f312dde0 Thread added: 0x00000210f312dde0
Event: 0.948 Thread 0x00000210f312dde0 Thread exited: 0x00000210f312dde0
Event: 1.193 Thread 0x00000210ee24c5c0 Thread added: 0x00000210ee24c5c0


Dynamic libraries:
0x00007ff7e9050000 - 0x00007ff7e905e000 	C:\Users\lenovo\.lunarclient\jre\56e53accb20696f802d92bd011174126b5e3154e\zulu21.30.15-ca-jre21.0.1-win_x64\bin\java.exe
0x00007fff72d50000 - 0x00007fff72f48000 	C:\WINDOWS\SYSTEM32\ntdll.dll
0x00007fff72a40000 - 0x00007fff72b02000 	C:\WINDOWS\System32\KERNEL32.DLL
0x00007fff706f0000 - 0x00007fff709ee000 	C:\WINDOWS\System32\KERNELBASE.dll
0x00007fff705f0000 - 0x00007fff706f0000 	C:\WINDOWS\System32\ucrtbase.dll
0x00007fff690a0000 - 0x00007fff690b8000 	C:\Users\lenovo\.lunarclient\jre\56e53accb20696f802d92bd011174126b5e3154e\zulu21.30.15-ca-jre21.0.1-win_x64\bin\jli.dll
0x00007fff69a60000 - 0x00007fff69a7b000 	C:\Users\lenovo\.lunarclient\jre\56e53accb20696f802d92bd011174126b5e3154e\zulu21.30.15-ca-jre21.0.1-win_x64\bin\VCRUNTIME140.dll
0x00007fff72b10000 - 0x00007fff72cad000 	C:\WINDOWS\System32\USER32.dll
0x00007fff70af0000 - 0x00007fff70b12000 	C:\WINDOWS\System32\win32u.dll
0x00007fff5f090000 - 0x00007fff5f32a000 	C:\WINDOWS\WinSxS\amd64_microsoft.windows.common-controls_6595b64144ccf1df_6.0.19041.4355_none_60b8b9eb71f62e16\COMCTL32.dll
0x00007fff713b0000 - 0x00007fff713db000 	C:\WINDOWS\System32\GDI32.dll
0x00007fff729a0000 - 0x00007fff72a3e000 	C:\WINDOWS\System32\msvcrt.dll
0x00007fff70b20000 - 0x00007fff70c37000 	C:\WINDOWS\System32\gdi32full.dll
0x00007fff70c40000 - 0x00007fff70cdd000 	C:\WINDOWS\System32\msvcp_win.dll
0x00007fff72370000 - 0x00007fff7239f000 	C:\WINDOWS\System32\IMM32.DLL
0x00000000544d0000 - 0x00000000544dd000 	D:\360safe\safemon\SafeWrapper.dll
0x00007fff71920000 - 0x00007fff719d1000 	C:\WINDOWS\System32\ADVAPI32.dll
0x00007fff70fa0000 - 0x00007fff7103f000 	C:\WINDOWS\System32\sechost.dll
0x00007fff711f0000 - 0x00007fff71313000 	C:\WINDOWS\System32\RPCRT4.dll
0x00007fff703f0000 - 0x00007fff70417000 	C:\WINDOWS\System32\bcrypt.dll
0x00007fff5a3e0000 - 0x00007fff5a4e3000 	D:\360safe\safemon\libzdtp64.dll
0x00007fff719e0000 - 0x00007fff7214d000 	C:\WINDOWS\System32\SHELL32.dll
0x00007fff71440000 - 0x00007fff71495000 	C:\WINDOWS\System32\SHLWAPI.dll
0x00007fff700b0000 - 0x00007fff700ba000 	C:\WINDOWS\SYSTEM32\VERSION.dll
0x00007fff67680000 - 0x00007fff6768c000 	C:\Users\lenovo\.lunarclient\jre\56e53accb20696f802d92bd011174126b5e3154e\zulu21.30.15-ca-jre21.0.1-win_x64\bin\vcruntime140_1.dll
0x00007fff34060000 - 0x00007fff340ee000 	C:\Users\lenovo\.lunarclient\jre\56e53accb20696f802d92bd011174126b5e3154e\zulu21.30.15-ca-jre21.0.1-win_x64\bin\msvcp140.dll
0x00007fff1e100000 - 0x00007fff1ee8d000 	C:\Users\lenovo\.lunarclient\jre\56e53accb20696f802d92bd011174126b5e3154e\zulu21.30.15-ca-jre21.0.1-win_x64\bin\server\jvm.dll
0x00007fff72300000 - 0x00007fff7236b000 	C:\WINDOWS\System32\WS2_32.dll
0x00007fff70150000 - 0x00007fff7019b000 	C:\WINDOWS\SYSTEM32\POWRPROF.dll
0x00007fff6e7f0000 - 0x00007fff6e817000 	C:\WINDOWS\SYSTEM32\WINMM.dll
0x00007fff70130000 - 0x00007fff70142000 	C:\WINDOWS\SYSTEM32\UMPDC.dll
0x00007fff6eb60000 - 0x00007fff6eb72000 	C:\WINDOWS\SYSTEM32\kernel.appcore.dll
0x00007fff66d30000 - 0x00007fff66d3a000 	C:\Users\lenovo\.lunarclient\jre\56e53accb20696f802d92bd011174126b5e3154e\zulu21.30.15-ca-jre21.0.1-win_x64\bin\jimage.dll
0x00007fff6e600000 - 0x00007fff6e7e4000 	C:\WINDOWS\SYSTEM32\DBGHELP.DLL
0x00007fff6e5c0000 - 0x00007fff6e5f4000 	C:\WINDOWS\SYSTEM32\dbgcore.DLL
0x00007fff70ce0000 - 0x00007fff70d62000 	C:\WINDOWS\System32\bcryptPrimitives.dll
0x00007fff66d10000 - 0x00007fff66d2f000 	C:\Users\lenovo\.lunarclient\jre\56e53accb20696f802d92bd011174126b5e3154e\zulu21.30.15-ca-jre21.0.1-win_x64\bin\java.dll
0x00007fff6dd40000 - 0x00007fff6e4e4000 	C:\WINDOWS\SYSTEM32\windows.storage.dll
0x00007fff725d0000 - 0x00007fff72923000 	C:\WINDOWS\System32\combase.dll
0x00007fff6fce0000 - 0x00007fff6fd0e000 	C:\WINDOWS\SYSTEM32\Wldp.dll
0x00007fff70d70000 - 0x00007fff70e3d000 	C:\WINDOWS\System32\OLEAUT32.dll
0x00007fff70ef0000 - 0x00007fff70f9d000 	C:\WINDOWS\System32\SHCORE.dll
0x00007fff70320000 - 0x00007fff70344000 	C:\WINDOWS\SYSTEM32\profapi.dll
0x00007fff2e000000 - 0x00007fff2e0d7000 	C:\Users\lenovo\.lunarclient\jre\56e53accb20696f802d92bd011174126b5e3154e\zulu21.30.15-ca-jre21.0.1-win_x64\bin\jsvml.dll
0x00007fff65d00000 - 0x00007fff65d10000 	C:\Users\lenovo\.lunarclient\jre\56e53accb20696f802d92bd011174126b5e3154e\zulu21.30.15-ca-jre21.0.1-win_x64\bin\net.dll
0x00007fff66940000 - 0x00007fff66a4d000 	C:\WINDOWS\SYSTEM32\WINHTTP.dll
0x00007fff6fa20000 - 0x00007fff6fa8a000 	C:\WINDOWS\system32\mswsock.dll
0x00007fff63ab0000 - 0x00007fff63ac6000 	C:\Users\lenovo\.lunarclient\jre\56e53accb20696f802d92bd011174126b5e3154e\zulu21.30.15-ca-jre21.0.1-win_x64\bin\nio.dll
0x00007fff52fe0000 - 0x00007fff52ff8000 	C:\Users\lenovo\.lunarclient\jre\56e53accb20696f802d92bd011174126b5e3154e\zulu21.30.15-ca-jre21.0.1-win_x64\bin\zip.dll
0x00007fff69da0000 - 0x00007fff69daa000 	C:\Users\lenovo\.lunarclient\jre\56e53accb20696f802d92bd011174126b5e3154e\zulu21.30.15-ca-jre21.0.1-win_x64\bin\management.dll
0x00007fff69b30000 - 0x00007fff69b3b000 	C:\Users\lenovo\.lunarclient\jre\56e53accb20696f802d92bd011174126b5e3154e\zulu21.30.15-ca-jre21.0.1-win_x64\bin\management_ext.dll
0x00007fff721d0000 - 0x00007fff721d8000 	C:\WINDOWS\System32\PSAPI.DLL
0x00007fff4d270000 - 0x00007fff4d287000 	C:\WINDOWS\system32\napinsp.dll
0x00007fff4d250000 - 0x00007fff4d26b000 	C:\WINDOWS\system32\pnrpnsp.dll
0x00007fff6bb10000 - 0x00007fff6bb25000 	C:\WINDOWS\system32\wshbth.dll
0x00007fff69960000 - 0x00007fff6997d000 	C:\WINDOWS\system32\NLAapi.dll
0x00007fff6f6f0000 - 0x00007fff6f72b000 	C:\WINDOWS\SYSTEM32\IPHLPAPI.DLL
0x00007fff6f730000 - 0x00007fff6f7fa000 	C:\WINDOWS\SYSTEM32\DNSAPI.dll
0x00007fff72990000 - 0x00007fff72998000 	C:\WINDOWS\System32\NSI.dll
0x00007fff4d230000 - 0x00007fff4d242000 	C:\WINDOWS\System32\winrnr.dll
0x00007fff690d0000 - 0x00007fff690da000 	C:\Windows\System32\rasadhlp.dll
0x00007fff63b20000 - 0x00007fff63ba0000 	C:\WINDOWS\System32\fwpuclnt.dll

dbghelp: loaded successfully - version: 4.0.5 - missing functions: none
symbol engine: initialized successfully - sym options: 0x614 - pdb path: .;C:\Users\lenovo\.lunarclient\jre\56e53accb20696f802d92bd011174126b5e3154e\zulu21.30.15-ca-jre21.0.1-win_x64\bin;C:\WINDOWS\SYSTEM32;C:\WINDOWS\WinSxS\amd64_microsoft.windows.common-controls_6595b64144ccf1df_6.0.19041.4355_none_60b8b9eb71f62e16;D:\360safe\safemon;C:\Users\lenovo\.lunarclient\jre\56e53accb20696f802d92bd011174126b5e3154e\zulu21.30.15-ca-jre21.0.1-win_x64\bin\server

VM Arguments:
java_command: fabric-server-launch.jar nogui
java_class_path (initial): fabric-server-launch.jar
Launcher Type: SUN_STANDARD

[Global flags]
     intx CICompilerCount                          = 4                                         {product} {ergonomic}
     uint ConcGCThreads                            = 3                                         {product} {ergonomic}
     uint G1ConcRefinementThreads                  = 10                                        {product} {ergonomic}
   size_t G1HeapRegionSize                         = 2097152                                   {product} {ergonomic}
    uintx GCDrainStackTargetSize                   = 64                                        {product} {ergonomic}
   size_t InitialHeapSize                          = 257949696                                 {product} {ergonomic}
   size_t MarkStackSize                            = 4194304                                   {product} {ergonomic}
   size_t MaxHeapSize                              = 4125097984                                {product} {ergonomic}
   size_t MaxNewSize                               = 2474639360                                {product} {ergonomic}
   size_t MinHeapDeltaBytes                        = 2097152                                   {product} {ergonomic}
   size_t MinHeapSize                              = 8388608                                   {product} {ergonomic}
    uintx NonNMethodCodeHeapSize                   = 5839372                                {pd product} {ergonomic}
    uintx NonProfiledCodeHeapSize                  = 122909434                              {pd product} {ergonomic}
    uintx ProfiledCodeHeapSize                     = 122909434                              {pd product} {ergonomic}
    uintx ReservedCodeCacheSize                    = 251658240                              {pd product} {ergonomic}
     bool SegmentedCodeCache                       = true                                      {product} {ergonomic}
   size_t SoftMaxHeapSize                          = 4125097984                             {manageable} {ergonomic}
     bool UseCompressedOops                        = true                           {product lp64_product} {ergonomic}
     bool UseG1GC                                  = true                                      {product} {ergonomic}
     bool UseLargePagesIndividualAllocation        = false                                  {pd product} {ergonomic}

Logging:
Log output configuration:
 #0: stdout all=warning uptime,level,tags foldmultilines=false
 #1: stderr all=off uptime,level,tags foldmultilines=false

Environment Variables:
JAVA_HOME=D:\Java\java17.0.2\zulu17.32.13-ca-fx-jre17.0.2-win_x64
PATH=C:\Program Files\Common Files\Oracle\Java\javapath;C:\Program Files\Zulu\zulu-21\bin\;C:\Program Files (x86)\Common Files\Oracle\Java\java8path;C:\Program Files (x86)\Common Files\Oracle\Java\javapath;C:\Program Files (x86)\Common Files\Intel\Shared Libraries\redist\intel64\compiler;C:\Program Files\BellSoft\LibericaJRE-17\bin\;C:\WINDOWS\system32;C:\WINDOWS;C:\WINDOWS\System32\Wbem;C:\WINDOWS\System32\WindowsPowerShell\v1.0\;C:\WINDOWS\System32\OpenSSH\;C:\Program Files\dotnet\;D:\python\Scripts\;D:\Java\java17.0.2\zulu17.32.13-ca-fx-jre17.0.2-win_x64\bin;%USERPROFILE%\AppData\Local\Microsoft\WindowsApps;C:\Program Files\Bandizip\;D:\QQ\Hall.58158\
USERNAME=lenovo
LANG=zh_CN.UTF-8
OS=Windows_NT
PROCESSOR_IDENTIFIER=AMD64 Family 23 Model 96 Stepping 1, AuthenticAMD
TMP=C:\Users\lenovo\AppData\Local\Temp
TEMP=C:\Users\lenovo\AppData\Local\Temp




Periodic native trim disabled

---------------  S Y S T E M  ---------------

OS:
 Windows 10 , 64 bit Build 19041 (10.0.19041.5198)
OS uptime: 0 days 1:51 hours
Hyper-V role detected

CPU: total 12 (initial active 12) (12 cores per cpu, 2 threads per core) family 23 model 96 stepping 1 microcode 0x0, cx8, cmov, fxsr, ht, mmx, 3dnowpref, sse, sse2, sse3, ssse3, sse4a, sse4.1, sse4.2, popcnt, lzcnt, tsc, tscinvbit, avx, avx2, aes, clmul, bmi1, bmi2, adx, sha, fma, vzeroupper, clflush, clflushopt, hv, rdtscp, rdpid, f16c
Processor Information for all 12 processors :
  Max Mhz: 2100, Current Mhz: 2100, Mhz Limit: 2100

Memory: 4k page, system-wide physical 15734M (2265M free)
TotalPageFile size 17121M (AvailPageFile size 0M)
current process WorkingSet (physical memory assigned to process): 115M, peak: 116M
current process commit charge ("private bytes"): 369M, peak: 372M

vm_info: OpenJDK 64-Bit Server VM (21.0.1+12-LTS) for windows-amd64 JRE (21.0.1+12-LTS) (Zulu21.30+15-CA), built on 2023-10-11T21:38:38Z by "zulu_re" with MS VC++ 17.1 (VS2022)

END.
