#
# There is insufficient memory for the Java Runtime Environment to continue.
# Native memory allocation (malloc) failed to allocate 98928 bytes for Chunk::new
# Possible reasons:
#   The system is out of physical RAM or swap space
#   The process is running with CompressedOops enabled, and the Java Heap may be blocking the growth of the native heap
# Possible solutions:
#   Reduce memory load on the system
#   Increase physical memory or swap space
#   Check if swap backing store is full
#   Decrease Java heap size (-Xmx/-Xms)
#   Decrease number of Java threads
#   Decrease Java thread stack sizes (-Xss)
#   Set larger code cache with -XX:ReservedCodeCacheSize=
#   JVM is running with Zero Based Compressed Oops mode in which the Java heap is
#     placed in the first 32GB address space. The Java Heap base address is the
#     maximum limit for the native heap growth. Please use -XX:HeapBaseMinAddress
#     to set the Java Heap base and to place the Java Heap above 32GB virtual address.
# This output file may be truncated or incomplete.
#
#  Out of Memory Error (arena.cpp:168), pid=3164, tid=6560
#
# JRE version: OpenJDK Runtime Environment Zulu21.30+15-CA (21.0.1+12) (build 21.0.1+12-LTS)
# Java VM: OpenJDK 64-Bit Server VM Zulu21.30+15-CA (21.0.1+12-LTS, mixed mode, sharing, tiered, compressed oops, compressed class ptrs, g1 gc, windows-amd64)
# No core dump will be written. Minidumps are not enabled by default on client versions of Windows
#

---------------  S U M M A R Y ------------

Command Line: fabric-server-launch.jar nogui

Host: AMD Ryzen 5 4600U with Radeon Graphics         , 12 cores, 15G,  Windows 10 , 64 bit Build 19041 (10.0.19041.5198)
Time: Fri Jan 17 21:08:35 2025  Windows 10 , 64 bit Build 19041 (10.0.19041.5198) elapsed time: 37.439116 seconds (0d 0h 0m 37s)

---------------  T H R E A D  ---------------

Current thread (0x000001b514955780):  JavaThread "C2 CompilerThread1" daemon [_thread_in_native, id=6560, stack(0x0000007b70800000,0x0000007b70900000) (1024K)]


Current CompileTask:
C2:  37439 13618       4       java.math.BigInteger::add (215 bytes)

Stack: [0x0000007b70800000,0x0000007b70900000]
Native frames: (J=compiled Java code, j=interpreted, Vv=VM code, C=native code)
V  [jvm.dll+0x6cea19]
V  [jvm.dll+0x8a9ef1]
V  [jvm.dll+0x8ac1ce]
V  [jvm.dll+0x8ac8b3]
V  [jvm.dll+0x283e46]
V  [jvm.dll+0xc5a4d]
V  [jvm.dll+0xc5f63]
V  [jvm.dll+0x3b90cc]
V  [jvm.dll+0x1e42f9]
V  [jvm.dll+0x24c4d2]
V  [jvm.dll+0x24b961]
V  [jvm.dll+0x1cbe11]
V  [jvm.dll+0x25b089]
V  [jvm.dll+0x25966a]
V  [jvm.dll+0x3f2bd6]
V  [jvm.dll+0x8526e8]
V  [jvm.dll+0x6cd16d]
C  [ucrtbase.dll+0x21bb2]
C  [KERNEL32.DLL+0x17374]
C  [ntdll.dll+0x4cc91]


---------------  P R O C E S S  ---------------

Threads class SMR info:
_java_thread_list=0x000001b5166ca970, length=30, elements={
0x000001b4cb45c870, 0x000001b4cb45d2d0, 0x000001b4cb45fa50, 0x000001b4cb467080,
0x000001b4cb46c520, 0x000001b4cb4711f0, 0x000001b4cb474340, 0x000001b4cb475580,
0x000001b4cb59eb50, 0x000001b4cb5a53a0, 0x000001b513ccdaf0, 0x000001b5147c3390,
0x000001b5147c12c0, 0x000001b5147bf880, 0x000001b513cccdd0, 0x000001b513d4c110,
0x000001b513d4c7a0, 0x000001b5156f9d70, 0x000001b5156fa400, 0x000001b5156faa90,
0x000001b5156fbe40, 0x000001b5156f9050, 0x000001b5156f7ca0, 0x000001b5156fb120,
0x000001b5156f6260, 0x000001b514955780, 0x000001b5147bc400, 0x000001b5147beb60,
0x000001b5147bff10, 0x000001b51495a270
}

Java Threads: ( => current thread )
  0x000001b4cb45c870 JavaThread "Reference Handler"          daemon [_thread_blocked, id=18768, stack(0x0000007b6fe00000,0x0000007b6ff00000) (1024K)]
  0x000001b4cb45d2d0 JavaThread "Finalizer"                  daemon [_thread_blocked, id=18788, stack(0x0000007b6ff00000,0x0000007b70000000) (1024K)]
  0x000001b4cb45fa50 JavaThread "Signal Dispatcher"          daemon [_thread_blocked, id=18776, stack(0x0000007b70000000,0x0000007b70100000) (1024K)]
  0x000001b4cb467080 JavaThread "Attach Listener"            daemon [_thread_blocked, id=18848, stack(0x0000007b70100000,0x0000007b70200000) (1024K)]
  0x000001b4cb46c520 JavaThread "Service Thread"             daemon [_thread_blocked, id=16568, stack(0x0000007b70200000,0x0000007b70300000) (1024K)]
  0x000001b4cb4711f0 JavaThread "Monitor Deflation Thread"   daemon [_thread_blocked, id=8788, stack(0x0000007b70300000,0x0000007b70400000) (1024K)]
  0x000001b4cb474340 JavaThread "C2 CompilerThread0"         daemon [_thread_in_native, id=6880, stack(0x0000007b70400000,0x0000007b70500000) (1024K)]
  0x000001b4cb475580 JavaThread "C1 CompilerThread0"         daemon [_thread_blocked, id=15900, stack(0x0000007b70500000,0x0000007b70600000) (1024K)]
  0x000001b4cb59eb50 JavaThread "Notification Thread"        daemon [_thread_blocked, id=11020, stack(0x0000007b70600000,0x0000007b70700000) (1024K)]
  0x000001b4cb5a53a0 JavaThread "Common-Cleaner"             daemon [_thread_blocked, id=17848, stack(0x0000007b70700000,0x0000007b70800000) (1024K)]
  0x000001b513ccdaf0 JavaThread "JNA Cleaner"                daemon [_thread_blocked, id=9828, stack(0x0000007b71500000,0x0000007b71600000) (1024K)]
  0x000001b5147c3390 JavaThread "Timer hack thread"          daemon [_thread_blocked, id=19252, stack(0x0000007b71900000,0x0000007b71a00000) (1024K)]
  0x000001b5147c12c0 JavaThread "Yggdrasil Key Fetcher"      daemon [_thread_blocked, id=11368, stack(0x0000007b71a00000,0x0000007b71b00000) (1024K)]
  0x000001b5147bf880 JavaThread "Keep-Alive-Timer"           daemon [_thread_blocked, id=10320, stack(0x0000007b71c00000,0x0000007b71d00000) (1024K)]
  0x000001b513cccdd0 JavaThread "Worker-Main-1"              daemon [_thread_blocked, id=16564, stack(0x0000007b71d00000,0x0000007b71e00000) (1024K)]
  0x000001b513d4c110 JavaThread "Worker-Main-2"              daemon [_thread_blocked, id=4440, stack(0x0000007b71e00000,0x0000007b71f00000) (1024K)]
  0x000001b513d4c7a0 JavaThread "Worker-Main-3"              daemon [_thread_blocked, id=300, stack(0x0000007b71f00000,0x0000007b72000000) (1024K)]
  0x000001b5156f9d70 JavaThread "Worker-Main-4"              daemon [_thread_blocked, id=4436, stack(0x0000007b72000000,0x0000007b72100000) (1024K)]
  0x000001b5156fa400 JavaThread "Worker-Main-5"              daemon [_thread_blocked, id=19084, stack(0x0000007b72100000,0x0000007b72200000) (1024K)]
  0x000001b5156faa90 JavaThread "Worker-Main-6"              daemon [_thread_blocked, id=14868, stack(0x0000007b72200000,0x0000007b72300000) (1024K)]
  0x000001b5156fbe40 JavaThread "Worker-Main-7"              daemon [_thread_blocked, id=17580, stack(0x0000007b72300000,0x0000007b72400000) (1024K)]
  0x000001b5156f9050 JavaThread "Worker-Main-8"              daemon [_thread_blocked, id=4372, stack(0x0000007b72400000,0x0000007b72500000) (1024K)]
  0x000001b5156f7ca0 JavaThread "Worker-Main-9"              daemon [_thread_blocked, id=18176, stack(0x0000007b72500000,0x0000007b72600000) (1024K)]
  0x000001b5156fb120 JavaThread "Worker-Main-11"             daemon [_thread_blocked, id=5332, stack(0x0000007b72600000,0x0000007b72700000) (1024K)]
  0x000001b5156f6260 JavaThread "Worker-Main-10"             daemon [_thread_blocked, id=9672, stack(0x0000007b72700000,0x0000007b72800000) (1024K)]
=>0x000001b514955780 JavaThread "C2 CompilerThread1"         daemon [_thread_in_native, id=6560, stack(0x0000007b70800000,0x0000007b70900000) (1024K)]
  0x000001b5147bc400 JavaThread "Server thread"                     [_thread_in_native, id=2456, stack(0x0000007b70900000,0x0000007b70a00000) (1024K)]
  0x000001b5147beb60 JavaThread "DestroyJavaVM"                     [_thread_blocked, id=18764, stack(0x0000007b6f600000,0x0000007b6f700000) (1024K)]
  0x000001b5147bff10 JavaThread "Server console handler"     daemon [_thread_in_native, id=684, stack(0x0000007b72800000,0x0000007b72900000) (1024K)]
  0x000001b51495a270 JavaThread "C2 CompilerThread2"         daemon [_thread_blocked, id=11544, stack(0x0000007b72900000,0x0000007b72a00000) (1024K)]
Total: 30

Other Threads:
  0x000001b4cab3a7a0 VMThread "VM Thread"                           [id=18752, stack(0x0000007b6fd00000,0x0000007b6fe00000) (1024K)]
  0x000001b4cab1fe30 WatcherThread "VM Periodic Task Thread"        [id=18792, stack(0x0000007b6fc00000,0x0000007b6fd00000) (1024K)]
  0x000001b4adb16fa0 WorkerThread "GC Thread#0"                     [id=18504, stack(0x0000007b6f700000,0x0000007b6f800000) (1024K)]
  0x000001b4cab3bd60 WorkerThread "GC Thread#1"                     [id=10424, stack(0x0000007b70a00000,0x0000007b70b00000) (1024K)]
  0x000001b4cab3b9c0 WorkerThread "GC Thread#2"                     [id=6868, stack(0x0000007b70b00000,0x0000007b70c00000) (1024K)]
  0x000001b4cab3a400 WorkerThread "GC Thread#3"                     [id=15520, stack(0x0000007b70c00000,0x0000007b70d00000) (1024K)]
  0x000001b4cab3ab40 WorkerThread "GC Thread#4"                     [id=15508, stack(0x0000007b70d00000,0x0000007b70e00000) (1024K)]
  0x000001b4cab3b620 WorkerThread "GC Thread#5"                     [id=11888, stack(0x0000007b70e00000,0x0000007b70f00000) (1024K)]
  0x000001b5114c9b60 WorkerThread "GC Thread#6"                     [id=16280, stack(0x0000007b70f00000,0x0000007b71000000) (1024K)]
  0x000001b5114c7380 WorkerThread "GC Thread#7"                     [id=16508, stack(0x0000007b71000000,0x0000007b71100000) (1024K)]
  0x000001b5114c85a0 WorkerThread "GC Thread#8"                     [id=3364, stack(0x0000007b71100000,0x0000007b71200000) (1024K)]
  0x000001b5114c7e60 WorkerThread "GC Thread#9"                     [id=18288, stack(0x0000007b71200000,0x0000007b71300000) (1024K)]
  0x000001b4adb437a0 ConcurrentGCThread "G1 Main Marker"            [id=18748, stack(0x0000007b6f800000,0x0000007b6f900000) (1024K)]
  0x000001b4adb44850 WorkerThread "G1 Conc#0"                       [id=18784, stack(0x0000007b6f900000,0x0000007b6fa00000) (1024K)]
  0x000001b5114c97c0 WorkerThread "G1 Conc#1"                       [id=17936, stack(0x0000007b71300000,0x0000007b71400000) (1024K)]
  0x000001b5114a6240 WorkerThread "G1 Conc#2"                       [id=18136, stack(0x0000007b71400000,0x0000007b71500000) (1024K)]
  0x000001b4ca9f3d50 ConcurrentGCThread "G1 Refine#0"               [id=18772, stack(0x0000007b6fa00000,0x0000007b6fb00000) (1024K)]
  0x000001b4ca9f4570 ConcurrentGCThread "G1 Service"                [id=18780, stack(0x0000007b6fb00000,0x0000007b6fc00000) (1024K)]
Total: 18

Threads with active compile tasks:
C2 CompilerThread0    37520 13612       4       java.math.MutableBigInteger::divideMagnitude (1297 bytes)
C2 CompilerThread1    37520 13618       4       java.math.BigInteger::add (215 bytes)
Total: 2

VM state: not at safepoint (normal execution)

VM Mutex/Monitor currently owned by a thread: None

Heap address: 0x000000070a200000, size: 3934 MB, Compressed Oops mode: Zero based, Oop shift amount: 3

CDS archive(s) mapped at: [0x000001b4cc000000-0x000001b4ccba0000-0x000001b4ccba0000), size 12189696, SharedBaseAddress: 0x000001b4cc000000, ArchiveRelocationMode: 1.
Compressed class space mapped at: 0x000001b4cd000000-0x000001b50d000000, reserved size: 1073741824
Narrow klass base: 0x000001b4cc000000, Narrow klass shift: 0, Narrow klass range: 0x100000000

GC Precious Log:
 CardTable entry size: 512
 Card Set container configuration: InlinePtr #cards 4 size 8 Array Of Cards #cards 16 size 48 Howl #buckets 8 coarsen threshold 3686 Howl Bitmap #cards 512 size 80 coarsen threshold 460 Card regions per heap region 1 cards per card region 4096
 CPUs: 12 total, 12 available
 Memory: 15734M
 Large Page Support: Disabled
 NUMA Support: Disabled
 Compressed Oops: Enabled (Zero based)
 Heap Region Size: 2M
 Heap Min Capacity: 8M
 Heap Initial Capacity: 246M
 Heap Max Capacity: 3934M
 Pre-touch: Disabled
 Parallel Workers: 10
 Concurrent Workers: 3
 Concurrent Refinement Workers: 10
 Periodic GC: Disabled

Heap:
 garbage-first heap   total 393216K, used 210799K [0x000000070a200000, 0x0000000800000000)
  region size 2048K, 14 young (28672K), 6 survivors (12288K)
 Metaspace       used 88698K, committed 89792K, reserved 1179648K
  class space    used 13765K, committed 14272K, reserved 1048576K

Heap Regions: E=young(eden), S=young(survivor), O=old, HS=humongous(starts), HC=humongous(continues), CS=collection set, F=free, TAMS=top-at-mark-start, PB=parsable bottom
|   0|0x000000070a200000, 0x000000070a400000, 0x000000070a400000|100%| O|  |TAMS 0x000000070a200000| PB 0x000000070a200000| Untracked 
|   1|0x000000070a400000, 0x000000070a600000, 0x000000070a600000|100%| O|  |TAMS 0x000000070a400000| PB 0x000000070a400000| Untracked 
|   2|0x000000070a600000, 0x000000070a800000, 0x000000070a800000|100%|HS|  |TAMS 0x000000070a600000| PB 0x000000070a600000| Complete 
|   3|0x000000070a800000, 0x000000070aa00000, 0x000000070aa00000|100%| O|  |TAMS 0x000000070a800000| PB 0x000000070a800000| Untracked 
|   4|0x000000070aa00000, 0x000000070ac00000, 0x000000070ac00000|100%| O|  |TAMS 0x000000070aa00000| PB 0x000000070aa00000| Untracked 
|   5|0x000000070ac00000, 0x000000070ae00000, 0x000000070ae00000|100%| O|  |TAMS 0x000000070ac00000| PB 0x000000070ac00000| Untracked 
|   6|0x000000070ae00000, 0x000000070b000000, 0x000000070b000000|100%|HS|  |TAMS 0x000000070ae00000| PB 0x000000070ae00000| Complete 
|   7|0x000000070b000000, 0x000000070b200000, 0x000000070b200000|100%| O|  |TAMS 0x000000070b000000| PB 0x000000070b000000| Untracked 
|   8|0x000000070b200000, 0x000000070b400000, 0x000000070b400000|100%| O|  |TAMS 0x000000070b200000| PB 0x000000070b200000| Untracked 
|   9|0x000000070b400000, 0x000000070b600000, 0x000000070b600000|100%| O|  |TAMS 0x000000070b400000| PB 0x000000070b400000| Untracked 
|  10|0x000000070b600000, 0x000000070b800000, 0x000000070b800000|100%| O|  |TAMS 0x000000070b600000| PB 0x000000070b600000| Untracked 
|  11|0x000000070b800000, 0x000000070ba00000, 0x000000070ba00000|100%| O|  |TAMS 0x000000070b800000| PB 0x000000070b800000| Untracked 
|  12|0x000000070ba00000, 0x000000070bc00000, 0x000000070bc00000|100%| O|  |TAMS 0x000000070ba00000| PB 0x000000070ba00000| Untracked 
|  13|0x000000070bc00000, 0x000000070be00000, 0x000000070be00000|100%| O|  |TAMS 0x000000070bc00000| PB 0x000000070bc00000| Untracked 
|  14|0x000000070be00000, 0x000000070c000000, 0x000000070c000000|100%| O|  |TAMS 0x000000070be00000| PB 0x000000070be00000| Untracked 
|  15|0x000000070c000000, 0x000000070c200000, 0x000000070c200000|100%| O|  |TAMS 0x000000070c000000| PB 0x000000070c000000| Untracked 
|  16|0x000000070c200000, 0x000000070c400000, 0x000000070c400000|100%| O|  |TAMS 0x000000070c200000| PB 0x000000070c200000| Untracked 
|  17|0x000000070c400000, 0x000000070c600000, 0x000000070c600000|100%| O|  |TAMS 0x000000070c400000| PB 0x000000070c400000| Untracked 
|  18|0x000000070c600000, 0x000000070c800000, 0x000000070c800000|100%| O|  |TAMS 0x000000070c600000| PB 0x000000070c600000| Untracked 
|  19|0x000000070c800000, 0x000000070ca00000, 0x000000070ca00000|100%|HS|  |TAMS 0x000000070c800000| PB 0x000000070c800000| Complete 
|  20|0x000000070ca00000, 0x000000070cc00000, 0x000000070cc00000|100%|HC|  |TAMS 0x000000070ca00000| PB 0x000000070ca00000| Complete 
|  21|0x000000070cc00000, 0x000000070ce00000, 0x000000070ce00000|100%|HC|  |TAMS 0x000000070cc00000| PB 0x000000070cc00000| Complete 
|  22|0x000000070ce00000, 0x000000070d000000, 0x000000070d000000|100%|HC|  |TAMS 0x000000070ce00000| PB 0x000000070ce00000| Complete 
|  23|0x000000070d000000, 0x000000070d200000, 0x000000070d200000|100%|HC|  |TAMS 0x000000070d000000| PB 0x000000070d000000| Complete 
|  24|0x000000070d200000, 0x000000070d400000, 0x000000070d400000|100%|HC|  |TAMS 0x000000070d200000| PB 0x000000070d200000| Complete 
|  25|0x000000070d400000, 0x000000070d600000, 0x000000070d600000|100%| O|  |TAMS 0x000000070d400000| PB 0x000000070d400000| Untracked 
|  26|0x000000070d600000, 0x000000070d800000, 0x000000070d800000|100%| O|  |TAMS 0x000000070d600000| PB 0x000000070d600000| Untracked 
|  27|0x000000070d800000, 0x000000070da00000, 0x000000070da00000|100%| O|  |TAMS 0x000000070d800000| PB 0x000000070d800000| Untracked 
|  28|0x000000070da00000, 0x000000070dc00000, 0x000000070dc00000|100%| O|  |TAMS 0x000000070da00000| PB 0x000000070da00000| Untracked 
|  29|0x000000070dc00000, 0x000000070de00000, 0x000000070de00000|100%| O|  |TAMS 0x000000070dc00000| PB 0x000000070dc00000| Untracked 
|  30|0x000000070de00000, 0x000000070e000000, 0x000000070e000000|100%| O|  |TAMS 0x000000070de00000| PB 0x000000070de00000| Untracked 
|  31|0x000000070e000000, 0x000000070e200000, 0x000000070e200000|100%| O|  |TAMS 0x000000070e000000| PB 0x000000070e000000| Untracked 
|  32|0x000000070e200000, 0x000000070e400000, 0x000000070e400000|100%| O|  |TAMS 0x000000070e200000| PB 0x000000070e200000| Untracked 
|  33|0x000000070e400000, 0x000000070e600000, 0x000000070e600000|100%| O|  |TAMS 0x000000070e400000| PB 0x000000070e400000| Untracked 
|  34|0x000000070e600000, 0x000000070e800000, 0x000000070e800000|100%| O|  |TAMS 0x000000070e600000| PB 0x000000070e600000| Untracked 
|  35|0x000000070e800000, 0x000000070ea00000, 0x000000070ea00000|100%| O|  |TAMS 0x000000070e800000| PB 0x000000070e800000| Untracked 
|  36|0x000000070ea00000, 0x000000070ec00000, 0x000000070ec00000|100%| O|  |TAMS 0x000000070ea00000| PB 0x000000070ea00000| Untracked 
|  37|0x000000070ec00000, 0x000000070ee00000, 0x000000070ee00000|100%| O|  |TAMS 0x000000070ec00000| PB 0x000000070ec00000| Untracked 
|  38|0x000000070ee00000, 0x000000070f000000, 0x000000070f000000|100%| O|  |TAMS 0x000000070ee00000| PB 0x000000070ee00000| Untracked 
|  39|0x000000070f000000, 0x000000070f200000, 0x000000070f200000|100%| O|  |TAMS 0x000000070f000000| PB 0x000000070f000000| Untracked 
|  40|0x000000070f200000, 0x000000070f400000, 0x000000070f400000|100%| O|  |TAMS 0x000000070f200000| PB 0x000000070f200000| Untracked 
|  41|0x000000070f400000, 0x000000070f600000, 0x000000070f600000|100%| O|  |TAMS 0x000000070f400000| PB 0x000000070f400000| Untracked 
|  42|0x000000070f600000, 0x000000070f800000, 0x000000070f800000|100%| O|  |TAMS 0x000000070f600000| PB 0x000000070f600000| Untracked 
|  43|0x000000070f800000, 0x000000070fa00000, 0x000000070fa00000|100%| O|Cm|TAMS 0x000000070f800000| PB 0x000000070f800000| Complete 
|  44|0x000000070fa00000, 0x000000070fc00000, 0x000000070fc00000|100%| O|  |TAMS 0x000000070fa00000| PB 0x000000070fa00000| Untracked 
|  45|0x000000070fc00000, 0x000000070fe00000, 0x000000070fe00000|100%| O|  |TAMS 0x000000070fc00000| PB 0x000000070fc00000| Untracked 
|  46|0x000000070fe00000, 0x0000000710000000, 0x0000000710000000|100%| O|  |TAMS 0x000000070fe00000| PB 0x000000070fe00000| Untracked 
|  47|0x0000000710000000, 0x0000000710200000, 0x0000000710200000|100%| O|  |TAMS 0x0000000710000000| PB 0x0000000710000000| Untracked 
|  48|0x0000000710200000, 0x0000000710400000, 0x0000000710400000|100%| O|  |TAMS 0x0000000710200000| PB 0x0000000710200000| Untracked 
|  49|0x0000000710400000, 0x0000000710600000, 0x0000000710600000|100%| O|  |TAMS 0x0000000710400000| PB 0x0000000710400000| Untracked 
|  50|0x0000000710600000, 0x0000000710800000, 0x0000000710800000|100%| O|  |TAMS 0x0000000710600000| PB 0x0000000710600000| Untracked 
|  51|0x0000000710800000, 0x0000000710a00000, 0x0000000710a00000|100%| O|  |TAMS 0x0000000710800000| PB 0x0000000710800000| Untracked 
|  52|0x0000000710a00000, 0x0000000710c00000, 0x0000000710c00000|100%| O|  |TAMS 0x0000000710a00000| PB 0x0000000710a00000| Untracked 
|  53|0x0000000710c00000, 0x0000000710e00000, 0x0000000710e00000|100%| O|  |TAMS 0x0000000710c00000| PB 0x0000000710c00000| Untracked 
|  54|0x0000000710e00000, 0x0000000711000000, 0x0000000711000000|100%| O|  |TAMS 0x0000000710e00000| PB 0x0000000710e00000| Untracked 
|  55|0x0000000711000000, 0x0000000711200000, 0x0000000711200000|100%| O|  |TAMS 0x0000000711000000| PB 0x0000000711000000| Untracked 
|  56|0x0000000711200000, 0x0000000711400000, 0x0000000711400000|100%| O|Cm|TAMS 0x0000000711200000| PB 0x0000000711200000| Complete 
|  57|0x0000000711400000, 0x0000000711600000, 0x0000000711600000|100%| O|  |TAMS 0x0000000711400000| PB 0x0000000711400000| Untracked 
|  58|0x0000000711600000, 0x0000000711800000, 0x0000000711800000|100%| O|  |TAMS 0x0000000711600000| PB 0x0000000711600000| Untracked 
|  59|0x0000000711800000, 0x0000000711a00000, 0x0000000711a00000|100%| O|Cm|TAMS 0x0000000711800000| PB 0x0000000711800000| Complete 
|  60|0x0000000711a00000, 0x0000000711c00000, 0x0000000711c00000|100%| O|  |TAMS 0x0000000711a00000| PB 0x0000000711a00000| Untracked 
|  61|0x0000000711c00000, 0x0000000711e00000, 0x0000000711e00000|100%| O|  |TAMS 0x0000000711c00000| PB 0x0000000711c00000| Untracked 
|  62|0x0000000711e00000, 0x0000000712000000, 0x0000000712000000|100%| O|  |TAMS 0x0000000711e00000| PB 0x0000000711e00000| Untracked 
|  63|0x0000000712000000, 0x0000000712200000, 0x0000000712200000|100%| O|  |TAMS 0x0000000712000000| PB 0x0000000712000000| Untracked 
|  64|0x0000000712200000, 0x0000000712400000, 0x0000000712400000|100%| O|  |TAMS 0x0000000712200000| PB 0x0000000712200000| Untracked 
|  65|0x0000000712400000, 0x0000000712600000, 0x0000000712600000|100%| O|  |TAMS 0x0000000712400000| PB 0x0000000712400000| Untracked 
|  66|0x0000000712600000, 0x0000000712800000, 0x0000000712800000|100%| O|  |TAMS 0x0000000712600000| PB 0x0000000712600000| Untracked 
|  67|0x0000000712800000, 0x0000000712a00000, 0x0000000712a00000|100%| O|  |TAMS 0x0000000712800000| PB 0x0000000712800000| Untracked 
|  68|0x0000000712a00000, 0x0000000712c00000, 0x0000000712c00000|100%| O|  |TAMS 0x0000000712a00000| PB 0x0000000712a00000| Untracked 
|  69|0x0000000712c00000, 0x0000000712e00000, 0x0000000712e00000|100%| O|  |TAMS 0x0000000712c00000| PB 0x0000000712c00000| Untracked 
|  70|0x0000000712e00000, 0x0000000713000000, 0x0000000713000000|100%| O|  |TAMS 0x0000000712e00000| PB 0x0000000712e00000| Untracked 
|  71|0x0000000713000000, 0x0000000713200000, 0x0000000713200000|100%| O|  |TAMS 0x0000000713000000| PB 0x0000000713000000| Untracked 
|  72|0x0000000713200000, 0x0000000713400000, 0x0000000713400000|100%| O|  |TAMS 0x0000000713200000| PB 0x0000000713200000| Untracked 
|  73|0x0000000713400000, 0x0000000713600000, 0x0000000713600000|100%| O|  |TAMS 0x0000000713400000| PB 0x0000000713400000| Untracked 
|  74|0x0000000713600000, 0x0000000713800000, 0x0000000713800000|100%| O|  |TAMS 0x0000000713600000| PB 0x0000000713600000| Untracked 
|  75|0x0000000713800000, 0x0000000713a00000, 0x0000000713a00000|100%|HS|  |TAMS 0x0000000713800000| PB 0x0000000713800000| Complete 
|  76|0x0000000713a00000, 0x0000000713c00000, 0x0000000713c00000|100%| O|  |TAMS 0x0000000713a00000| PB 0x0000000713a00000| Untracked 
|  77|0x0000000713c00000, 0x0000000713e00000, 0x0000000713e00000|100%| O|  |TAMS 0x0000000713c00000| PB 0x0000000713c00000| Untracked 
|  78|0x0000000713e00000, 0x0000000714000000, 0x0000000714000000|100%| O|  |TAMS 0x0000000713e00000| PB 0x0000000713e00000| Untracked 
|  79|0x0000000714000000, 0x0000000714200000, 0x0000000714200000|100%| O|  |TAMS 0x0000000714000000| PB 0x0000000714000000| Untracked 
|  80|0x0000000714200000, 0x0000000714400000, 0x0000000714400000|100%| O|  |TAMS 0x0000000714200000| PB 0x0000000714200000| Untracked 
|  81|0x0000000714400000, 0x0000000714600000, 0x0000000714600000|100%| O|  |TAMS 0x0000000714400000| PB 0x0000000714400000| Untracked 
|  82|0x0000000714600000, 0x0000000714800000, 0x0000000714800000|100%| O|  |TAMS 0x0000000714600000| PB 0x0000000714600000| Untracked 
|  83|0x0000000714800000, 0x0000000714a00000, 0x0000000714a00000|100%| O|  |TAMS 0x0000000714800000| PB 0x0000000714800000| Untracked 
|  84|0x0000000714a00000, 0x0000000714c00000, 0x0000000714c00000|100%| O|  |TAMS 0x0000000714a00000| PB 0x0000000714a00000| Untracked 
|  85|0x0000000714c00000, 0x0000000714e00000, 0x0000000714e00000|100%| O|  |TAMS 0x0000000714c00000| PB 0x0000000714c00000| Untracked 
|  86|0x0000000714e00000, 0x0000000714ff9230, 0x0000000715000000| 98%| O|  |TAMS 0x0000000714e00000| PB 0x0000000714e00000| Untracked 
|  87|0x0000000715000000, 0x0000000715000000, 0x0000000715200000|  0%| F|  |TAMS 0x0000000715000000| PB 0x0000000715000000| Untracked 
|  88|0x0000000715200000, 0x0000000715200000, 0x0000000715400000|  0%| F|  |TAMS 0x0000000715200000| PB 0x0000000715200000| Untracked 
|  89|0x0000000715400000, 0x0000000715400000, 0x0000000715600000|  0%| F|  |TAMS 0x0000000715400000| PB 0x0000000715400000| Untracked 
|  90|0x0000000715600000, 0x0000000715600000, 0x0000000715800000|  0%| F|  |TAMS 0x0000000715600000| PB 0x0000000715600000| Untracked 
|  91|0x0000000715800000, 0x0000000715800000, 0x0000000715a00000|  0%| F|  |TAMS 0x0000000715800000| PB 0x0000000715800000| Untracked 
|  92|0x0000000715a00000, 0x0000000715a00000, 0x0000000715c00000|  0%| F|  |TAMS 0x0000000715a00000| PB 0x0000000715a00000| Untracked 
|  93|0x0000000715c00000, 0x0000000715c00000, 0x0000000715e00000|  0%| F|  |TAMS 0x0000000715c00000| PB 0x0000000715c00000| Untracked 
|  94|0x0000000715e00000, 0x0000000715e00000, 0x0000000716000000|  0%| F|  |TAMS 0x0000000715e00000| PB 0x0000000715e00000| Untracked 
|  95|0x0000000716000000, 0x0000000716000000, 0x0000000716200000|  0%| F|  |TAMS 0x0000000716000000| PB 0x0000000716000000| Untracked 
|  96|0x0000000716200000, 0x0000000716200000, 0x0000000716400000|  0%| F|  |TAMS 0x0000000716200000| PB 0x0000000716200000| Untracked 
|  97|0x0000000716400000, 0x0000000716400000, 0x0000000716600000|  0%| F|  |TAMS 0x0000000716400000| PB 0x0000000716400000| Untracked 
|  98|0x0000000716600000, 0x0000000716600000, 0x0000000716800000|  0%| F|  |TAMS 0x0000000716600000| PB 0x0000000716600000| Untracked 
|  99|0x0000000716800000, 0x0000000716800000, 0x0000000716a00000|  0%| F|  |TAMS 0x0000000716800000| PB 0x0000000716800000| Untracked 
| 100|0x0000000716a00000, 0x0000000716a00000, 0x0000000716c00000|  0%| F|  |TAMS 0x0000000716a00000| PB 0x0000000716a00000| Untracked 
| 101|0x0000000716c00000, 0x0000000716c00000, 0x0000000716e00000|  0%| F|  |TAMS 0x0000000716c00000| PB 0x0000000716c00000| Untracked 
| 102|0x0000000716e00000, 0x0000000716e00000, 0x0000000717000000|  0%| F|  |TAMS 0x0000000716e00000| PB 0x0000000716e00000| Untracked 
| 103|0x0000000717000000, 0x0000000717000000, 0x0000000717200000|  0%| F|  |TAMS 0x0000000717000000| PB 0x0000000717000000| Untracked 
| 104|0x0000000717200000, 0x0000000717200000, 0x0000000717400000|  0%| F|  |TAMS 0x0000000717200000| PB 0x0000000717200000| Untracked 
| 105|0x0000000717400000, 0x0000000717400000, 0x0000000717600000|  0%| F|  |TAMS 0x0000000717400000| PB 0x0000000717400000| Untracked 
| 106|0x0000000717600000, 0x0000000717600000, 0x0000000717800000|  0%| F|  |TAMS 0x0000000717600000| PB 0x0000000717600000| Untracked 
| 107|0x0000000717800000, 0x0000000717800000, 0x0000000717a00000|  0%| F|  |TAMS 0x0000000717800000| PB 0x0000000717800000| Untracked 
| 108|0x0000000717a00000, 0x0000000717a00000, 0x0000000717c00000|  0%| F|  |TAMS 0x0000000717a00000| PB 0x0000000717a00000| Untracked 
| 109|0x0000000717c00000, 0x0000000717c00000, 0x0000000717e00000|  0%| F|  |TAMS 0x0000000717c00000| PB 0x0000000717c00000| Untracked 
| 110|0x0000000717e00000, 0x0000000717e00000, 0x0000000718000000|  0%| F|  |TAMS 0x0000000717e00000| PB 0x0000000717e00000| Untracked 
| 111|0x0000000718000000, 0x0000000718000000, 0x0000000718200000|  0%| F|  |TAMS 0x0000000718000000| PB 0x0000000718000000| Untracked 
| 112|0x0000000718200000, 0x0000000718200000, 0x0000000718400000|  0%| F|  |TAMS 0x0000000718200000| PB 0x0000000718200000| Untracked 
| 113|0x0000000718400000, 0x0000000718400000, 0x0000000718600000|  0%| F|  |TAMS 0x0000000718400000| PB 0x0000000718400000| Untracked 
| 114|0x0000000718600000, 0x00000007187e2b68, 0x0000000718800000| 94%| S|CS|TAMS 0x0000000718600000| PB 0x0000000718600000| Complete 
| 115|0x0000000718800000, 0x0000000718a00000, 0x0000000718a00000|100%| S|CS|TAMS 0x0000000718800000| PB 0x0000000718800000| Complete 
| 116|0x0000000718a00000, 0x0000000718c00000, 0x0000000718c00000|100%| S|CS|TAMS 0x0000000718a00000| PB 0x0000000718a00000| Complete 
| 117|0x0000000718c00000, 0x0000000718e00000, 0x0000000718e00000|100%| S|CS|TAMS 0x0000000718c00000| PB 0x0000000718c00000| Complete 
| 118|0x0000000718e00000, 0x0000000719000000, 0x0000000719000000|100%| S|CS|TAMS 0x0000000718e00000| PB 0x0000000718e00000| Complete 
| 119|0x0000000719000000, 0x0000000719200000, 0x0000000719200000|100%| S|CS|TAMS 0x0000000719000000| PB 0x0000000719000000| Complete 
| 120|0x0000000719200000, 0x0000000719200000, 0x0000000719400000|  0%| F|  |TAMS 0x0000000719200000| PB 0x0000000719200000| Untracked 
| 121|0x0000000719400000, 0x0000000719400000, 0x0000000719600000|  0%| F|  |TAMS 0x0000000719400000| PB 0x0000000719400000| Untracked 
| 122|0x0000000719600000, 0x0000000719600000, 0x0000000719800000|  0%| F|  |TAMS 0x0000000719600000| PB 0x0000000719600000| Untracked 
| 123|0x0000000719800000, 0x0000000719800000, 0x0000000719a00000|  0%| F|  |TAMS 0x0000000719800000| PB 0x0000000719800000| Untracked 
| 124|0x0000000719a00000, 0x0000000719a00000, 0x0000000719c00000|  0%| F|  |TAMS 0x0000000719a00000| PB 0x0000000719a00000| Untracked 
| 125|0x0000000719c00000, 0x0000000719c00000, 0x0000000719e00000|  0%| F|  |TAMS 0x0000000719c00000| PB 0x0000000719c00000| Untracked 
| 126|0x0000000719e00000, 0x0000000719e00000, 0x000000071a000000|  0%| F|  |TAMS 0x0000000719e00000| PB 0x0000000719e00000| Untracked 
| 127|0x000000071a000000, 0x000000071a000000, 0x000000071a200000|  0%| F|  |TAMS 0x000000071a000000| PB 0x000000071a000000| Untracked 
| 128|0x000000071a200000, 0x000000071a200000, 0x000000071a400000|  0%| F|  |TAMS 0x000000071a200000| PB 0x000000071a200000| Untracked 
| 129|0x000000071a400000, 0x000000071a400000, 0x000000071a600000|  0%| F|  |TAMS 0x000000071a400000| PB 0x000000071a400000| Untracked 
| 130|0x000000071a600000, 0x000000071a600000, 0x000000071a800000|  0%| F|  |TAMS 0x000000071a600000| PB 0x000000071a600000| Untracked 
| 131|0x000000071a800000, 0x000000071a800000, 0x000000071aa00000|  0%| F|  |TAMS 0x000000071a800000| PB 0x000000071a800000| Untracked 
| 132|0x000000071aa00000, 0x000000071aa00000, 0x000000071ac00000|  0%| F|  |TAMS 0x000000071aa00000| PB 0x000000071aa00000| Untracked 
| 133|0x000000071ac00000, 0x000000071ac00000, 0x000000071ae00000|  0%| F|  |TAMS 0x000000071ac00000| PB 0x000000071ac00000| Untracked 
| 134|0x000000071ae00000, 0x000000071ae00000, 0x000000071b000000|  0%| F|  |TAMS 0x000000071ae00000| PB 0x000000071ae00000| Untracked 
| 135|0x000000071b000000, 0x000000071b000000, 0x000000071b200000|  0%| F|  |TAMS 0x000000071b000000| PB 0x000000071b000000| Untracked 
| 136|0x000000071b200000, 0x000000071b200000, 0x000000071b400000|  0%| F|  |TAMS 0x000000071b200000| PB 0x000000071b200000| Untracked 
| 137|0x000000071b400000, 0x000000071b400000, 0x000000071b600000|  0%| F|  |TAMS 0x000000071b400000| PB 0x000000071b400000| Untracked 
| 138|0x000000071b600000, 0x000000071b600000, 0x000000071b800000|  0%| F|  |TAMS 0x000000071b600000| PB 0x000000071b600000| Untracked 
| 139|0x000000071b800000, 0x000000071b800000, 0x000000071ba00000|  0%| F|  |TAMS 0x000000071b800000| PB 0x000000071b800000| Untracked 
| 140|0x000000071ba00000, 0x000000071ba00000, 0x000000071bc00000|  0%| F|  |TAMS 0x000000071ba00000| PB 0x000000071ba00000| Untracked 
| 141|0x000000071bc00000, 0x000000071bc00000, 0x000000071be00000|  0%| F|  |TAMS 0x000000071bc00000| PB 0x000000071bc00000| Untracked 
| 142|0x000000071be00000, 0x000000071be00000, 0x000000071c000000|  0%| F|  |TAMS 0x000000071be00000| PB 0x000000071be00000| Untracked 
| 143|0x000000071c000000, 0x000000071c000000, 0x000000071c200000|  0%| F|  |TAMS 0x000000071c000000| PB 0x000000071c000000| Untracked 
| 144|0x000000071c200000, 0x000000071c200000, 0x000000071c400000|  0%| F|  |TAMS 0x000000071c200000| PB 0x000000071c200000| Untracked 
| 145|0x000000071c400000, 0x000000071c400000, 0x000000071c600000|  0%| F|  |TAMS 0x000000071c400000| PB 0x000000071c400000| Untracked 
| 146|0x000000071c600000, 0x000000071c600000, 0x000000071c800000|  0%| F|  |TAMS 0x000000071c600000| PB 0x000000071c600000| Untracked 
| 147|0x000000071c800000, 0x000000071c800000, 0x000000071ca00000|  0%| F|  |TAMS 0x000000071c800000| PB 0x000000071c800000| Untracked 
| 148|0x000000071ca00000, 0x000000071ca00000, 0x000000071cc00000|  0%| F|  |TAMS 0x000000071ca00000| PB 0x000000071ca00000| Untracked 
| 149|0x000000071cc00000, 0x000000071cc00000, 0x000000071ce00000|  0%| F|  |TAMS 0x000000071cc00000| PB 0x000000071cc00000| Untracked 
| 150|0x000000071ce00000, 0x000000071ce00000, 0x000000071d000000|  0%| F|  |TAMS 0x000000071ce00000| PB 0x000000071ce00000| Untracked 
| 151|0x000000071d000000, 0x000000071d000000, 0x000000071d200000|  0%| F|  |TAMS 0x000000071d000000| PB 0x000000071d000000| Untracked 
| 152|0x000000071d200000, 0x000000071d200000, 0x000000071d400000|  0%| F|  |TAMS 0x000000071d200000| PB 0x000000071d200000| Untracked 
| 153|0x000000071d400000, 0x000000071d400000, 0x000000071d600000|  0%| F|  |TAMS 0x000000071d400000| PB 0x000000071d400000| Untracked 
| 154|0x000000071d600000, 0x000000071d600000, 0x000000071d800000|  0%| F|  |TAMS 0x000000071d600000| PB 0x000000071d600000| Untracked 
| 155|0x000000071d800000, 0x000000071d800000, 0x000000071da00000|  0%| F|  |TAMS 0x000000071d800000| PB 0x000000071d800000| Untracked 
| 156|0x000000071da00000, 0x000000071da00000, 0x000000071dc00000|  0%| F|  |TAMS 0x000000071da00000| PB 0x000000071da00000| Untracked 
| 157|0x000000071dc00000, 0x000000071dc00000, 0x000000071de00000|  0%| F|  |TAMS 0x000000071dc00000| PB 0x000000071dc00000| Untracked 
| 158|0x000000071de00000, 0x000000071de00000, 0x000000071e000000|  0%| F|  |TAMS 0x000000071de00000| PB 0x000000071de00000| Untracked 
| 159|0x000000071e000000, 0x000000071e000000, 0x000000071e200000|  0%| F|  |TAMS 0x000000071e000000| PB 0x000000071e000000| Untracked 
| 160|0x000000071e200000, 0x000000071e200000, 0x000000071e400000|  0%| F|  |TAMS 0x000000071e200000| PB 0x000000071e200000| Untracked 
| 161|0x000000071e400000, 0x000000071e400000, 0x000000071e600000|  0%| F|  |TAMS 0x000000071e400000| PB 0x000000071e400000| Untracked 
| 162|0x000000071e600000, 0x000000071e600000, 0x000000071e800000|  0%| F|  |TAMS 0x000000071e600000| PB 0x000000071e600000| Untracked 
| 163|0x000000071e800000, 0x000000071e800000, 0x000000071ea00000|  0%| F|  |TAMS 0x000000071e800000| PB 0x000000071e800000| Untracked 
| 164|0x000000071ea00000, 0x000000071ea00000, 0x000000071ec00000|  0%| F|  |TAMS 0x000000071ea00000| PB 0x000000071ea00000| Untracked 
| 165|0x000000071ec00000, 0x000000071ec00000, 0x000000071ee00000|  0%| F|  |TAMS 0x000000071ec00000| PB 0x000000071ec00000| Untracked 
| 166|0x000000071ee00000, 0x000000071ee00000, 0x000000071f000000|  0%| F|  |TAMS 0x000000071ee00000| PB 0x000000071ee00000| Untracked 
| 167|0x000000071f000000, 0x000000071f000000, 0x000000071f200000|  0%| F|  |TAMS 0x000000071f000000| PB 0x000000071f000000| Untracked 
| 168|0x000000071f200000, 0x000000071f200000, 0x000000071f400000|  0%| F|  |TAMS 0x000000071f200000| PB 0x000000071f200000| Untracked 
| 169|0x000000071f400000, 0x000000071f400000, 0x000000071f600000|  0%| F|  |TAMS 0x000000071f400000| PB 0x000000071f400000| Untracked 
| 170|0x000000071f600000, 0x000000071f600000, 0x000000071f800000|  0%| F|  |TAMS 0x000000071f600000| PB 0x000000071f600000| Untracked 
| 171|0x000000071f800000, 0x000000071f800000, 0x000000071fa00000|  0%| F|  |TAMS 0x000000071f800000| PB 0x000000071f800000| Untracked 
| 172|0x000000071fa00000, 0x000000071fa00000, 0x000000071fc00000|  0%| F|  |TAMS 0x000000071fa00000| PB 0x000000071fa00000| Untracked 
| 173|0x000000071fc00000, 0x000000071fc00000, 0x000000071fe00000|  0%| F|  |TAMS 0x000000071fc00000| PB 0x000000071fc00000| Untracked 
| 174|0x000000071fe00000, 0x000000071fe00000, 0x0000000720000000|  0%| F|  |TAMS 0x000000071fe00000| PB 0x000000071fe00000| Untracked 
| 175|0x0000000720000000, 0x0000000720000000, 0x0000000720200000|  0%| F|  |TAMS 0x0000000720000000| PB 0x0000000720000000| Untracked 
| 176|0x0000000720200000, 0x0000000720200000, 0x0000000720400000|  0%| F|  |TAMS 0x0000000720200000| PB 0x0000000720200000| Untracked 
| 177|0x0000000720400000, 0x0000000720400000, 0x0000000720600000|  0%| F|  |TAMS 0x0000000720400000| PB 0x0000000720400000| Untracked 
| 178|0x0000000720600000, 0x0000000720600000, 0x0000000720800000|  0%| F|  |TAMS 0x0000000720600000| PB 0x0000000720600000| Untracked 
| 179|0x0000000720800000, 0x0000000720800000, 0x0000000720a00000|  0%| F|  |TAMS 0x0000000720800000| PB 0x0000000720800000| Untracked 
| 180|0x0000000720a00000, 0x0000000720a00000, 0x0000000720c00000|  0%| F|  |TAMS 0x0000000720a00000| PB 0x0000000720a00000| Untracked 
| 181|0x0000000720c00000, 0x0000000720d0b7c0, 0x0000000720e00000| 52%| E|  |TAMS 0x0000000720c00000| PB 0x0000000720c00000| Complete 
| 182|0x0000000720e00000, 0x0000000721000000, 0x0000000721000000|100%| E|CS|TAMS 0x0000000720e00000| PB 0x0000000720e00000| Complete 
| 183|0x0000000721000000, 0x0000000721200000, 0x0000000721200000|100%| E|CS|TAMS 0x0000000721000000| PB 0x0000000721000000| Complete 
| 184|0x0000000721200000, 0x0000000721400000, 0x0000000721400000|100%| E|CS|TAMS 0x0000000721200000| PB 0x0000000721200000| Complete 
| 185|0x0000000721400000, 0x0000000721600000, 0x0000000721600000|100%| E|CS|TAMS 0x0000000721400000| PB 0x0000000721400000| Complete 
| 186|0x0000000721600000, 0x0000000721800000, 0x0000000721800000|100%| E|CS|TAMS 0x0000000721600000| PB 0x0000000721600000| Complete 
| 187|0x0000000721800000, 0x0000000721a00000, 0x0000000721a00000|100%| E|CS|TAMS 0x0000000721800000| PB 0x0000000721800000| Complete 
| 188|0x0000000721a00000, 0x0000000721c00000, 0x0000000721c00000|100%| E|CS|TAMS 0x0000000721a00000| PB 0x0000000721a00000| Complete 
|1964|0x00000007ffa00000, 0x00000007ffc00000, 0x00000007ffc00000|100%| O|  |TAMS 0x00000007ffa00000| PB 0x00000007ffa00000| Untracked 
|1965|0x00000007ffc00000, 0x00000007ffe00000, 0x00000007ffe00000|100%| O|  |TAMS 0x00000007ffc00000| PB 0x00000007ffc00000| Untracked 
|1966|0x00000007ffe00000, 0x0000000800000000, 0x0000000800000000|100%| O|  |TAMS 0x00000007ffe00000| PB 0x00000007ffe00000| Untracked 

Card table byte_map: [0x000001b4c4200000,0x000001b4c49b0000] _byte_map_base: 0x000001b4c09af000

Marking Bits: (CMBitMap*) 0x000001b4adb174b0
 Bits: [0x000001b4c49b0000, 0x000001b4c8728000)

Polling page: 0x000001b4abee0000

Metaspace:

Usage:
  Non-class:     73.19 MB used.
      Class:     13.44 MB used.
       Both:     86.63 MB used.

Virtual space:
  Non-class space:      128.00 MB reserved,      73.81 MB ( 58%) committed,  2 nodes.
      Class space:        1.00 GB reserved,      13.94 MB (  1%) committed,  1 nodes.
             Both:        1.12 GB reserved,      87.75 MB (  8%) committed. 

Chunk freelists:
   Non-Class:  5.67 MB
       Class:  1.92 MB
        Both:  7.59 MB

MaxMetaspaceSize: unlimited
CompressedClassSpaceSize: 1.00 GB
Initial GC threshold: 21.00 MB
Current GC threshold: 144.00 MB
CDS: on
 - commit_granule_bytes: 65536.
 - commit_granule_words: 8192.
 - virtual_space_node_default_size: 8388608.
 - enlarge_chunks_in_place: 1.
 - use_allocation_guard: 0.


Internal statistics:

num_allocs_failed_limit: 12.
num_arena_births: 1742.
num_arena_deaths: 2.
num_vsnodes_births: 3.
num_vsnodes_deaths: 0.
num_space_committed: 1399.
num_space_uncommitted: 0.
num_chunks_returned_to_freelist: 19.
num_chunks_taken_from_freelist: 5417.
num_chunk_merges: 12.
num_chunk_splits: 3491.
num_chunks_enlarged: 2437.
num_inconsistent_stats: 0.

CodeHeap 'non-profiled nmethods': size=120000Kb used=9200Kb max_used=10259Kb free=110799Kb
 bounds [0x000001b4bb890000, 0x000001b4bc2a0000, 0x000001b4c2dc0000]
CodeHeap 'profiled nmethods': size=120000Kb used=18768Kb max_used=21439Kb free=101231Kb
 bounds [0x000001b4b3dc0000, 0x000001b4b52c0000, 0x000001b4bb2f0000]
CodeHeap 'non-nmethods': size=5760Kb used=2239Kb max_used=2281Kb free=3520Kb
 bounds [0x000001b4bb2f0000, 0x000001b4bb560000, 0x000001b4bb890000]
 total_blobs=11795 nmethods=10635 adapters=1061
 compilation: enabled
              stopped_count=0, restarted_count=0
 full_count=0

Compilation events (20 events):
Event: 37.396 Thread 0x000001b4cb475580 nmethod 13630 0x000001b4b4310b90 code [0x000001b4b4310d40, 0x000001b4b4310ee8]
Event: 37.398 Thread 0x000001b514955780 nmethod 13622 0x000001b4bbea2d90 code [0x000001b4bbea2f20, 0x000001b4bbea31a0]
Event: 37.398 Thread 0x000001b514955780 13618       4       java.math.BigInteger::add (215 bytes)
Event: 37.402 Thread 0x000001b4cb475580 13633       3       java.math.MutableBigInteger::inverseMod64 (76 bytes)
Event: 37.403 Thread 0x000001b4cb475580 nmethod 13633 0x000001b4b490ff90 code [0x000001b4b4910120, 0x000001b4b49102a8]
Event: 37.403 Thread 0x000001b4cb475580 13634       3       java.math.MutableBigInteger::divide (38 bytes)
Event: 37.403 Thread 0x000001b4cb475580 nmethod 13634 0x000001b4b44fb190 code [0x000001b4b44fb360, 0x000001b4b44fb590]
Event: 37.404 Thread 0x000001b4cb475580 13635       3       java.math.BigInteger::<init> (82 bytes)
Event: 37.405 Thread 0x000001b4cb475580 nmethod 13635 0x000001b4b4cfd010 code [0x000001b4b4cfd240, 0x000001b4b4cfd9f8]
Event: 37.409 Thread 0x000001b4cb475580 13637       3       java.math.BigInteger::modPow (484 bytes)
Event: 37.412 Thread 0x000001b51495a270 nmethod 13620 0x000001b4bbf56490 code [0x000001b4bbf56640, 0x000001b4bbf56bb8]
Event: 37.413 Thread 0x000001b51495a270 13636       4       java.math.BitSieve::sieveSingle (18 bytes)
Event: 37.413 Thread 0x000001b4cb475580 nmethod 13637 0x000001b4b4475610 code [0x000001b4b4475c80, 0x000001b4b4478728]
Event: 37.415 Thread 0x000001b51495a270 nmethod 13636 0x000001b4bba1b990 code [0x000001b4bba1bb20, 0x000001b4bba1bc48]
Event: 37.415 Thread 0x000001b51495a270 13621       4       java.math.BigInteger::multiplyByInt (144 bytes)
Event: 37.424 Thread 0x000001b4cb475580 13640       3       java.math.MutableBigInteger::primitiveRightShift (80 bytes)
Event: 37.424 Thread 0x000001b4cb475580 nmethod 13640 0x000001b4b416bb90 code [0x000001b4b416bd40, 0x000001b4b416bfc0]
Event: 37.424 Thread 0x000001b4cb475580 13641       3       java.math.MutableBigInteger::difference (177 bytes)
Event: 37.424 Thread 0x000001b4cb475580 

Event: 37.428 Thread 0x000001b4cb475580 13642       3       java.math.MutableBigInteger::subtract (220 bytes)

GC Heap History (20 events):
Event: 27.387 GC heap before
{Heap before GC invocations=24 (full 0):
 garbage-first heap   total 305152K, used 210253K [0x000000070a200000, 0x0000000800000000)
  region size 2048K, 42 young (86016K), 6 survivors (12288K)
 Metaspace       used 59574K, committed 60416K, reserved 1114112K
  class space    used 8693K, committed 9088K, reserved 1048576K
}
Event: 27.400 GC heap after
{Heap after GC invocations=25 (full 0):
 garbage-first heap   total 305152K, used 141054K [0x000000070a200000, 0x0000000800000000)
  region size 2048K, 6 young (12288K), 6 survivors (12288K)
 Metaspace       used 59574K, committed 60416K, reserved 1114112K
  class space    used 8693K, committed 9088K, reserved 1048576K
}
Event: 29.018 GC heap before
{Heap before GC invocations=26 (full 0):
 garbage-first heap   total 305152K, used 274174K [0x000000070a200000, 0x0000000800000000)
  region size 2048K, 72 young (147456K), 6 survivors (12288K)
 Metaspace       used 66741K, committed 67712K, reserved 1114112K
  class space    used 10208K, committed 10624K, reserved 1048576K
}
Event: 29.039 GC heap after
{Heap after GC invocations=27 (full 0):
 garbage-first heap   total 305152K, used 149988K [0x000000070a200000, 0x0000000800000000)
  region size 2048K, 6 young (12288K), 6 survivors (12288K)
 Metaspace       used 66741K, committed 67712K, reserved 1114112K
  class space    used 10208K, committed 10624K, reserved 1048576K
}
Event: 29.686 GC heap before
{Heap before GC invocations=27 (full 0):
 garbage-first heap   total 305152K, used 272868K [0x000000070a200000, 0x0000000800000000)
  region size 2048K, 67 young (137216K), 6 survivors (12288K)
 Metaspace       used 68134K, committed 69184K, reserved 1114112K
  class space    used 10450K, committed 10944K, reserved 1048576K
}
Event: 29.705 GC heap after
{Heap after GC invocations=28 (full 0):
 garbage-first heap   total 305152K, used 158077K [0x000000070a200000, 0x0000000800000000)
  region size 2048K, 9 young (18432K), 9 survivors (18432K)
 Metaspace       used 68134K, committed 69184K, reserved 1114112K
  class space    used 10450K, committed 10944K, reserved 1048576K
}
Event: 31.176 GC heap before
{Heap before GC invocations=28 (full 0):
 garbage-first heap   total 305152K, used 262525K [0x000000070a200000, 0x0000000800000000)
  region size 2048K, 61 young (124928K), 9 survivors (18432K)
 Metaspace       used 74472K, committed 75520K, reserved 1114112K
  class space    used 11224K, committed 11712K, reserved 1048576K
}
Event: 31.192 GC heap after
{Heap after GC invocations=29 (full 0):
 garbage-first heap   total 366592K, used 165313K [0x000000070a200000, 0x0000000800000000)
  region size 2048K, 4 young (8192K), 4 survivors (8192K)
 Metaspace       used 74472K, committed 75520K, reserved 1114112K
  class space    used 11224K, committed 11712K, reserved 1048576K
}
Event: 33.030 GC heap before
{Heap before GC invocations=29 (full 0):
 garbage-first heap   total 366592K, used 335297K [0x000000070a200000, 0x0000000800000000)
  region size 2048K, 86 young (176128K), 4 survivors (8192K)
 Metaspace       used 78474K, committed 79552K, reserved 1179648K
  class space    used 11793K, committed 12288K, reserved 1048576K
}
Event: 33.043 GC heap after
{Heap after GC invocations=30 (full 0):
 garbage-first heap   total 366592K, used 173192K [0x000000070a200000, 0x0000000800000000)
  region size 2048K, 7 young (14336K), 7 survivors (14336K)
 Metaspace       used 78474K, committed 79552K, reserved 1179648K
  class space    used 11793K, committed 12288K, reserved 1048576K
}
Event: 34.323 GC heap before
{Heap before GC invocations=30 (full 0):
 garbage-first heap   total 366592K, used 328840K [0x000000070a200000, 0x0000000800000000)
  region size 2048K, 83 young (169984K), 7 survivors (14336K)
 Metaspace       used 81643K, committed 82752K, reserved 1179648K
  class space    used 12419K, committed 12928K, reserved 1048576K
}
Event: 34.338 GC heap after
{Heap after GC invocations=31 (full 0):
 garbage-first heap   total 366592K, used 176494K [0x000000070a200000, 0x0000000800000000)
  region size 2048K, 6 young (12288K), 6 survivors (12288K)
 Metaspace       used 81643K, committed 82752K, reserved 1179648K
  class space    used 12419K, committed 12928K, reserved 1048576K
}
Event: 35.419 GC heap before
{Heap before GC invocations=32 (full 0):
 garbage-first heap   total 366592K, used 332142K [0x000000070a200000, 0x0000000800000000)
  region size 2048K, 82 young (167936K), 6 survivors (12288K)
 Metaspace       used 85596K, committed 86720K, reserved 1179648K
  class space    used 13262K, committed 13760K, reserved 1048576K
}
Event: 35.435 GC heap after
{Heap after GC invocations=33 (full 0):
 garbage-first heap   total 366592K, used 181866K [0x000000070a200000, 0x0000000800000000)
  region size 2048K, 8 young (16384K), 8 survivors (16384K)
 Metaspace       used 85596K, committed 86720K, reserved 1179648K
  class space    used 13262K, committed 13760K, reserved 1048576K
}
Event: 36.165 GC heap before
{Heap before GC invocations=33 (full 0):
 garbage-first heap   total 366592K, used 329322K [0x000000070a200000, 0x0000000800000000)
  region size 2048K, 80 young (163840K), 8 survivors (16384K)
 Metaspace       used 87095K, committed 88192K, reserved 1179648K
  class space    used 13536K, committed 14016K, reserved 1048576K
}
Event: 36.185 GC heap after
{Heap after GC invocations=34 (full 0):
 garbage-first heap   total 366592K, used 189600K [0x000000070a200000, 0x0000000800000000)
  region size 2048K, 9 young (18432K), 9 survivors (18432K)
 Metaspace       used 87095K, committed 88192K, reserved 1179648K
  class space    used 13536K, committed 14016K, reserved 1048576K
}
Event: 36.697 GC heap before
{Heap before GC invocations=34 (full 0):
 garbage-first heap   total 366592K, used 326816K [0x000000070a200000, 0x0000000800000000)
  region size 2048K, 76 young (155648K), 9 survivors (18432K)
 Metaspace       used 87363K, committed 88448K, reserved 1179648K
  class space    used 13582K, committed 14080K, reserved 1048576K
}
Event: 36.715 GC heap after
{Heap after GC invocations=35 (full 0):
 garbage-first heap   total 366592K, used 189805K [0x000000070a200000, 0x0000000800000000)
  region size 2048K, 6 young (12288K), 6 survivors (12288K)
 Metaspace       used 87363K, committed 88448K, reserved 1179648K
  class space    used 13582K, committed 14080K, reserved 1048576K
}
Event: 37.279 GC heap before
{Heap before GC invocations=36 (full 0):
 garbage-first heap   total 393216K, used 331117K [0x000000070a200000, 0x0000000800000000)
  region size 2048K, 75 young (153600K), 6 survivors (12288K)
 Metaspace       used 87947K, committed 89152K, reserved 1179648K
  class space    used 13669K, committed 14208K, reserved 1048576K
}
Event: 37.296 GC heap after
{Heap after GC invocations=37 (full 0):
 garbage-first heap   total 393216K, used 196463K [0x000000070a200000, 0x0000000800000000)
  region size 2048K, 6 young (12288K), 6 survivors (12288K)
 Metaspace       used 87947K, committed 89152K, reserved 1179648K
  class space    used 13669K, committed 14208K, reserved 1048576K
}

Dll operation events (12 events):
Event: 0.027 Loaded shared library C:\Users\lenovo\.lunarclient\jre\56e53accb20696f802d92bd011174126b5e3154e\zulu21.30.15-ca-jre21.0.1-win_x64\bin\java.dll
Event: 0.116 Loaded shared library C:\Users\lenovo\.lunarclient\jre\56e53accb20696f802d92bd011174126b5e3154e\zulu21.30.15-ca-jre21.0.1-win_x64\bin\jsvml.dll
Event: 0.143 Loaded shared library C:\Users\lenovo\.lunarclient\jre\56e53accb20696f802d92bd011174126b5e3154e\zulu21.30.15-ca-jre21.0.1-win_x64\bin\net.dll
Event: 0.150 Loaded shared library C:\Users\lenovo\.lunarclient\jre\56e53accb20696f802d92bd011174126b5e3154e\zulu21.30.15-ca-jre21.0.1-win_x64\bin\nio.dll
Event: 0.157 Loaded shared library C:\Users\lenovo\.lunarclient\jre\56e53accb20696f802d92bd011174126b5e3154e\zulu21.30.15-ca-jre21.0.1-win_x64\bin\zip.dll
Event: 0.333 Loaded shared library C:\Users\lenovo\.lunarclient\jre\56e53accb20696f802d92bd011174126b5e3154e\zulu21.30.15-ca-jre21.0.1-win_x64\bin\jimage.dll
Event: 2.105 Loaded shared library C:\Users\lenovo\.lunarclient\jre\56e53accb20696f802d92bd011174126b5e3154e\zulu21.30.15-ca-jre21.0.1-win_x64\bin\management.dll
Event: 2.124 Loaded shared library C:\Users\lenovo\.lunarclient\jre\56e53accb20696f802d92bd011174126b5e3154e\zulu21.30.15-ca-jre21.0.1-win_x64\bin\management_ext.dll
Event: 3.414 Loaded shared library C:\Users\lenovo\.lunarclient\jre\56e53accb20696f802d92bd011174126b5e3154e\zulu21.30.15-ca-jre21.0.1-win_x64\bin\verify.dll
Event: 9.254 Loaded shared library C:\Users\lenovo\AppData\Local\Temp\jna--1106355917\jna9297740408962005294.dll
Event: 31.163 Loaded shared library C:\Users\lenovo\.lunarclient\jre\56e53accb20696f802d92bd011174126b5e3154e\zulu21.30.15-ca-jre21.0.1-win_x64\bin\sunmscapi.dll
Event: 31.266 Loaded shared library C:\Users\lenovo\.lunarclient\jre\56e53accb20696f802d92bd011174126b5e3154e\zulu21.30.15-ca-jre21.0.1-win_x64\bin\extnet.dll

Deoptimization events (20 events):
Event: 37.325 Thread 0x000001b5147bff10 DEOPT PACKING pc=0x000001b4bc179a78 sp=0x0000007b728fef00
Event: 37.325 Thread 0x000001b5147bff10 DEOPT UNPACKING pc=0x000001b4bb3446a2 sp=0x0000007b728fed98 mode 2
Event: 37.337 Thread 0x000001b5147bc400 Uncommon trap: trap_request=0xffffff45 fr.pc=0x000001b4bba54790 relative=0x00000000000000d0
Event: 37.337 Thread 0x000001b5147bc400 Uncommon trap: reason=unstable_if action=reinterpret pc=0x000001b4bba54790 method=java.lang.StrictMath.floorOrCeil(DDDD)D @ 38 c2
Event: 37.337 Thread 0x000001b5147bc400 DEOPT PACKING pc=0x000001b4bba54790 sp=0x0000007b709fdf90
Event: 37.337 Thread 0x000001b5147bc400 DEOPT UNPACKING pc=0x000001b4bb3446a2 sp=0x0000007b709fde48 mode 2
Event: 37.339 Thread 0x000001b5147bc400 Uncommon trap: trap_request=0xffffff45 fr.pc=0x000001b4bbabcf84 relative=0x00000000000000c4
Event: 37.339 Thread 0x000001b5147bc400 Uncommon trap: reason=unstable_if action=reinterpret pc=0x000001b4bbabcf84 method=java.lang.StrictMath.floorOrCeil(DDDD)D @ 38 c2
Event: 37.339 Thread 0x000001b5147bc400 DEOPT PACKING pc=0x000001b4bbabcf84 sp=0x0000007b709fdee0
Event: 37.339 Thread 0x000001b5147bc400 DEOPT UNPACKING pc=0x000001b4bb3446a2 sp=0x0000007b709fde40 mode 2
Event: 37.347 Thread 0x000001b5147bc400 Uncommon trap: trap_request=0xffffffa5 fr.pc=0x000001b4bba299a0 relative=0x0000000000000080
Event: 37.347 Thread 0x000001b5147bc400 Uncommon trap: reason=initialized action=reinterpret pc=0x000001b4bba299a0 method=java.math.BitSieve.unitIndex(I)I @ 0 c2
Event: 37.347 Thread 0x000001b5147bc400 DEOPT PACKING pc=0x000001b4bba299a0 sp=0x0000007b709fee20
Event: 37.347 Thread 0x000001b5147bc400 DEOPT UNPACKING pc=0x000001b4bb3446a2 sp=0x0000007b709fedb8 mode 2
Event: 37.367 Thread 0x000001b5147bc400 Uncommon trap: trap_request=0xffffff45 fr.pc=0x000001b4bbf20df4 relative=0x00000000000002b4
Event: 37.367 Thread 0x000001b5147bc400 Uncommon trap: reason=unstable_if action=reinterpret pc=0x000001b4bbf20df4 method=java.math.BigInteger.squareToLen([II[I)[I @ 5 c2
Event: 37.367 Thread 0x000001b5147bc400 DEOPT PACKING pc=0x000001b4bbf20df4 sp=0x0000007b709feb40
Event: 37.367 Thread 0x000001b5147bc400 DEOPT UNPACKING pc=0x000001b4bb3446a2 sp=0x0000007b709feb18 mode 2
Event: 37.396 Thread 0x000001b5147bc400 DEOPT PACKING pc=0x000001b4b46853fd sp=0x0000007b709fec40
Event: 37.396 Thread 0x000001b5147bc400 DEOPT UNPACKING pc=0x000001b4bb344e42 sp=0x0000007b709fe0d8 mode 0

Classes loaded (20 events):
Event: 37.098 Loading class java/util/PriorityQueue$PriorityQueueSpliterator
Event: 37.098 Loading class java/util/PriorityQueue$PriorityQueueSpliterator done
Event: 37.100 Loading class java/nio/file/TempFileHelper
Event: 37.101 Loading class java/nio/file/TempFileHelper done
Event: 37.107 Loading class java/io/DataOutputStream
Event: 37.107 Loading class java/io/DataOutputStream done
Event: 37.109 Loading class java/io/UTFDataFormatException
Event: 37.109 Loading class java/io/UTFDataFormatException done
Event: 37.299 Loading class java/io/FileReader
Event: 37.300 Loading class java/io/FileReader done
Event: 37.336 Loading class sun/security/rsa/RSAKeyPairGenerator$Legacy
Event: 37.336 Loading class sun/security/rsa/RSAKeyPairGenerator
Event: 37.337 Loading class sun/security/rsa/RSAKeyPairGenerator done
Event: 37.337 Loading class sun/security/rsa/RSAKeyPairGenerator$Legacy done
Event: 37.343 Loading class java/security/spec/RSAKeyGenParameterSpec
Event: 37.344 Loading class java/security/spec/RSAKeyGenParameterSpec done
Event: 37.344 Loading class java/math/BitSieve
Event: 37.345 Loading class java/math/BitSieve done
Event: 37.424 Loading class java/math/SignedMutableBigInteger
Event: 37.424 Loading class java/math/SignedMutableBigInteger done

Classes unloaded (7 events):
Event: 8.336 Thread 0x000001b4cab3a7a0 Unloading class 0x000001b4cd012440 'net/minecraft/bundler/Main$$Lambda+0x000001b4cd012440'
Event: 8.336 Thread 0x000001b4cab3a7a0 Unloading class 0x000001b4cd012208 'net/minecraft/bundler/Main$$Lambda+0x000001b4cd012208'
Event: 8.336 Thread 0x000001b4cab3a7a0 Unloading class 0x000001b4cd012000 'net/minecraft/bundler/Main$FileEntry'
Event: 8.336 Thread 0x000001b4cab3a7a0 Unloading class 0x000001b4cd011c00 'net/minecraft/bundler/Main$$Lambda+0x000001b4cd011c00'
Event: 8.336 Thread 0x000001b4cab3a7a0 Unloading class 0x000001b4cd010bf8 'net/minecraft/bundler/Main$$Lambda+0x000001b4cd010bf8'
Event: 8.336 Thread 0x000001b4cab3a7a0 Unloading class 0x000001b4cd010a00 'net/minecraft/bundler/Main$ResourceParser'
Event: 8.336 Thread 0x000001b4cab3a7a0 Unloading class 0x000001b4cd010800 'net/minecraft/bundler/Main'

Classes redefined (0 events):
No events

Internal exceptions (20 events):
Event: 35.339 Thread 0x000001b513cccdd0 Exception <a 'sun/nio/fs/WindowsException'{0x0000000717e3a6d8}> (0x0000000717e3a6d8) 
thrown [s\src\hotspot\share\prims\jni.cpp, line 520]
Event: 35.342 Thread 0x000001b5156f6260 Exception <a 'sun/nio/fs/WindowsException'{0x000000071807a5f8}> (0x000000071807a5f8) 
thrown [s\src\hotspot\share\prims\jni.cpp, line 520]
Event: 35.343 Thread 0x000001b513cccdd0 Exception <a 'sun/nio/fs/WindowsException'{0x0000000717ff7188}> (0x0000000717ff7188) 
thrown [s\src\hotspot\share\prims\jni.cpp, line 520]
Event: 35.343 Thread 0x000001b513cccdd0 Exception <a 'sun/nio/fs/WindowsException'{0x0000000717ff82a8}> (0x0000000717ff82a8) 
thrown [s\src\hotspot\share\prims\jni.cpp, line 520]
Event: 35.346 Thread 0x000001b5156f6260 Exception <a 'sun/nio/fs/WindowsException'{0x0000000717d8ca58}> (0x0000000717d8ca58) 
thrown [s\src\hotspot\share\prims\jni.cpp, line 520]
Event: 35.348 Thread 0x000001b5156f6260 Exception <a 'sun/nio/fs/WindowsException'{0x0000000717d8db40}> (0x0000000717d8db40) 
thrown [s\src\hotspot\share\prims\jni.cpp, line 520]
Event: 35.450 Thread 0x000001b5156f9d70 Exception <a 'java/lang/IncompatibleClassChangeError'{0x00000007200c7450}: Found class java.lang.Object, but interface was expected> (0x00000007200c7450) 
thrown [s\src\hotspot\share\interpreter\linkResolver.cpp, line 840]
Event: 35.450 Thread 0x000001b5156f9050 Exception <a 'java/lang/IncompatibleClassChangeError'{0x000000071ffca830}: Found class java.lang.Object, but interface was expected> (0x000000071ffca830) 
thrown [s\src\hotspot\share\interpreter\linkResolver.cpp, line 840]
Event: 35.476 Thread 0x000001b513d4c7a0 Exception <a 'java/lang/NoSuchMethodError'{0x000000071ef1cc68}: 'java.lang.Object java.lang.invoke.DirectMethodHandle$Holder.invokeVirtual(java.lang.Object, java.lang.Object, java.lang.Object, java.lang.Object)'> (0x000000071ef1cc68) 
thrown [s\src\hotspot\share\interpreter\linkResolver.cpp, line 773]
Event: 35.612 Thread 0x000001b513d4c7a0 Exception <a 'java/lang/NoSuchMethodError'{0x000000071adc8c58}: 'void java.lang.invoke.DirectMethodHandle$Holder.invokeStaticInit(java.lang.Object)'> (0x000000071adc8c58) 
thrown [s\src\hotspot\share\interpreter\linkResolver.cpp, line 773]
Event: 35.665 Thread 0x000001b4abf48420 Exception <a 'java/lang/IncompatibleClassChangeError'{0x0000000719d32138}: Found class java.lang.Object, but interface was expected> (0x0000000719d32138) 
thrown [s\src\hotspot\share\interpreter\linkResolver.cpp, line 840]
Event: 36.291 Thread 0x000001b4abf48420 Implicit null exception at 0x000001b4bbef51b2 to 0x000001b4bbef5660
Event: 37.122 Thread 0x000001b4abf48420 Exception <a 'sun/nio/fs/WindowsException'{0x000000071b0a2350}> (0x000000071b0a2350) 
thrown [s\src\hotspot\share\prims\jni.cpp, line 520]
Event: 37.127 Thread 0x000001b4abf48420 Exception <a 'sun/nio/fs/WindowsException'{0x000000071b0ac7b0}> (0x000000071b0ac7b0) 
thrown [s\src\hotspot\share\prims\jni.cpp, line 520]
Event: 37.127 Thread 0x000001b4abf48420 Exception <a 'sun/nio/fs/WindowsException'{0x000000071b0ac888}> (0x000000071b0ac888) 
thrown [s\src\hotspot\share\prims\jni.cpp, line 520]
Event: 37.128 Thread 0x000001b4abf48420 Exception <a 'sun/nio/fs/WindowsException'{0x000000071b0ad850}> (0x000000071b0ad850) 
thrown [s\src\hotspot\share\prims\jni.cpp, line 520]
Event: 37.141 Thread 0x000001b4abf48420 Exception <a 'java/lang/NoSuchMethodError'{0x000000071ae777e8}: 'java.lang.Object java.lang.invoke.DirectMethodHandle$Holder.invokeStatic(java.lang.Object, java.lang.Object, java.lang.Object, java.lang.Object, java.lang.Object, java.lang.Object, java.lang.Object, java.lang.Object, java.lang.Object, java.lang.Object, java.lang.Object, java.lang.Object, java.lang.Object)'> (0x000000071ae777e8) 
thrown [s\src\hotspot\share\interpreter\linkResolver.cpp, line 773]
Event: 37.143 Thread 0x000001b4abf48420 Exception <a 'java/lang/NoSuchMethodError'{0x000000071ae81598}: 'java.lang.Object java.lang.invoke.DirectMethodHandle$Holder.newInvokeSpecial(java.lang.Object, java.lang.Object, java.lang.Object, java.lang.Object, java.lang.Object, java.lang.Object, java.lang.Object, java.lang.Object, java.lang.Object, java.lang.Object, java.lang.Object, java.lang.Object)'> (0x000000071ae81598) 
thrown [s\src\hotspot\share\interpreter\linkResolver.cpp, line 773]
Event: 37.143 Thread 0x000001b4abf48420 Exception <a 'java/lang/NoSuchMethodError'{0x000000071ae859f8}: 'java.lang.Object java.lang.invoke.Invokers$Holder.linkToTargetMethod(java.lang.Object, java.lang.Object, java.lang.Object, java.lang.Object, java.lang.Object, java.lang.Object, java.lang.Object, java.lang.Object, java.lang.Object, java.lang.Object, java.lang.Object, java.lang.Object)'> (0x000000071ae859f8) 
thrown [s\src\hotspot\share\interpreter\linkResolver.cpp, line 773]
Event: 37.367 Thread 0x000001b5147bc400 Implicit null exception at 0x000001b4bbf20b6b to 0x000001b4bbf20dcc

ZGC Phase Switch (0 events):
No events

VM Operations (20 events):
Event: 35.645 Executing VM operation: HandshakeAllThreads (Deoptimize)
Event: 35.648 Executing VM operation: HandshakeAllThreads (Deoptimize) done
Event: 35.831 Executing VM operation: ICBufferFull
Event: 35.832 Executing VM operation: ICBufferFull done
Event: 36.165 Executing VM operation: G1CollectForAllocation (G1 Evacuation Pause)
Event: 36.185 Executing VM operation: G1CollectForAllocation (G1 Evacuation Pause) done
Event: 36.697 Executing VM operation: G1CollectForAllocation (G1 Evacuation Pause)
Event: 36.715 Executing VM operation: G1CollectForAllocation (G1 Evacuation Pause) done
Event: 36.857 Executing VM operation: G1PauseRemark
Event: 36.869 Executing VM operation: G1PauseRemark done
Event: 36.920 Executing VM operation: G1PauseCleanup
Event: 36.921 Executing VM operation: G1PauseCleanup done
Event: 37.279 Executing VM operation: G1CollectForAllocation (G1 Evacuation Pause)
Event: 37.296 Executing VM operation: G1CollectForAllocation (G1 Evacuation Pause) done
Event: 37.302 Executing VM operation: HandshakeAllThreads (Deoptimize)
Event: 37.302 Executing VM operation: HandshakeAllThreads (Deoptimize) done
Event: 37.315 Executing VM operation: HandshakeAllThreads (Deoptimize)
Event: 37.315 Executing VM operation: HandshakeAllThreads (Deoptimize) done
Event: 37.427 Executing VM operation: HandshakeAllThreads (Deoptimize)
Event: 37.428 Executing VM operation: HandshakeAllThreads (Deoptimize) done

Events (20 events):
Event: 36.868 Thread 0x000001b4cab3a7a0 flushing nmethod 0x000001b4bb9f6890
Event: 36.868 Thread 0x000001b4cab3a7a0 flushing nmethod 0x000001b4bb955110
Event: 36.868 Thread 0x000001b4cab3a7a0 flushing nmethod 0x000001b4bb9b4f10
Event: 36.868 Thread 0x000001b4cab3a7a0 flushing nmethod 0x000001b4bb9a2f10
Event: 36.868 Thread 0x000001b4cab3a7a0 flushing nmethod 0x000001b4bb99cb10
Event: 36.868 Thread 0x000001b4cab3a7a0 flushing nmethod 0x000001b4bb980190
Event: 36.868 Thread 0x000001b4cab3a7a0 flushing nmethod 0x000001b4bb93fd90
Event: 36.868 Thread 0x000001b4cab3a7a0 flushing nmethod 0x000001b4bb923c10
Event: 36.868 Thread 0x000001b4cab3a7a0 flushing nmethod 0x000001b4bb920490
Event: 36.868 Thread 0x000001b4cab3a7a0 flushing nmethod 0x000001b4bb8f1b90
Event: 36.868 Thread 0x000001b4cab3a7a0 flushing nmethod 0x000001b4bb8a9f90
Event: 36.868 Thread 0x000001b4cab3a7a0 flushing nmethod 0x000001b4bb8c4890
Event: 36.868 Thread 0x000001b4cab3a7a0 flushing nmethod 0x000001b4bb8b8d90
Event: 36.868 Thread 0x000001b4cab3a7a0 flushing nmethod 0x000001b4bb8b4110
Event: 37.252 Thread 0x000001b514955780 Thread added: 0x000001b514955780
Event: 37.279 Thread 0x000001b5147bc400 Thread added: 0x000001b5147bc400
Event: 37.296 Thread 0x000001b4abf48420 Thread exited: 0x000001b4abf48420
Event: 37.297 Thread 0x000001b5147beb60 Thread added: 0x000001b5147beb60
Event: 37.325 Thread 0x000001b5147bff10 Thread added: 0x000001b5147bff10
Event: 37.390 Thread 0x000001b51495a270 Thread added: 0x000001b51495a270


Dynamic libraries:
0x00007ff776260000 - 0x00007ff77626e000 	C:\Users\lenovo\.lunarclient\jre\56e53accb20696f802d92bd011174126b5e3154e\zulu21.30.15-ca-jre21.0.1-win_x64\bin\java.exe
0x00007ffb5d970000 - 0x00007ffb5db68000 	C:\WINDOWS\SYSTEM32\ntdll.dll
0x00007ffb5d660000 - 0x00007ffb5d722000 	C:\WINDOWS\System32\KERNEL32.DLL
0x00007ffb5b010000 - 0x00007ffb5b30e000 	C:\WINDOWS\System32\KERNELBASE.dll
0x00007ffb5b780000 - 0x00007ffb5b880000 	C:\WINDOWS\System32\ucrtbase.dll
0x00007ffb561a0000 - 0x00007ffb561bb000 	C:\Users\lenovo\.lunarclient\jre\56e53accb20696f802d92bd011174126b5e3154e\zulu21.30.15-ca-jre21.0.1-win_x64\bin\VCRUNTIME140.dll
0x00007ffb55c20000 - 0x00007ffb55c38000 	C:\Users\lenovo\.lunarclient\jre\56e53accb20696f802d92bd011174126b5e3154e\zulu21.30.15-ca-jre21.0.1-win_x64\bin\jli.dll
0x00007ffb5d420000 - 0x00007ffb5d5bd000 	C:\WINDOWS\System32\USER32.dll
0x00007ffb5b8d0000 - 0x00007ffb5b8f2000 	C:\WINDOWS\System32\win32u.dll
0x00007ffb5ba70000 - 0x00007ffb5ba9b000 	C:\WINDOWS\System32\GDI32.dll
0x00007ffb431e0000 - 0x00007ffb4347a000 	C:\WINDOWS\WinSxS\amd64_microsoft.windows.common-controls_6595b64144ccf1df_6.0.19041.4355_none_60b8b9eb71f62e16\COMCTL32.dll
0x00007ffb5b5f0000 - 0x00007ffb5b707000 	C:\WINDOWS\System32\gdi32full.dll
0x00007ffb5cc60000 - 0x00007ffb5ccfe000 	C:\WINDOWS\System32\msvcrt.dll
0x00007ffb5b3c0000 - 0x00007ffb5b45d000 	C:\WINDOWS\System32\msvcp_win.dll
0x00007ffb5c100000 - 0x00007ffb5c12f000 	C:\WINDOWS\System32\IMM32.DLL
0x00000000728e0000 - 0x00000000728ed000 	D:\360safe\safemon\SafeWrapper.dll
0x00007ffb5caf0000 - 0x00007ffb5cba1000 	C:\WINDOWS\System32\ADVAPI32.dll
0x00007ffb5d5c0000 - 0x00007ffb5d65f000 	C:\WINDOWS\System32\sechost.dll
0x00007ffb5d240000 - 0x00007ffb5d363000 	C:\WINDOWS\System32\RPCRT4.dll
0x00007ffb5b5c0000 - 0x00007ffb5b5e7000 	C:\WINDOWS\System32\bcrypt.dll
0x00007ffb483c0000 - 0x00007ffb484c5000 	D:\360safe\safemon\libzdtp64.dll
0x00007ffb5c1d0000 - 0x00007ffb5c93d000 	C:\WINDOWS\System32\SHELL32.dll
0x00007ffb5bba0000 - 0x00007ffb5bbf5000 	C:\WINDOWS\System32\SHLWAPI.dll
0x00007ffb5ac80000 - 0x00007ffb5ac8a000 	C:\WINDOWS\SYSTEM32\VERSION.dll
0x00007ffb56190000 - 0x00007ffb5619c000 	C:\Users\lenovo\.lunarclient\jre\56e53accb20696f802d92bd011174126b5e3154e\zulu21.30.15-ca-jre21.0.1-win_x64\bin\vcruntime140_1.dll
0x00007ffb3e980000 - 0x00007ffb3ea0e000 	C:\Users\lenovo\.lunarclient\jre\56e53accb20696f802d92bd011174126b5e3154e\zulu21.30.15-ca-jre21.0.1-win_x64\bin\msvcp140.dll
0x00007ffb0fa40000 - 0x00007ffb107cd000 	C:\Users\lenovo\.lunarclient\jre\56e53accb20696f802d92bd011174126b5e3154e\zulu21.30.15-ca-jre21.0.1-win_x64\bin\server\jvm.dll
0x00007ffb5cd60000 - 0x00007ffb5cdcb000 	C:\WINDOWS\System32\WS2_32.dll
0x00007ffb5ad60000 - 0x00007ffb5adab000 	C:\WINDOWS\SYSTEM32\POWRPROF.dll
0x00007ffb59420000 - 0x00007ffb59447000 	C:\WINDOWS\SYSTEM32\WINMM.dll
0x00007ffb5ad40000 - 0x00007ffb5ad52000 	C:\WINDOWS\SYSTEM32\UMPDC.dll
0x00007ffb59770000 - 0x00007ffb59782000 	C:\WINDOWS\SYSTEM32\kernel.appcore.dll
0x00007ffb55c10000 - 0x00007ffb55c1a000 	C:\Users\lenovo\.lunarclient\jre\56e53accb20696f802d92bd011174126b5e3154e\zulu21.30.15-ca-jre21.0.1-win_x64\bin\jimage.dll
0x00007ffb59210000 - 0x00007ffb593f4000 	C:\WINDOWS\SYSTEM32\DBGHELP.DLL
0x00007ffb591d0000 - 0x00007ffb59204000 	C:\WINDOWS\SYSTEM32\dbgcore.DLL
0x00007ffb5b900000 - 0x00007ffb5b982000 	C:\WINDOWS\System32\bcryptPrimitives.dll
0x00007ffb55bf0000 - 0x00007ffb55c0f000 	C:\Users\lenovo\.lunarclient\jre\56e53accb20696f802d92bd011174126b5e3154e\zulu21.30.15-ca-jre21.0.1-win_x64\bin\java.dll
0x00007ffb58950000 - 0x00007ffb590f4000 	C:\WINDOWS\SYSTEM32\windows.storage.dll
0x00007ffb5bc00000 - 0x00007ffb5bf53000 	C:\WINDOWS\System32\combase.dll
0x00007ffb5a910000 - 0x00007ffb5a93e000 	C:\WINDOWS\SYSTEM32\Wldp.dll
0x00007ffb5b990000 - 0x00007ffb5ba5d000 	C:\WINDOWS\System32\OLEAUT32.dll
0x00007ffb5d370000 - 0x00007ffb5d41d000 	C:\WINDOWS\System32\SHCORE.dll
0x00007ffb5af40000 - 0x00007ffb5af64000 	C:\WINDOWS\SYSTEM32\profapi.dll
0x00007ffb2c130000 - 0x00007ffb2c207000 	C:\Users\lenovo\.lunarclient\jre\56e53accb20696f802d92bd011174126b5e3154e\zulu21.30.15-ca-jre21.0.1-win_x64\bin\jsvml.dll
0x00007ffb55be0000 - 0x00007ffb55bf0000 	C:\Users\lenovo\.lunarclient\jre\56e53accb20696f802d92bd011174126b5e3154e\zulu21.30.15-ca-jre21.0.1-win_x64\bin\net.dll
0x00007ffb512d0000 - 0x00007ffb513dd000 	C:\WINDOWS\SYSTEM32\WINHTTP.dll
0x00007ffb5a5f0000 - 0x00007ffb5a65a000 	C:\WINDOWS\system32\mswsock.dll
0x00007ffb55bc0000 - 0x00007ffb55bd6000 	C:\Users\lenovo\.lunarclient\jre\56e53accb20696f802d92bd011174126b5e3154e\zulu21.30.15-ca-jre21.0.1-win_x64\bin\nio.dll
0x00007ffb55ba0000 - 0x00007ffb55bb8000 	C:\Users\lenovo\.lunarclient\jre\56e53accb20696f802d92bd011174126b5e3154e\zulu21.30.15-ca-jre21.0.1-win_x64\bin\zip.dll
0x00007ffb4c520000 - 0x00007ffb4c52a000 	C:\Users\lenovo\.lunarclient\jre\56e53accb20696f802d92bd011174126b5e3154e\zulu21.30.15-ca-jre21.0.1-win_x64\bin\management.dll
0x00007ffb3e970000 - 0x00007ffb3e97b000 	C:\Users\lenovo\.lunarclient\jre\56e53accb20696f802d92bd011174126b5e3154e\zulu21.30.15-ca-jre21.0.1-win_x64\bin\management_ext.dll
0x00007ffb5ba60000 - 0x00007ffb5ba68000 	C:\WINDOWS\System32\PSAPI.DLL
0x00007ffb3e930000 - 0x00007ffb3e947000 	C:\WINDOWS\system32\napinsp.dll
0x00007ffb3e910000 - 0x00007ffb3e92b000 	C:\WINDOWS\system32\pnrpnsp.dll
0x00007ffb56720000 - 0x00007ffb56735000 	C:\WINDOWS\system32\wshbth.dll
0x00007ffb53be0000 - 0x00007ffb53bfd000 	C:\WINDOWS\system32\NLAapi.dll
0x00007ffb5ac90000 - 0x00007ffb5accb000 	C:\WINDOWS\SYSTEM32\IPHLPAPI.DLL
0x00007ffb5a310000 - 0x00007ffb5a3da000 	C:\WINDOWS\SYSTEM32\DNSAPI.dll
0x00007ffb5baa0000 - 0x00007ffb5baa8000 	C:\WINDOWS\System32\NSI.dll
0x00007ffb3e8d0000 - 0x00007ffb3e8e2000 	C:\WINDOWS\System32\winrnr.dll
0x00007ffb53b90000 - 0x00007ffb53b9a000 	C:\Windows\System32\rasadhlp.dll
0x00007ffb4e620000 - 0x00007ffb4e6a0000 	C:\WINDOWS\System32\fwpuclnt.dll
0x00007ffb3e960000 - 0x00007ffb3e970000 	C:\Users\lenovo\.lunarclient\jre\56e53accb20696f802d92bd011174126b5e3154e\zulu21.30.15-ca-jre21.0.1-win_x64\bin\verify.dll
0x00007ffb5a800000 - 0x00007ffb5a818000 	C:\WINDOWS\SYSTEM32\CRYPTSP.dll
0x00007ffb59f30000 - 0x00007ffb59f64000 	C:\WINDOWS\system32\rsaenh.dll
0x00007ffb5aec0000 - 0x00007ffb5aeee000 	C:\WINDOWS\SYSTEM32\USERENV.dll
0x00007ffb5a820000 - 0x00007ffb5a82c000 	C:\WINDOWS\SYSTEM32\CRYPTBASE.dll
0x00007ffb1a410000 - 0x00007ffb1a455000 	C:\Users\lenovo\AppData\Local\Temp\jna--1106355917\jna9297740408962005294.dll
0x00007ffb5bf60000 - 0x00007ffb5c08b000 	C:\WINDOWS\System32\Ole32.dll
0x00007ffb41600000 - 0x00007ffb4161f000 	C:\WINDOWS\SYSTEM32\amsi.dll
0x00007ffb38690000 - 0x00007ffb386e1000 	C:\WINDOWS\SYSTEM32\Pdh.dll
0x00007ffb49630000 - 0x00007ffb4963f000 	C:\WINDOWS\System32\perfos.dll
0x00007ffb4cf10000 - 0x00007ffb4cf1e000 	C:\Users\lenovo\.lunarclient\jre\56e53accb20696f802d92bd011174126b5e3154e\zulu21.30.15-ca-jre21.0.1-win_x64\bin\sunmscapi.dll
0x00007ffb5b460000 - 0x00007ffb5b5bc000 	C:\WINDOWS\System32\CRYPT32.dll
0x00007ffb5a980000 - 0x00007ffb5a9a7000 	C:\WINDOWS\SYSTEM32\ncrypt.dll
0x00007ffb5a940000 - 0x00007ffb5a97b000 	C:\WINDOWS\SYSTEM32\NTASN1.dll
0x00007ffb4cf00000 - 0x00007ffb4cf07000 	C:\Users\lenovo\.lunarclient\jre\56e53accb20696f802d92bd011174126b5e3154e\zulu21.30.15-ca-jre21.0.1-win_x64\bin\extnet.dll
0x00007ffb3e000000 - 0x00007ffb3e007000 	C:\WINDOWS\system32\wshunix.dll

dbghelp: loaded successfully - version: 4.0.5 - missing functions: none
symbol engine: initialized successfully - sym options: 0x614 - pdb path: .;C:\Users\lenovo\.lunarclient\jre\56e53accb20696f802d92bd011174126b5e3154e\zulu21.30.15-ca-jre21.0.1-win_x64\bin;C:\WINDOWS\SYSTEM32;C:\WINDOWS\WinSxS\amd64_microsoft.windows.common-controls_6595b64144ccf1df_6.0.19041.4355_none_60b8b9eb71f62e16;D:\360safe\safemon;C:\Users\lenovo\.lunarclient\jre\56e53accb20696f802d92bd011174126b5e3154e\zulu21.30.15-ca-jre21.0.1-win_x64\bin\server;C:\Users\lenovo\AppData\Local\Temp\jna--1106355917

VM Arguments:
java_command: fabric-server-launch.jar nogui
java_class_path (initial): fabric-server-launch.jar
Launcher Type: SUN_STANDARD

[Global flags]
     intx CICompilerCount                          = 4                                         {product} {ergonomic}
     uint ConcGCThreads                            = 3                                         {product} {ergonomic}
     uint G1ConcRefinementThreads                  = 10                                        {product} {ergonomic}
   size_t G1HeapRegionSize                         = 2097152                                   {product} {ergonomic}
    uintx GCDrainStackTargetSize                   = 64                                        {product} {ergonomic}
   size_t InitialHeapSize                          = 257949696                                 {product} {ergonomic}
   size_t MarkStackSize                            = 4194304                                   {product} {ergonomic}
   size_t MaxHeapSize                              = 4125097984                                {product} {ergonomic}
   size_t MaxNewSize                               = 2474639360                                {product} {ergonomic}
   size_t MinHeapDeltaBytes                        = 2097152                                   {product} {ergonomic}
   size_t MinHeapSize                              = 8388608                                   {product} {ergonomic}
    uintx NonNMethodCodeHeapSize                   = 5839372                                {pd product} {ergonomic}
    uintx NonProfiledCodeHeapSize                  = 122909434                              {pd product} {ergonomic}
    uintx ProfiledCodeHeapSize                     = 122909434                              {pd product} {ergonomic}
    uintx ReservedCodeCacheSize                    = 251658240                              {pd product} {ergonomic}
     bool SegmentedCodeCache                       = true                                      {product} {ergonomic}
   size_t SoftMaxHeapSize                          = 4125097984                             {manageable} {ergonomic}
     bool UseCompressedOops                        = true                           {product lp64_product} {ergonomic}
     bool UseG1GC                                  = true                                      {product} {ergonomic}
     bool UseLargePagesIndividualAllocation        = false                                  {pd product} {ergonomic}

Logging:
Log output configuration:
 #0: stdout all=warning uptime,level,tags foldmultilines=false
 #1: stderr all=off uptime,level,tags foldmultilines=false

Environment Variables:
JAVA_HOME=D:\Java\java17.0.2\zulu17.32.13-ca-fx-jre17.0.2-win_x64
PATH=C:\Program Files\Common Files\Oracle\Java\javapath;C:\Program Files\Zulu\zulu-21\bin\;C:\Program Files (x86)\Common Files\Oracle\Java\java8path;C:\Program Files (x86)\Common Files\Oracle\Java\javapath;C:\Program Files (x86)\Common Files\Intel\Shared Libraries\redist\intel64\compiler;C:\Program Files\BellSoft\LibericaJRE-17\bin\;C:\WINDOWS\system32;C:\WINDOWS;C:\WINDOWS\System32\Wbem;C:\WINDOWS\System32\WindowsPowerShell\v1.0\;C:\WINDOWS\System32\OpenSSH\;C:\Program Files\dotnet\;D:\python\Scripts\;D:\Java\java17.0.2\zulu17.32.13-ca-fx-jre17.0.2-win_x64\bin;%USERPROFILE%\AppData\Local\Microsoft\WindowsApps;C:\Program Files\Bandizip\;D:\QQ\Hall.58158\
USERNAME=lenovo
LANG=zh_CN.UTF-8
OS=Windows_NT
PROCESSOR_IDENTIFIER=AMD64 Family 23 Model 96 Stepping 1, AuthenticAMD
TMP=C:\Users\lenovo\AppData\Local\Temp
TEMP=C:\Users\lenovo\AppData\Local\Temp




Periodic native trim disabled

---------------  S Y S T E M  ---------------

OS:
 Windows 10 , 64 bit Build 19041 (10.0.19041.5198)
OS uptime: 0 days 2:30 hours
Hyper-V role detected

CPU: total 12 (initial active 12) (12 cores per cpu, 2 threads per core) family 23 model 96 stepping 1 microcode 0x0, cx8, cmov, fxsr, ht, mmx, 3dnowpref, sse, sse2, sse3, ssse3, sse4a, sse4.1, sse4.2, popcnt, lzcnt, tsc, tscinvbit, avx, avx2, aes, clmul, bmi1, bmi2, adx, sha, fma, vzeroupper, clflush, clflushopt, hv, rdtscp, rdpid, f16c
Processor Information for all 12 processors :
  Max Mhz: 2100, Current Mhz: 2100, Mhz Limit: 2100

Memory: 4k page, system-wide physical 15734M (621M free)
TotalPageFile size 20850M (AvailPageFile size 5M)
current process WorkingSet (physical memory assigned to process): 646M, peak: 646M
current process commit charge ("private bytes"): 686M, peak: 686M

vm_info: OpenJDK 64-Bit Server VM (21.0.1+12-LTS) for windows-amd64 JRE (21.0.1+12-LTS) (Zulu21.30+15-CA), built on 2023-10-11T21:38:38Z by "zulu_re" with MS VC++ 17.1 (VS2022)

END.
