#
# There is insufficient memory for the Java Runtime Environment to continue.
# Native memory allocation (malloc) failed to allocate 1429312 bytes for Chunk::new
# Possible reasons:
#   The system is out of physical RAM or swap space
#   The process is running with CompressedOops enabled, and the Java Heap may be blocking the growth of the native heap
# Possible solutions:
#   Reduce memory load on the system
#   Increase physical memory or swap space
#   Check if swap backing store is full
#   Decrease Java heap size (-Xmx/-Xms)
#   Decrease number of Java threads
#   Decrease Java thread stack sizes (-Xss)
#   Set larger code cache with -XX:ReservedCodeCacheSize=
#   JVM is running with Zero Based Compressed Oops mode in which the Java heap is
#     placed in the first 32GB address space. The Java Heap base address is the
#     maximum limit for the native heap growth. Please use -XX:HeapBaseMinAddress
#     to set the Java Heap base and to place the Java Heap above 32GB virtual address.
# This output file may be truncated or incomplete.
#
#  Out of Memory Error (arena.cpp:168), pid=5220, tid=9972
#
# JRE version: OpenJDK Runtime Environment Zulu21.30+15-CA (21.0.1+12) (build 21.0.1+12-LTS)
# Java VM: OpenJDK 64-Bit Server VM Zulu21.30+15-CA (21.0.1+12-LTS, mixed mode, sharing, tiered, compressed oops, compressed class ptrs, g1 gc, windows-amd64)
# No core dump will be written. Minidumps are not enabled by default on client versions of Windows
#

---------------  S U M M A R Y ------------

Command Line: fabric-server-launch.jar nogui

Host: AMD Ryzen 5 4600U with Radeon Graphics         , 12 cores, 15G,  Windows 10 , 64 bit Build 19041 (10.0.19041.5438)
Time: Sun Mar  2 16:06:08 2025  Windows 10 , 64 bit Build 19041 (10.0.19041.5438) elapsed time: 4320.405734 seconds (0d 1h 12m 0s)

---------------  T H R E A D  ---------------

Current thread (0x000001c3fb757060):  JavaThread "C2 CompilerThread1" daemon [_thread_in_native, id=9972, stack(0x000000b5d9700000,0x000000b5d9800000) (1024K)]


Current CompileTask:
C2:4320406 26111       4       jdk.internal.org.objectweb.asm.SymbolTable::addConstantMemberReference (147 bytes)

Stack: [0x000000b5d9700000,0x000000b5d9800000]
Native frames: (J=compiled Java code, j=interpreted, Vv=VM code, C=native code)
V  [jvm.dll+0x6cea19]
V  [jvm.dll+0x8a9ef1]
V  [jvm.dll+0x8ac1ce]
V  [jvm.dll+0x8ac8b3]
V  [jvm.dll+0x283e46]
V  [jvm.dll+0xc5a4d]
V  [jvm.dll+0xc5f63]
V  [jvm.dll+0x3b90cc]
V  [jvm.dll+0x385e55]
V  [jvm.dll+0x3852ca]
V  [jvm.dll+0x24c380]
V  [jvm.dll+0x24b961]
V  [jvm.dll+0x1cbe11]
V  [jvm.dll+0x25b089]
V  [jvm.dll+0x25966a]
V  [jvm.dll+0x3f2bd6]
V  [jvm.dll+0x8526e8]
V  [jvm.dll+0x6cd16d]
C  [ucrtbase.dll+0x21bb2]
C  [KERNEL32.DLL+0x17374]
C  [ntdll.dll+0x4cc91]


---------------  P R O C E S S  ---------------

Threads class SMR info:
_java_thread_list=0x000001c3c239f720, length=39, elements={
0x000001c3f5703280, 0x000001c3f5703fa0, 0x000001c3f5705f40, 0x000001c3f5706d70,
0x000001c3f57077d0, 0x000001c3f570a640, 0x000001c3f570b7a0, 0x000001c3fa00a0a0,
0x000001c3fa1406d0, 0x000001c3fa146940, 0x000001c3fea02940, 0x000001c3fce53a30,
0x000001c3fce4caa0, 0x000001c3fc7e7c50, 0x000001c3fc7eaa40, 0x000001c3fc7e8970,
0x000001c3fc7e9690, 0x000001c3fc7eb760, 0x000001c3fc7e68a0, 0x000001c3fc7e6f30,
0x000001c3c26d98c0, 0x000001c3fd858040, 0x000001c3c26d9f50, 0x000001c3c26d8ba0,
0x000001c3c26da5e0, 0x000001c3c26dac70, 0x000001c3c26de0f0, 0x000001c3c26df4a0,
0x000001c3c26d9230, 0x000001c3c26dda60, 0x000001c3c26dee10, 0x000001c3c26db990,
0x000001c3c26de780, 0x000001c3c26dfb30, 0x000001c3c26dc020, 0x000001c3c26dc6b0,
0x000001c3c26dcd40, 0x000001c3fb757060, 0x000001c3fb757730
}

Java Threads: ( => current thread )
  0x000001c3f5703280 JavaThread "Reference Handler"          daemon [_thread_blocked, id=18056, stack(0x000000b5d8d00000,0x000000b5d8e00000) (1024K)]
  0x000001c3f5703fa0 JavaThread "Finalizer"                  daemon [_thread_blocked, id=10112, stack(0x000000b5d8e00000,0x000000b5d8f00000) (1024K)]
  0x000001c3f5705f40 JavaThread "Signal Dispatcher"          daemon [_thread_blocked, id=10580, stack(0x000000b5d8f00000,0x000000b5d9000000) (1024K)]
  0x000001c3f5706d70 JavaThread "Attach Listener"            daemon [_thread_blocked, id=20320, stack(0x000000b5d9000000,0x000000b5d9100000) (1024K)]
  0x000001c3f57077d0 JavaThread "Service Thread"             daemon [_thread_blocked, id=16768, stack(0x000000b5d9100000,0x000000b5d9200000) (1024K)]
  0x000001c3f570a640 JavaThread "Monitor Deflation Thread"   daemon [_thread_blocked, id=2744, stack(0x000000b5d9200000,0x000000b5d9300000) (1024K)]
  0x000001c3f570b7a0 JavaThread "C2 CompilerThread0"         daemon [_thread_in_native, id=13256, stack(0x000000b5d9300000,0x000000b5d9400000) (1024K)]
  0x000001c3fa00a0a0 JavaThread "C1 CompilerThread0"         daemon [_thread_in_vm, id=12032, stack(0x000000b5d9400000,0x000000b5d9500000) (1024K)]
  0x000001c3fa1406d0 JavaThread "Notification Thread"        daemon [_thread_blocked, id=25376, stack(0x000000b5d9500000,0x000000b5d9600000) (1024K)]
  0x000001c3fa146940 JavaThread "Common-Cleaner"             daemon [_thread_blocked, id=11740, stack(0x000000b5d9600000,0x000000b5d9700000) (1024K)]
  0x000001c3fea02940 JavaThread "JNA Cleaner"                daemon [_thread_blocked, id=20880, stack(0x000000b5da400000,0x000000b5da500000) (1024K)]
  0x000001c3fce53a30 JavaThread "Timer hack thread"          daemon [_thread_blocked, id=9616, stack(0x000000b5da800000,0x000000b5da900000) (1024K)]
  0x000001c3fce4caa0 JavaThread "Yggdrasil Key Fetcher"      daemon [_thread_blocked, id=19632, stack(0x000000b5da900000,0x000000b5daa00000) (1024K)]
  0x000001c3fc7e7c50 JavaThread "Server thread"                     [_thread_in_Java, id=18604, stack(0x000000b5d9800000,0x000000b5d9900000) (1024K)]
  0x000001c3fc7eaa40 JavaThread "DestroyJavaVM"                     [_thread_blocked, id=9236, stack(0x000000b5d8500000,0x000000b5d8600000) (1024K)]
  0x000001c3fc7e8970 JavaThread "Server console handler"     daemon [_thread_in_native, id=7992, stack(0x000000b5db700000,0x000000b5db800000) (1024K)]
  0x000001c3fc7e9690 JavaThread "Netty Server IO #0"         daemon [_thread_in_native, id=6600, stack(0x000000b5db900000,0x000000b5dba00000) (1024K)]
  0x000001c3fc7eb760 JavaThread "Server Watchdog"            daemon [_thread_blocked, id=15248, stack(0x000000b5dbd00000,0x000000b5dbe00000) (1024K)]
  0x000001c3fc7e68a0 JavaThread "Java2D Disposer"            daemon [_thread_blocked, id=13568, stack(0x000000b5dbe00000,0x000000b5dbf00000) (1024K)]
  0x000001c3fc7e6f30 JavaThread "Netty Server IO #1"         daemon [_thread_in_native, id=8808, stack(0x000000b5d8200000,0x000000b5d8300000) (1024K)]
  0x000001c3c26d98c0 JavaThread "Netty Server IO #2"         daemon [_thread_in_native, id=24156, stack(0x000000b5d8300000,0x000000b5d8400000) (1024K)]
  0x000001c3fd858040 JavaThread "Netty Server IO #3"         daemon [_thread_in_native, id=12872, stack(0x000000b5da700000,0x000000b5da800000) (1024K)]
  0x000001c3c26d9f50 JavaThread "Worker-Main-33"             daemon [_thread_blocked, id=6548, stack(0x000000b5da500000,0x000000b5da600000) (1024K)]
  0x000001c3c26d8ba0 JavaThread "Worker-Main-34"             daemon [_thread_blocked, id=2320, stack(0x000000b5da600000,0x000000b5da700000) (1024K)]
  0x000001c3c26da5e0 JavaThread "Worker-Main-35"             daemon [_thread_blocked, id=22656, stack(0x000000b5daa00000,0x000000b5dab00000) (1024K)]
  0x000001c3c26dac70 JavaThread "Worker-Main-36"             daemon [_thread_blocked, id=24944, stack(0x000000b5dab00000,0x000000b5dac00000) (1024K)]
  0x000001c3c26de0f0 JavaThread "Worker-Main-37"             daemon [_thread_blocked, id=13728, stack(0x000000b5dac00000,0x000000b5dad00000) (1024K)]
  0x000001c3c26df4a0 JavaThread "Worker-Main-38"             daemon [_thread_blocked, id=14828, stack(0x000000b5dad00000,0x000000b5dae00000) (1024K)]
  0x000001c3c26d9230 JavaThread "Worker-Main-39"             daemon [_thread_blocked, id=24620, stack(0x000000b5dae00000,0x000000b5daf00000) (1024K)]
  0x000001c3c26dda60 JavaThread "Worker-Main-40"             daemon [_thread_blocked, id=2008, stack(0x000000b5daf00000,0x000000b5db000000) (1024K)]
  0x000001c3c26dee10 JavaThread "Worker-Main-42"             daemon [_thread_blocked, id=19120, stack(0x000000b5db100000,0x000000b5db200000) (1024K)]
  0x000001c3c26db990 JavaThread "Worker-Main-43"             daemon [_thread_blocked, id=23264, stack(0x000000b5db200000,0x000000b5db300000) (1024K)]
  0x000001c3c26de780 JavaThread "Worker-Main-44"             daemon [_thread_blocked, id=10600, stack(0x000000b5d8400000,0x000000b5d8500000) (1024K)]
  0x000001c3c26dfb30 JavaThread "IO-Worker-13"                      [_thread_blocked, id=3760, stack(0x000000b5db300000,0x000000b5db400000) (1024K)]
  0x000001c3c26dc020 JavaThread "IO-Worker-14"                      [_thread_blocked, id=8976, stack(0x000000b5db400000,0x000000b5db500000) (1024K)]
  0x000001c3c26dc6b0 JavaThread "IO-Worker-15"                      [_thread_blocked, id=10108, stack(0x000000b5db500000,0x000000b5db600000) (1024K)]
  0x000001c3c26dcd40 JavaThread "IO-Worker-16"                      [_thread_blocked, id=15444, stack(0x000000b5db600000,0x000000b5db700000) (1024K)]
=>0x000001c3fb757060 JavaThread "C2 CompilerThread1"         daemon [_thread_in_native, id=9972, stack(0x000000b5d9700000,0x000000b5d9800000) (1024K)]
  0x000001c3fb757730 JavaThread "C2 CompilerThread2"         daemon [_thread_blocked, id=18520, stack(0x000000b5db000000,0x000000b5db100000) (1024K)]
Total: 39

Other Threads:
  0x000001c3f56e2970 VMThread "VM Thread"                           [id=7848, stack(0x000000b5d8c00000,0x000000b5d8d00000) (1024K)]
  0x000001c3f56c6650 WatcherThread "VM Periodic Task Thread"        [id=5528, stack(0x000000b5d8b00000,0x000000b5d8c00000) (1024K)]
  0x000001c3d84d94e0 WorkerThread "GC Thread#0"                     [id=20044, stack(0x000000b5d8600000,0x000000b5d8700000) (1024K)]
  0x000001c3fac60680 WorkerThread "GC Thread#1"                     [id=23596, stack(0x000000b5d9900000,0x000000b5d9a00000) (1024K)]
  0x000001c3fac60e30 WorkerThread "GC Thread#2"                     [id=16288, stack(0x000000b5d9a00000,0x000000b5d9b00000) (1024K)]
  0x000001c3fadf0f20 WorkerThread "GC Thread#3"                     [id=18472, stack(0x000000b5d9b00000,0x000000b5d9c00000) (1024K)]
  0x000001c3fadf12c0 WorkerThread "GC Thread#4"                     [id=21912, stack(0x000000b5d9c00000,0x000000b5d9d00000) (1024K)]
  0x000001c3fa76a620 WorkerThread "GC Thread#5"                     [id=9088, stack(0x000000b5d9d00000,0x000000b5d9e00000) (1024K)]
  0x000001c3fae59e60 WorkerThread "GC Thread#6"                     [id=20532, stack(0x000000b5d9e00000,0x000000b5d9f00000) (1024K)]
  0x000001c3fbd4c470 WorkerThread "GC Thread#7"                     [id=20536, stack(0x000000b5d9f00000,0x000000b5da000000) (1024K)]
  0x000001c3fbb9f9e0 WorkerThread "GC Thread#8"                     [id=18592, stack(0x000000b5da000000,0x000000b5da100000) (1024K)]
  0x000001c3fbb9ef00 WorkerThread "GC Thread#9"                     [id=19756, stack(0x000000b5da100000,0x000000b5da200000) (1024K)]
  0x000001c3d84e98a0 ConcurrentGCThread "G1 Main Marker"            [id=21284, stack(0x000000b5d8700000,0x000000b5d8800000) (1024K)]
  0x000001c3d84ea360 WorkerThread "G1 Conc#0"                       [id=3236, stack(0x000000b5d8800000,0x000000b5d8900000) (1024K)]
  0x000001c3fd860050 WorkerThread "G1 Conc#1"                       [id=7136, stack(0x000000b5da200000,0x000000b5da300000) (1024K)]
  0x000001c3fd860ed0 WorkerThread "G1 Conc#2"                       [id=24656, stack(0x000000b5da300000,0x000000b5da400000) (1024K)]
  0x000001c3f559a3d0 ConcurrentGCThread "G1 Refine#0"               [id=6832, stack(0x000000b5d8900000,0x000000b5d8a00000) (1024K)]
  0x000001c3f559ad50 ConcurrentGCThread "G1 Service"                [id=23808, stack(0x000000b5d8a00000,0x000000b5d8b00000) (1024K)]
Total: 18

Threads with active compile tasks:
C2 CompilerThread1  4320640 26111       4       jdk.internal.org.objectweb.asm.SymbolTable::addConstantMemberReference (147 bytes)
Total: 1

VM state: not at safepoint (normal execution)

VM Mutex/Monitor currently owned by a thread: None

Heap address: 0x000000070a200000, size: 3934 MB, Compressed Oops mode: Zero based, Oop shift amount: 3

CDS archive(s) mapped at: [0x000001c380000000-0x000001c380ba0000-0x000001c380ba0000), size 12189696, SharedBaseAddress: 0x000001c380000000, ArchiveRelocationMode: 1.
Compressed class space mapped at: 0x000001c381000000-0x000001c3c1000000, reserved size: 1073741824
Narrow klass base: 0x000001c380000000, Narrow klass shift: 0, Narrow klass range: 0x100000000

GC Precious Log:
 CardTable entry size: 512
 Card Set container configuration: InlinePtr #cards 4 size 8 Array Of Cards #cards 16 size 48 Howl #buckets 8 coarsen threshold 3686 Howl Bitmap #cards 512 size 80 coarsen threshold 460 Card regions per heap region 1 cards per card region 4096
 CPUs: 12 total, 12 available
 Memory: 15734M
 Large Page Support: Disabled
 NUMA Support: Disabled
 Compressed Oops: Enabled (Zero based)
 Heap Region Size: 2M
 Heap Min Capacity: 8M
 Heap Initial Capacity: 246M
 Heap Max Capacity: 3934M
 Pre-touch: Disabled
 Parallel Workers: 10
 Concurrent Workers: 3
 Concurrent Refinement Workers: 10
 Periodic GC: Disabled

Heap:
 garbage-first heap   total 450560K, used 241261K [0x000000070a200000, 0x0000000800000000)
  region size 2048K, 2 young (4096K), 1 survivors (2048K)
 Metaspace       used 106751K, committed 108160K, reserved 1179648K
  class space    used 16028K, committed 16704K, reserved 1048576K

Heap Regions: E=young(eden), S=young(survivor), O=old, HS=humongous(starts), HC=humongous(continues), CS=collection set, F=free, TAMS=top-at-mark-start, PB=parsable bottom
|   0|0x000000070a200000, 0x000000070a400000, 0x000000070a400000|100%| O|  |TAMS 0x000000070a400000| PB 0x000000070a200000| Untracked 
|   1|0x000000070a400000, 0x000000070a600000, 0x000000070a600000|100%| O|  |TAMS 0x000000070a600000| PB 0x000000070a400000| Untracked 
|   2|0x000000070a600000, 0x000000070a800000, 0x000000070a800000|100%|HS|  |TAMS 0x000000070a800000| PB 0x000000070a600000| Complete 
|   3|0x000000070a800000, 0x000000070aa00000, 0x000000070aa00000|100%| O|  |TAMS 0x000000070aa00000| PB 0x000000070a800000| Untracked 
|   4|0x000000070aa00000, 0x000000070ac00000, 0x000000070ac00000|100%| O|  |TAMS 0x000000070ac00000| PB 0x000000070aa00000| Untracked 
|   5|0x000000070ac00000, 0x000000070ae00000, 0x000000070ae00000|100%| O|  |TAMS 0x000000070ae00000| PB 0x000000070ac00000| Untracked 
|   6|0x000000070ae00000, 0x000000070b000000, 0x000000070b000000|100%|HS|  |TAMS 0x000000070b000000| PB 0x000000070ae00000| Complete 
|   7|0x000000070b000000, 0x000000070b200000, 0x000000070b200000|100%| O|  |TAMS 0x000000070b200000| PB 0x000000070b000000| Untracked 
|   8|0x000000070b200000, 0x000000070b400000, 0x000000070b400000|100%| O|  |TAMS 0x000000070b400000| PB 0x000000070b200000| Untracked 
|   9|0x000000070b400000, 0x000000070b600000, 0x000000070b600000|100%| O|  |TAMS 0x000000070b600000| PB 0x000000070b400000| Untracked 
|  10|0x000000070b600000, 0x000000070b800000, 0x000000070b800000|100%| O|  |TAMS 0x000000070b800000| PB 0x000000070b600000| Untracked 
|  11|0x000000070b800000, 0x000000070ba00000, 0x000000070ba00000|100%| O|  |TAMS 0x000000070ba00000| PB 0x000000070b800000| Untracked 
|  12|0x000000070ba00000, 0x000000070bc00000, 0x000000070bc00000|100%| O|  |TAMS 0x000000070bc00000| PB 0x000000070ba00000| Untracked 
|  13|0x000000070bc00000, 0x000000070be00000, 0x000000070be00000|100%| O|  |TAMS 0x000000070be00000| PB 0x000000070bc00000| Untracked 
|  14|0x000000070be00000, 0x000000070c000000, 0x000000070c000000|100%| O|  |TAMS 0x000000070c000000| PB 0x000000070be00000| Untracked 
|  15|0x000000070c000000, 0x000000070c200000, 0x000000070c200000|100%| O|  |TAMS 0x000000070c200000| PB 0x000000070c000000| Untracked 
|  16|0x000000070c200000, 0x000000070c400000, 0x000000070c400000|100%| O|  |TAMS 0x000000070c400000| PB 0x000000070c200000| Untracked 
|  17|0x000000070c400000, 0x000000070c600000, 0x000000070c600000|100%| O|  |TAMS 0x000000070c600000| PB 0x000000070c400000| Untracked 
|  18|0x000000070c600000, 0x000000070c800000, 0x000000070c800000|100%| O|  |TAMS 0x000000070c800000| PB 0x000000070c600000| Untracked 
|  19|0x000000070c800000, 0x000000070ca00000, 0x000000070ca00000|100%|HS|  |TAMS 0x000000070ca00000| PB 0x000000070c800000| Complete 
|  20|0x000000070ca00000, 0x000000070cc00000, 0x000000070cc00000|100%|HC|  |TAMS 0x000000070cc00000| PB 0x000000070ca00000| Complete 
|  21|0x000000070cc00000, 0x000000070ce00000, 0x000000070ce00000|100%|HC|  |TAMS 0x000000070ce00000| PB 0x000000070cc00000| Complete 
|  22|0x000000070ce00000, 0x000000070d000000, 0x000000070d000000|100%|HC|  |TAMS 0x000000070d000000| PB 0x000000070ce00000| Complete 
|  23|0x000000070d000000, 0x000000070d200000, 0x000000070d200000|100%|HC|  |TAMS 0x000000070d200000| PB 0x000000070d000000| Complete 
|  24|0x000000070d200000, 0x000000070d400000, 0x000000070d400000|100%|HC|  |TAMS 0x000000070d400000| PB 0x000000070d200000| Complete 
|  25|0x000000070d400000, 0x000000070d600000, 0x000000070d600000|100%| O|  |TAMS 0x000000070d600000| PB 0x000000070d400000| Untracked 
|  26|0x000000070d600000, 0x000000070d800000, 0x000000070d800000|100%| O|  |TAMS 0x000000070d800000| PB 0x000000070d600000| Untracked 
|  27|0x000000070d800000, 0x000000070da00000, 0x000000070da00000|100%| O|  |TAMS 0x000000070da00000| PB 0x000000070d800000| Untracked 
|  28|0x000000070da00000, 0x000000070dc00000, 0x000000070dc00000|100%| O|  |TAMS 0x000000070dc00000| PB 0x000000070da00000| Untracked 
|  29|0x000000070dc00000, 0x000000070de00000, 0x000000070de00000|100%| O|  |TAMS 0x000000070de00000| PB 0x000000070dc00000| Untracked 
|  30|0x000000070de00000, 0x000000070e000000, 0x000000070e000000|100%| O|  |TAMS 0x000000070e000000| PB 0x000000070de00000| Untracked 
|  31|0x000000070e000000, 0x000000070e200000, 0x000000070e200000|100%| O|  |TAMS 0x000000070e200000| PB 0x000000070e000000| Untracked 
|  32|0x000000070e200000, 0x000000070e400000, 0x000000070e400000|100%| O|  |TAMS 0x000000070e400000| PB 0x000000070e200000| Untracked 
|  33|0x000000070e400000, 0x000000070e600000, 0x000000070e600000|100%| O|  |TAMS 0x000000070e600000| PB 0x000000070e400000| Untracked 
|  34|0x000000070e600000, 0x000000070e800000, 0x000000070e800000|100%| O|  |TAMS 0x000000070e800000| PB 0x000000070e600000| Untracked 
|  35|0x000000070e800000, 0x000000070ea00000, 0x000000070ea00000|100%| O|  |TAMS 0x000000070ea00000| PB 0x000000070e800000| Untracked 
|  36|0x000000070ea00000, 0x000000070ec00000, 0x000000070ec00000|100%| O|  |TAMS 0x000000070ec00000| PB 0x000000070ea00000| Untracked 
|  37|0x000000070ec00000, 0x000000070ee00000, 0x000000070ee00000|100%| O|  |TAMS 0x000000070ee00000| PB 0x000000070ec00000| Untracked 
|  38|0x000000070ee00000, 0x000000070f000000, 0x000000070f000000|100%| O|  |TAMS 0x000000070f000000| PB 0x000000070ee00000| Untracked 
|  39|0x000000070f000000, 0x000000070f200000, 0x000000070f200000|100%| O|  |TAMS 0x000000070f200000| PB 0x000000070f000000| Untracked 
|  40|0x000000070f200000, 0x000000070f400000, 0x000000070f400000|100%| O|  |TAMS 0x000000070f400000| PB 0x000000070f200000| Untracked 
|  41|0x000000070f400000, 0x000000070f600000, 0x000000070f600000|100%| O|  |TAMS 0x000000070f600000| PB 0x000000070f400000| Untracked 
|  42|0x000000070f600000, 0x000000070f800000, 0x000000070f800000|100%| O|  |TAMS 0x000000070f800000| PB 0x000000070f600000| Untracked 
|  43|0x000000070f800000, 0x000000070fa00000, 0x000000070fa00000|100%| O|  |TAMS 0x000000070fa00000| PB 0x000000070f800000| Untracked 
|  44|0x000000070fa00000, 0x000000070fc00000, 0x000000070fc00000|100%| O|  |TAMS 0x000000070fc00000| PB 0x000000070fa00000| Untracked 
|  45|0x000000070fc00000, 0x000000070fe00000, 0x000000070fe00000|100%| O|  |TAMS 0x000000070fe00000| PB 0x000000070fc00000| Untracked 
|  46|0x000000070fe00000, 0x0000000710000000, 0x0000000710000000|100%| O|  |TAMS 0x0000000710000000| PB 0x000000070fe00000| Untracked 
|  47|0x0000000710000000, 0x0000000710200000, 0x0000000710200000|100%| O|  |TAMS 0x0000000710200000| PB 0x0000000710000000| Untracked 
|  48|0x0000000710200000, 0x0000000710400000, 0x0000000710400000|100%| O|  |TAMS 0x0000000710400000| PB 0x0000000710200000| Untracked 
|  49|0x0000000710400000, 0x0000000710600000, 0x0000000710600000|100%| O|  |TAMS 0x0000000710600000| PB 0x0000000710400000| Untracked 
|  50|0x0000000710600000, 0x0000000710800000, 0x0000000710800000|100%| O|  |TAMS 0x0000000710800000| PB 0x0000000710600000| Untracked 
|  51|0x0000000710800000, 0x0000000710a00000, 0x0000000710a00000|100%| O|  |TAMS 0x0000000710a00000| PB 0x0000000710800000| Untracked 
|  52|0x0000000710a00000, 0x0000000710c00000, 0x0000000710c00000|100%| O|  |TAMS 0x0000000710c00000| PB 0x0000000710a00000| Untracked 
|  53|0x0000000710c00000, 0x0000000710e00000, 0x0000000710e00000|100%| O|  |TAMS 0x0000000710e00000| PB 0x0000000710c00000| Untracked 
|  54|0x0000000710e00000, 0x0000000711000000, 0x0000000711000000|100%| O|  |TAMS 0x0000000711000000| PB 0x0000000710e00000| Untracked 
|  55|0x0000000711000000, 0x0000000711200000, 0x0000000711200000|100%| O|  |TAMS 0x0000000711200000| PB 0x0000000711000000| Untracked 
|  56|0x0000000711200000, 0x0000000711400000, 0x0000000711400000|100%| O|  |TAMS 0x0000000711400000| PB 0x0000000711200000| Untracked 
|  57|0x0000000711400000, 0x0000000711600000, 0x0000000711600000|100%| O|  |TAMS 0x0000000711600000| PB 0x0000000711400000| Untracked 
|  58|0x0000000711600000, 0x0000000711800000, 0x0000000711800000|100%| O|  |TAMS 0x0000000711800000| PB 0x0000000711600000| Untracked 
|  59|0x0000000711800000, 0x0000000711a00000, 0x0000000711a00000|100%| O|  |TAMS 0x0000000711a00000| PB 0x0000000711800000| Untracked 
|  60|0x0000000711a00000, 0x0000000711c00000, 0x0000000711c00000|100%| O|  |TAMS 0x0000000711c00000| PB 0x0000000711a00000| Untracked 
|  61|0x0000000711c00000, 0x0000000711e00000, 0x0000000711e00000|100%| O|  |TAMS 0x0000000711e00000| PB 0x0000000711c00000| Untracked 
|  62|0x0000000711e00000, 0x0000000711e1aa20, 0x0000000712000000|  5%| O|  |TAMS 0x0000000711e14300| PB 0x0000000711e00000| Untracked 
|  63|0x0000000712000000, 0x0000000712200000, 0x0000000712200000|100%| O|  |TAMS 0x0000000712200000| PB 0x0000000712000000| Untracked 
|  64|0x0000000712200000, 0x0000000712400000, 0x0000000712400000|100%| O|  |TAMS 0x0000000712400000| PB 0x0000000712200000| Untracked 
|  65|0x0000000712400000, 0x0000000712600000, 0x0000000712600000|100%| O|  |TAMS 0x0000000712600000| PB 0x0000000712400000| Untracked 
|  66|0x0000000712600000, 0x0000000712800000, 0x0000000712800000|100%| O|  |TAMS 0x0000000712800000| PB 0x0000000712600000| Untracked 
|  67|0x0000000712800000, 0x0000000712a00000, 0x0000000712a00000|100%| O|  |TAMS 0x0000000712a00000| PB 0x0000000712800000| Untracked 
|  68|0x0000000712a00000, 0x0000000712c00000, 0x0000000712c00000|100%| O|  |TAMS 0x0000000712c00000| PB 0x0000000712a00000| Untracked 
|  69|0x0000000712c00000, 0x0000000712e00000, 0x0000000712e00000|100%| O|  |TAMS 0x0000000712e00000| PB 0x0000000712c00000| Untracked 
|  70|0x0000000712e00000, 0x0000000713000000, 0x0000000713000000|100%| O|  |TAMS 0x0000000713000000| PB 0x0000000712e00000| Untracked 
|  71|0x0000000713000000, 0x0000000713200000, 0x0000000713200000|100%| O|  |TAMS 0x0000000713200000| PB 0x0000000713000000| Untracked 
|  72|0x0000000713200000, 0x0000000713400000, 0x0000000713400000|100%| O|  |TAMS 0x0000000713400000| PB 0x0000000713200000| Untracked 
|  73|0x0000000713400000, 0x0000000713600000, 0x0000000713600000|100%|HS|  |TAMS 0x0000000713600000| PB 0x0000000713400000| Complete 
|  74|0x0000000713600000, 0x0000000713800000, 0x0000000713800000|100%| O|  |TAMS 0x0000000713800000| PB 0x0000000713600000| Untracked 
|  75|0x0000000713800000, 0x0000000713a00000, 0x0000000713a00000|100%| O|  |TAMS 0x0000000713a00000| PB 0x0000000713800000| Untracked 
|  76|0x0000000713a00000, 0x0000000713c00000, 0x0000000713c00000|100%| O|  |TAMS 0x0000000713c00000| PB 0x0000000713a00000| Untracked 
|  77|0x0000000713c00000, 0x0000000713e00000, 0x0000000713e00000|100%| O|  |TAMS 0x0000000713e00000| PB 0x0000000713c00000| Untracked 
|  78|0x0000000713e00000, 0x0000000714000000, 0x0000000714000000|100%| O|  |TAMS 0x0000000714000000| PB 0x0000000713e00000| Untracked 
|  79|0x0000000714000000, 0x0000000714200000, 0x0000000714200000|100%| O|  |TAMS 0x0000000714200000| PB 0x0000000714000000| Untracked 
|  80|0x0000000714200000, 0x0000000714400000, 0x0000000714400000|100%| O|  |TAMS 0x0000000714400000| PB 0x0000000714200000| Untracked 
|  81|0x0000000714400000, 0x0000000714400000, 0x0000000714600000|  0%| F|  |TAMS 0x0000000714400000| PB 0x0000000714400000| Untracked 
|  82|0x0000000714600000, 0x0000000714800000, 0x0000000714800000|100%| O|  |TAMS 0x0000000714800000| PB 0x0000000714600000| Untracked 
|  83|0x0000000714800000, 0x0000000714a00000, 0x0000000714a00000|100%| O|  |TAMS 0x0000000714a00000| PB 0x0000000714800000| Untracked 
|  84|0x0000000714a00000, 0x0000000714c00000, 0x0000000714c00000|100%| O|  |TAMS 0x0000000714c00000| PB 0x0000000714a00000| Untracked 
|  85|0x0000000714c00000, 0x0000000714e00000, 0x0000000714e00000|100%| O|  |TAMS 0x0000000714e00000| PB 0x0000000714c00000| Untracked 
|  86|0x0000000714e00000, 0x0000000715000000, 0x0000000715000000|100%| O|  |TAMS 0x0000000715000000| PB 0x0000000714e00000| Untracked 
|  87|0x0000000715000000, 0x0000000715200000, 0x0000000715200000|100%| O|  |TAMS 0x0000000715200000| PB 0x0000000715000000| Untracked 
|  88|0x0000000715200000, 0x0000000715400000, 0x0000000715400000|100%| O|  |TAMS 0x0000000715400000| PB 0x0000000715200000| Untracked 
|  89|0x0000000715400000, 0x0000000715600000, 0x0000000715600000|100%| O|  |TAMS 0x0000000715600000| PB 0x0000000715400000| Untracked 
|  90|0x0000000715600000, 0x0000000715800000, 0x0000000715800000|100%| O|  |TAMS 0x0000000715800000| PB 0x0000000715600000| Untracked 
|  91|0x0000000715800000, 0x0000000715a00000, 0x0000000715a00000|100%| O|  |TAMS 0x0000000715a00000| PB 0x0000000715800000| Untracked 
|  92|0x0000000715a00000, 0x0000000715c00000, 0x0000000715c00000|100%| O|  |TAMS 0x0000000715c00000| PB 0x0000000715a00000| Untracked 
|  93|0x0000000715c00000, 0x0000000715e00000, 0x0000000715e00000|100%| O|  |TAMS 0x0000000715e00000| PB 0x0000000715c00000| Untracked 
|  94|0x0000000715e00000, 0x0000000716000000, 0x0000000716000000|100%| O|  |TAMS 0x0000000716000000| PB 0x0000000715e00000| Untracked 
|  95|0x0000000716000000, 0x0000000716200000, 0x0000000716200000|100%| O|  |TAMS 0x0000000716200000| PB 0x0000000716000000| Untracked 
|  96|0x0000000716200000, 0x0000000716400000, 0x0000000716400000|100%|HS|  |TAMS 0x0000000716400000| PB 0x0000000716200000| Complete 
|  97|0x0000000716400000, 0x0000000716600000, 0x0000000716600000|100%|HC|  |TAMS 0x0000000716600000| PB 0x0000000716400000| Complete 
|  98|0x0000000716600000, 0x0000000716800000, 0x0000000716800000|100%|HC|  |TAMS 0x0000000716800000| PB 0x0000000716600000| Complete 
|  99|0x0000000716800000, 0x0000000716a00000, 0x0000000716a00000|100%| O|  |TAMS 0x0000000716a00000| PB 0x0000000716800000| Untracked 
| 100|0x0000000716a00000, 0x0000000716c00000, 0x0000000716c00000|100%| O|  |TAMS 0x0000000716c00000| PB 0x0000000716a00000| Untracked 
| 101|0x0000000716c00000, 0x0000000716e00000, 0x0000000716e00000|100%| O|  |TAMS 0x0000000716e00000| PB 0x0000000716c00000| Untracked 
| 102|0x0000000716e00000, 0x0000000717000000, 0x0000000717000000|100%| O|  |TAMS 0x0000000717000000| PB 0x0000000716e00000| Untracked 
| 103|0x0000000717000000, 0x0000000717200000, 0x0000000717200000|100%| O|  |TAMS 0x0000000717200000| PB 0x0000000717000000| Untracked 
| 104|0x0000000717200000, 0x0000000717400000, 0x0000000717400000|100%| O|  |TAMS 0x0000000717400000| PB 0x0000000717200000| Untracked 
| 105|0x0000000717400000, 0x0000000717600000, 0x0000000717600000|100%| O|  |TAMS 0x0000000717600000| PB 0x0000000717400000| Untracked 
| 106|0x0000000717600000, 0x0000000717800000, 0x0000000717800000|100%| O|  |TAMS 0x0000000717800000| PB 0x0000000717600000| Untracked 
| 107|0x0000000717800000, 0x0000000717a00000, 0x0000000717a00000|100%| O|  |TAMS 0x0000000717a00000| PB 0x0000000717800000| Untracked 
| 108|0x0000000717a00000, 0x0000000717c00000, 0x0000000717c00000|100%| O|  |TAMS 0x0000000717c00000| PB 0x0000000717a00000| Untracked 
| 109|0x0000000717c00000, 0x0000000717e00000, 0x0000000717e00000|100%| O|  |TAMS 0x0000000717e00000| PB 0x0000000717c00000| Untracked 
| 110|0x0000000717e00000, 0x0000000718000000, 0x0000000718000000|100%| O|  |TAMS 0x0000000718000000| PB 0x0000000717e00000| Untracked 
| 111|0x0000000718000000, 0x0000000718200000, 0x0000000718200000|100%| O|  |TAMS 0x0000000718200000| PB 0x0000000718000000| Untracked 
| 112|0x0000000718200000, 0x0000000718200000, 0x0000000718400000|  0%| F|  |TAMS 0x0000000718200000| PB 0x0000000718200000| Untracked 
| 113|0x0000000718400000, 0x0000000718600000, 0x0000000718600000|100%| O|  |TAMS 0x0000000718600000| PB 0x0000000718400000| Untracked 
| 114|0x0000000718600000, 0x0000000718800000, 0x0000000718800000|100%|HS|  |TAMS 0x0000000718800000| PB 0x0000000718600000| Complete 
| 115|0x0000000718800000, 0x0000000718a00000, 0x0000000718a00000|100%|HC|  |TAMS 0x0000000718a00000| PB 0x0000000718800000| Complete 
| 116|0x0000000718a00000, 0x0000000718c00000, 0x0000000718c00000|100%|HC|  |TAMS 0x0000000718c00000| PB 0x0000000718a00000| Complete 
| 117|0x0000000718c00000, 0x0000000718e00000, 0x0000000718e00000|100%|HS|  |TAMS 0x0000000718e00000| PB 0x0000000718c00000| Complete 
| 118|0x0000000718e00000, 0x0000000719000000, 0x0000000719000000|100%|HC|  |TAMS 0x0000000719000000| PB 0x0000000718e00000| Complete 
| 119|0x0000000719000000, 0x0000000719200000, 0x0000000719200000|100%|HC|  |TAMS 0x0000000719200000| PB 0x0000000719000000| Complete 
| 120|0x0000000719200000, 0x0000000719200000, 0x0000000719400000|  0%| F|  |TAMS 0x0000000719200000| PB 0x0000000719200000| Untracked 
| 121|0x0000000719400000, 0x0000000719400000, 0x0000000719600000|  0%| F|  |TAMS 0x0000000719400000| PB 0x0000000719400000| Untracked 
| 122|0x0000000719600000, 0x0000000719600000, 0x0000000719800000|  0%| F|  |TAMS 0x0000000719600000| PB 0x0000000719600000| Untracked 
| 123|0x0000000719800000, 0x0000000719800000, 0x0000000719a00000|  0%| F|  |TAMS 0x0000000719800000| PB 0x0000000719800000| Untracked 
| 124|0x0000000719a00000, 0x0000000719a00000, 0x0000000719c00000|  0%| F|  |TAMS 0x0000000719a00000| PB 0x0000000719a00000| Untracked 
| 125|0x0000000719c00000, 0x0000000719c00000, 0x0000000719e00000|  0%| F|  |TAMS 0x0000000719c00000| PB 0x0000000719c00000| Untracked 
| 126|0x0000000719e00000, 0x0000000719e00000, 0x000000071a000000|  0%| F|  |TAMS 0x0000000719e00000| PB 0x0000000719e00000| Untracked 
| 127|0x000000071a000000, 0x000000071a000000, 0x000000071a200000|  0%| F|  |TAMS 0x000000071a000000| PB 0x000000071a000000| Untracked 
| 128|0x000000071a200000, 0x000000071a200000, 0x000000071a400000|  0%| F|  |TAMS 0x000000071a200000| PB 0x000000071a200000| Untracked 
| 129|0x000000071a400000, 0x000000071a580d60, 0x000000071a600000| 75%| S|CS|TAMS 0x000000071a400000| PB 0x000000071a400000| Complete 
| 130|0x000000071a600000, 0x000000071a600000, 0x000000071a800000|  0%| F|  |TAMS 0x000000071a600000| PB 0x000000071a600000| Untracked 
| 131|0x000000071a800000, 0x000000071a800000, 0x000000071aa00000|  0%| F|  |TAMS 0x000000071a800000| PB 0x000000071a800000| Untracked 
| 132|0x000000071aa00000, 0x000000071aa00000, 0x000000071ac00000|  0%| F|  |TAMS 0x000000071aa00000| PB 0x000000071aa00000| Untracked 
| 133|0x000000071ac00000, 0x000000071ac00000, 0x000000071ae00000|  0%| F|  |TAMS 0x000000071ac00000| PB 0x000000071ac00000| Untracked 
| 134|0x000000071ae00000, 0x000000071ae00000, 0x000000071b000000|  0%| F|  |TAMS 0x000000071ae00000| PB 0x000000071ae00000| Untracked 
| 135|0x000000071b000000, 0x000000071b000000, 0x000000071b200000|  0%| F|  |TAMS 0x000000071b000000| PB 0x000000071b000000| Untracked 
| 136|0x000000071b200000, 0x000000071b200000, 0x000000071b400000|  0%| F|  |TAMS 0x000000071b200000| PB 0x000000071b200000| Untracked 
| 137|0x000000071b400000, 0x000000071b400000, 0x000000071b600000|  0%| F|  |TAMS 0x000000071b400000| PB 0x000000071b400000| Untracked 
| 138|0x000000071b600000, 0x000000071b600000, 0x000000071b800000|  0%| F|  |TAMS 0x000000071b600000| PB 0x000000071b600000| Untracked 
| 139|0x000000071b800000, 0x000000071b800000, 0x000000071ba00000|  0%| F|  |TAMS 0x000000071b800000| PB 0x000000071b800000| Untracked 
| 140|0x000000071ba00000, 0x000000071ba00000, 0x000000071bc00000|  0%| F|  |TAMS 0x000000071ba00000| PB 0x000000071ba00000| Untracked 
| 141|0x000000071bc00000, 0x000000071bc00000, 0x000000071be00000|  0%| F|  |TAMS 0x000000071bc00000| PB 0x000000071bc00000| Untracked 
| 142|0x000000071be00000, 0x000000071be00000, 0x000000071c000000|  0%| F|  |TAMS 0x000000071be00000| PB 0x000000071be00000| Untracked 
| 143|0x000000071c000000, 0x000000071c000000, 0x000000071c200000|  0%| F|  |TAMS 0x000000071c000000| PB 0x000000071c000000| Untracked 
| 144|0x000000071c200000, 0x000000071c200000, 0x000000071c400000|  0%| F|  |TAMS 0x000000071c200000| PB 0x000000071c200000| Untracked 
| 145|0x000000071c400000, 0x000000071c400000, 0x000000071c600000|  0%| F|  |TAMS 0x000000071c400000| PB 0x000000071c400000| Untracked 
| 146|0x000000071c600000, 0x000000071c600000, 0x000000071c800000|  0%| F|  |TAMS 0x000000071c600000| PB 0x000000071c600000| Untracked 
| 147|0x000000071c800000, 0x000000071c800000, 0x000000071ca00000|  0%| F|  |TAMS 0x000000071c800000| PB 0x000000071c800000| Untracked 
| 148|0x000000071ca00000, 0x000000071ca00000, 0x000000071cc00000|  0%| F|  |TAMS 0x000000071ca00000| PB 0x000000071ca00000| Untracked 
| 149|0x000000071cc00000, 0x000000071cc00000, 0x000000071ce00000|  0%| F|  |TAMS 0x000000071cc00000| PB 0x000000071cc00000| Untracked 
| 150|0x000000071ce00000, 0x000000071ce00000, 0x000000071d000000|  0%| F|  |TAMS 0x000000071ce00000| PB 0x000000071ce00000| Untracked 
| 151|0x000000071d000000, 0x000000071d000000, 0x000000071d200000|  0%| F|  |TAMS 0x000000071d000000| PB 0x000000071d000000| Untracked 
| 152|0x000000071d200000, 0x000000071d200000, 0x000000071d400000|  0%| F|  |TAMS 0x000000071d200000| PB 0x000000071d200000| Untracked 
| 153|0x000000071d400000, 0x000000071d400000, 0x000000071d600000|  0%| F|  |TAMS 0x000000071d400000| PB 0x000000071d400000| Untracked 
| 154|0x000000071d600000, 0x000000071d600000, 0x000000071d800000|  0%| F|  |TAMS 0x000000071d600000| PB 0x000000071d600000| Untracked 
| 155|0x000000071d800000, 0x000000071d800000, 0x000000071da00000|  0%| F|  |TAMS 0x000000071d800000| PB 0x000000071d800000| Untracked 
| 156|0x000000071da00000, 0x000000071da00000, 0x000000071dc00000|  0%| F|  |TAMS 0x000000071da00000| PB 0x000000071da00000| Untracked 
| 157|0x000000071dc00000, 0x000000071dc00000, 0x000000071de00000|  0%| F|  |TAMS 0x000000071dc00000| PB 0x000000071dc00000| Untracked 
| 158|0x000000071de00000, 0x000000071de00000, 0x000000071e000000|  0%| F|  |TAMS 0x000000071de00000| PB 0x000000071de00000| Untracked 
| 159|0x000000071e000000, 0x000000071e000000, 0x000000071e200000|  0%| F|  |TAMS 0x000000071e000000| PB 0x000000071e000000| Untracked 
| 160|0x000000071e200000, 0x000000071e200000, 0x000000071e400000|  0%| F|  |TAMS 0x000000071e200000| PB 0x000000071e200000| Untracked 
| 161|0x000000071e400000, 0x000000071e400000, 0x000000071e600000|  0%| F|  |TAMS 0x000000071e400000| PB 0x000000071e400000| Untracked 
| 162|0x000000071e600000, 0x000000071e600000, 0x000000071e800000|  0%| F|  |TAMS 0x000000071e600000| PB 0x000000071e600000| Untracked 
| 163|0x000000071e800000, 0x000000071e800000, 0x000000071ea00000|  0%| F|  |TAMS 0x000000071e800000| PB 0x000000071e800000| Untracked 
| 164|0x000000071ea00000, 0x000000071ea00000, 0x000000071ec00000|  0%| F|  |TAMS 0x000000071ea00000| PB 0x000000071ea00000| Untracked 
| 165|0x000000071ec00000, 0x000000071ec00000, 0x000000071ee00000|  0%| F|  |TAMS 0x000000071ec00000| PB 0x000000071ec00000| Untracked 
| 166|0x000000071ee00000, 0x000000071ee00000, 0x000000071f000000|  0%| F|  |TAMS 0x000000071ee00000| PB 0x000000071ee00000| Untracked 
| 167|0x000000071f000000, 0x000000071f000000, 0x000000071f200000|  0%| F|  |TAMS 0x000000071f000000| PB 0x000000071f000000| Untracked 
| 168|0x000000071f200000, 0x000000071f200000, 0x000000071f400000|  0%| F|  |TAMS 0x000000071f200000| PB 0x000000071f200000| Untracked 
| 169|0x000000071f400000, 0x000000071f400000, 0x000000071f600000|  0%| F|  |TAMS 0x000000071f400000| PB 0x000000071f400000| Untracked 
| 170|0x000000071f600000, 0x000000071f600000, 0x000000071f800000|  0%| F|  |TAMS 0x000000071f600000| PB 0x000000071f600000| Untracked 
| 171|0x000000071f800000, 0x000000071f800000, 0x000000071fa00000|  0%| F|  |TAMS 0x000000071f800000| PB 0x000000071f800000| Untracked 
| 172|0x000000071fa00000, 0x000000071fa00000, 0x000000071fc00000|  0%| F|  |TAMS 0x000000071fa00000| PB 0x000000071fa00000| Untracked 
| 173|0x000000071fc00000, 0x000000071fc00000, 0x000000071fe00000|  0%| F|  |TAMS 0x000000071fc00000| PB 0x000000071fc00000| Untracked 
| 174|0x000000071fe00000, 0x000000071fe00000, 0x0000000720000000|  0%| F|  |TAMS 0x000000071fe00000| PB 0x000000071fe00000| Untracked 
| 175|0x0000000720000000, 0x0000000720000000, 0x0000000720200000|  0%| F|  |TAMS 0x0000000720000000| PB 0x0000000720000000| Untracked 
| 176|0x0000000720200000, 0x0000000720200000, 0x0000000720400000|  0%| F|  |TAMS 0x0000000720200000| PB 0x0000000720200000| Untracked 
| 177|0x0000000720400000, 0x0000000720400000, 0x0000000720600000|  0%| F|  |TAMS 0x0000000720400000| PB 0x0000000720400000| Untracked 
| 178|0x0000000720600000, 0x0000000720600000, 0x0000000720800000|  0%| F|  |TAMS 0x0000000720600000| PB 0x0000000720600000| Untracked 
| 179|0x0000000720800000, 0x0000000720800000, 0x0000000720a00000|  0%| F|  |TAMS 0x0000000720800000| PB 0x0000000720800000| Untracked 
| 180|0x0000000720a00000, 0x0000000720a00000, 0x0000000720c00000|  0%| F|  |TAMS 0x0000000720a00000| PB 0x0000000720a00000| Untracked 
| 181|0x0000000720c00000, 0x0000000720c00000, 0x0000000720e00000|  0%| F|  |TAMS 0x0000000720c00000| PB 0x0000000720c00000| Untracked 
| 182|0x0000000720e00000, 0x0000000720e00000, 0x0000000721000000|  0%| F|  |TAMS 0x0000000720e00000| PB 0x0000000720e00000| Untracked 
| 183|0x0000000721000000, 0x0000000721000000, 0x0000000721200000|  0%| F|  |TAMS 0x0000000721000000| PB 0x0000000721000000| Untracked 
| 184|0x0000000721200000, 0x0000000721200000, 0x0000000721400000|  0%| F|  |TAMS 0x0000000721200000| PB 0x0000000721200000| Untracked 
| 185|0x0000000721400000, 0x0000000721400000, 0x0000000721600000|  0%| F|  |TAMS 0x0000000721400000| PB 0x0000000721400000| Untracked 
| 186|0x0000000721600000, 0x0000000721600000, 0x0000000721800000|  0%| F|  |TAMS 0x0000000721600000| PB 0x0000000721600000| Untracked 
| 187|0x0000000721800000, 0x0000000721800000, 0x0000000721a00000|  0%| F|  |TAMS 0x0000000721800000| PB 0x0000000721800000| Untracked 
| 188|0x0000000721a00000, 0x0000000721a00000, 0x0000000721c00000|  0%| F|  |TAMS 0x0000000721a00000| PB 0x0000000721a00000| Untracked 
| 189|0x0000000721c00000, 0x0000000721c00000, 0x0000000721e00000|  0%| F|  |TAMS 0x0000000721c00000| PB 0x0000000721c00000| Untracked 
| 190|0x0000000721e00000, 0x0000000721e00000, 0x0000000722000000|  0%| F|  |TAMS 0x0000000721e00000| PB 0x0000000721e00000| Untracked 
| 191|0x0000000722000000, 0x0000000722000000, 0x0000000722200000|  0%| F|  |TAMS 0x0000000722000000| PB 0x0000000722000000| Untracked 
| 192|0x0000000722200000, 0x0000000722200000, 0x0000000722400000|  0%| F|  |TAMS 0x0000000722200000| PB 0x0000000722200000| Untracked 
| 193|0x0000000722400000, 0x0000000722400000, 0x0000000722600000|  0%| F|  |TAMS 0x0000000722400000| PB 0x0000000722400000| Untracked 
| 194|0x0000000722600000, 0x0000000722600000, 0x0000000722800000|  0%| F|  |TAMS 0x0000000722600000| PB 0x0000000722600000| Untracked 
| 195|0x0000000722800000, 0x0000000722800000, 0x0000000722a00000|  0%| F|  |TAMS 0x0000000722800000| PB 0x0000000722800000| Untracked 
| 196|0x0000000722a00000, 0x0000000722a00000, 0x0000000722c00000|  0%| F|  |TAMS 0x0000000722a00000| PB 0x0000000722a00000| Untracked 
| 197|0x0000000722c00000, 0x0000000722c00000, 0x0000000722e00000|  0%| F|  |TAMS 0x0000000722c00000| PB 0x0000000722c00000| Untracked 
| 198|0x0000000722e00000, 0x0000000722e00000, 0x0000000723000000|  0%| F|  |TAMS 0x0000000722e00000| PB 0x0000000722e00000| Untracked 
| 199|0x0000000723000000, 0x0000000723000000, 0x0000000723200000|  0%| F|  |TAMS 0x0000000723000000| PB 0x0000000723000000| Untracked 
| 200|0x0000000723200000, 0x0000000723200000, 0x0000000723400000|  0%| F|  |TAMS 0x0000000723200000| PB 0x0000000723200000| Untracked 
| 201|0x0000000723400000, 0x0000000723400000, 0x0000000723600000|  0%| F|  |TAMS 0x0000000723400000| PB 0x0000000723400000| Untracked 
| 202|0x0000000723600000, 0x0000000723600000, 0x0000000723800000|  0%| F|  |TAMS 0x0000000723600000| PB 0x0000000723600000| Untracked 
| 203|0x0000000723800000, 0x0000000723800000, 0x0000000723a00000|  0%| F|  |TAMS 0x0000000723800000| PB 0x0000000723800000| Untracked 
| 204|0x0000000723a00000, 0x0000000723a00000, 0x0000000723c00000|  0%| F|  |TAMS 0x0000000723a00000| PB 0x0000000723a00000| Untracked 
| 205|0x0000000723c00000, 0x0000000723c00000, 0x0000000723e00000|  0%| F|  |TAMS 0x0000000723c00000| PB 0x0000000723c00000| Untracked 
| 206|0x0000000723e00000, 0x0000000723e00000, 0x0000000724000000|  0%| F|  |TAMS 0x0000000723e00000| PB 0x0000000723e00000| Untracked 
| 207|0x0000000724000000, 0x0000000724000000, 0x0000000724200000|  0%| F|  |TAMS 0x0000000724000000| PB 0x0000000724000000| Untracked 
| 208|0x0000000724200000, 0x0000000724200000, 0x0000000724400000|  0%| F|  |TAMS 0x0000000724200000| PB 0x0000000724200000| Untracked 
| 209|0x0000000724400000, 0x0000000724400000, 0x0000000724600000|  0%| F|  |TAMS 0x0000000724400000| PB 0x0000000724400000| Untracked 
| 210|0x0000000724600000, 0x0000000724600000, 0x0000000724800000|  0%| F|  |TAMS 0x0000000724600000| PB 0x0000000724600000| Untracked 
| 211|0x0000000724800000, 0x0000000724800000, 0x0000000724a00000|  0%| F|  |TAMS 0x0000000724800000| PB 0x0000000724800000| Untracked 
| 212|0x0000000724a00000, 0x0000000724a00000, 0x0000000724c00000|  0%| F|  |TAMS 0x0000000724a00000| PB 0x0000000724a00000| Untracked 
| 213|0x0000000724c00000, 0x0000000724c00000, 0x0000000724e00000|  0%| F|  |TAMS 0x0000000724c00000| PB 0x0000000724c00000| Untracked 
| 214|0x0000000724e00000, 0x0000000724e00000, 0x0000000725000000|  0%| F|  |TAMS 0x0000000724e00000| PB 0x0000000724e00000| Untracked 
| 215|0x0000000725000000, 0x0000000725000000, 0x0000000725200000|  0%| F|  |TAMS 0x0000000725000000| PB 0x0000000725000000| Untracked 
| 216|0x0000000725200000, 0x0000000725200000, 0x0000000725400000|  0%| F|  |TAMS 0x0000000725200000| PB 0x0000000725200000| Untracked 
| 217|0x0000000725400000, 0x0000000725400000, 0x0000000725600000|  0%| F|  |TAMS 0x0000000725400000| PB 0x0000000725400000| Untracked 
| 218|0x0000000725600000, 0x0000000725600000, 0x0000000725800000|  0%| F|  |TAMS 0x0000000725600000| PB 0x0000000725600000| Untracked 
| 219|0x0000000725800000, 0x0000000725901260, 0x0000000725a00000| 50%| E|  |TAMS 0x0000000725800000| PB 0x0000000725800000| Complete 

Card table byte_map: [0x000001c3eec20000,0x000001c3ef3d0000] _byte_map_base: 0x000001c3eb3cf000

Marking Bits: (CMBitMap*) 0x000001c3d84d99f0
 Bits: [0x000001c3ef3d0000, 0x000001c3f3148000)

Polling page: 0x000001c3d8400000

Metaspace:

Usage:
  Non-class:     88.60 MB used.
      Class:     15.65 MB used.
       Both:    104.25 MB used.

Virtual space:
  Non-class space:      128.00 MB reserved,      89.31 MB ( 70%) committed,  2 nodes.
      Class space:        1.00 GB reserved,      16.31 MB (  2%) committed,  1 nodes.
             Both:        1.12 GB reserved,     105.62 MB (  9%) committed. 

Chunk freelists:
   Non-Class:  6.48 MB
       Class:  15.68 MB
        Both:  22.16 MB

MaxMetaspaceSize: unlimited
CompressedClassSpaceSize: 1.00 GB
Initial GC threshold: 21.00 MB
Current GC threshold: 175.75 MB
CDS: on
 - commit_granule_bytes: 65536.
 - commit_granule_words: 8192.
 - virtual_space_node_default_size: 8388608.
 - enlarge_chunks_in_place: 1.
 - use_allocation_guard: 0.


Internal statistics:

num_allocs_failed_limit: 12.
num_arena_births: 2014.
num_arena_deaths: 338.
num_vsnodes_births: 3.
num_vsnodes_deaths: 0.
num_space_committed: 1685.
num_space_uncommitted: 0.
num_chunks_returned_to_freelist: 397.
num_chunks_taken_from_freelist: 6456.
num_chunk_merges: 95.
num_chunk_splits: 4155.
num_chunks_enlarged: 2986.
num_inconsistent_stats: 0.

CodeHeap 'non-profiled nmethods': size=120000Kb used=7624Kb max_used=13347Kb free=112376Kb
 bounds [0x000001c3e62a0000, 0x000001c3e6fb0000, 0x000001c3ed7d0000]
CodeHeap 'profiled nmethods': size=120000Kb used=5580Kb max_used=22201Kb free=114419Kb
 bounds [0x000001c3de7d0000, 0x000001c3dfd80000, 0x000001c3e5d00000]
CodeHeap 'non-nmethods': size=5760Kb used=2372Kb max_used=2438Kb free=3387Kb
 bounds [0x000001c3e5d00000, 0x000001c3e5f70000, 0x000001c3e62a0000]
 total_blobs=6462 nmethods=5194 adapters=1169
 compilation: enabled
              stopped_count=0, restarted_count=0
 full_count=0

Compilation events (20 events):
Event: 4320.282 Thread 0x000001c3fa00a0a0 nmethod 26278 0x000001c3deac2910 code [0x000001c3deac2ac0, 0x000001c3deac2ca0]
Event: 4320.330 Thread 0x000001c3f570b7a0 nmethod 26245 0x000001c3e6b3c890 code [0x000001c3e6b3ce20, 0x000001c3e6b3ec98]
Event: 4320.330 Thread 0x000001c3fa00a0a0 26279       3       net.minecraft.class_2512::method_10687 (288 bytes)
Event: 4320.335 Thread 0x000001c3fb757730 nmethod 26259 0x000001c3e6ba5f10 code [0x000001c3e6ba6100, 0x000001c3e6ba6c88]
Event: 4320.340 Thread 0x000001c3fa00a0a0 nmethod 26279 0x000001c3deabea10 code [0x000001c3deabef00, 0x000001c3deac1d30]
Event: 4320.340 Thread 0x000001c3fb757730 26263       4       sun.nio.fs.WindowsPathParser::normalize (233 bytes)
Event: 4320.343 Thread 0x000001c3fa00a0a0 26281       3       net.minecraft.class_1309::method_30129 (280 bytes)
Event: 4320.345 Thread 0x000001c3f570b7a0 26280       4       com.google.common.base.Preconditions::checkElementIndex (8 bytes)
Event: 4320.347 Thread 0x000001c3f570b7a0 nmethod 26280 0x000001c3e6a65210 code [0x000001c3e6a653a0, 0x000001c3e6a65448]
Event: 4320.348 Thread 0x000001c3f570b7a0 26267       4       net.minecraft.class_5539::method_31606 (11 bytes)
Event: 4320.351 Thread 0x000001c3fa00a0a0 nmethod 26281 0x000001c3deabb690 code [0x000001c3deabbae0, 0x000001c3deabdf60]
Event: 4320.352 Thread 0x000001c3fa00a0a0 26282       3       net.minecraft.class_1657::method_30263 (37 bytes)
Event: 4320.353 Thread 0x000001c3fa00a0a0 nmethod 26282 0x000001c3deabb110 code [0x000001c3deabb2c0, 0x000001c3deabb598]
Event: 4320.355 Thread 0x000001c3f570b7a0 nmethod 26267 0x000001c3e6a64c90 code [0x000001c3e6a64e40, 0x000001c3e6a64fe8]
Event: 4320.356 Thread 0x000001c3f570b7a0 26265       4       java.lang.invoke.MethodTypeForm::cachedLambdaForm (23 bytes)
Event: 4320.360 Thread 0x000001c3f570b7a0 nmethod 26265 0x000001c3e6ba5b10 code [0x000001c3e6ba5ca0, 0x000001c3e6ba5e20]
Event: 4320.361 Thread 0x000001c3f570b7a0 26264       4       java.lang.invoke.MethodHandleNatives::refKindIsMethod (19 bytes)
Event: 4320.362 Thread 0x000001c3f570b7a0 nmethod 26264 0x000001c3e6a64990 code [0x000001c3e6a64b20, 0x000001c3e6a64ba8]
Event: 4320.362 Thread 0x000001c3f570b7a0 26250       4       java.lang.invoke.InnerClassLambdaMetafactory::getLoadOpcode (26 bytes)
Event: 4320.367 Thread 0x000001c3f570b7a0 nmethod 26250 0x000001c3e6ba5790 code [0x000001c3e6ba5920, 0x000001c3e6ba5a18]

GC Heap History (20 events):
Event: 3954.780 GC heap before
{Heap before GC invocations=142 (full 0):
 garbage-first heap   total 450560K, used 422993K [0x000000070a200000, 0x0000000800000000)
  region size 2048K, 90 young (184320K), 1 survivors (2048K)
 Metaspace       used 106408K, committed 108032K, reserved 1179648K
  class space    used 15981K, committed 16704K, reserved 1048576K
}
Event: 3954.785 GC heap after
{Heap after GC invocations=143 (full 0):
 garbage-first heap   total 450560K, used 240496K [0x000000070a200000, 0x0000000800000000)
  region size 2048K, 1 young (2048K), 1 survivors (2048K)
 Metaspace       used 106408K, committed 108032K, reserved 1179648K
  class space    used 15981K, committed 16704K, reserved 1048576K
}
Event: 3992.532 GC heap before
{Heap before GC invocations=143 (full 0):
 garbage-first heap   total 450560K, used 422768K [0x000000070a200000, 0x0000000800000000)
  region size 2048K, 90 young (184320K), 1 survivors (2048K)
 Metaspace       used 106408K, committed 108032K, reserved 1179648K
  class space    used 15981K, committed 16704K, reserved 1048576K
}
Event: 3992.536 GC heap after
{Heap after GC invocations=144 (full 0):
 garbage-first heap   total 450560K, used 240494K [0x000000070a200000, 0x0000000800000000)
  region size 2048K, 1 young (2048K), 1 survivors (2048K)
 Metaspace       used 106408K, committed 108032K, reserved 1179648K
  class space    used 15981K, committed 16704K, reserved 1048576K
}
Event: 4030.280 GC heap before
{Heap before GC invocations=145 (full 0):
 garbage-first heap   total 450560K, used 422766K [0x000000070a200000, 0x0000000800000000)
  region size 2048K, 90 young (184320K), 1 survivors (2048K)
 Metaspace       used 106408K, committed 108032K, reserved 1179648K
  class space    used 15981K, committed 16704K, reserved 1048576K
}
Event: 4030.283 GC heap after
{Heap after GC invocations=146 (full 0):
 garbage-first heap   total 450560K, used 240515K [0x000000070a200000, 0x0000000800000000)
  region size 2048K, 1 young (2048K), 1 survivors (2048K)
 Metaspace       used 106408K, committed 108032K, reserved 1179648K
  class space    used 15981K, committed 16704K, reserved 1048576K
}
Event: 4067.882 GC heap before
{Heap before GC invocations=146 (full 0):
 garbage-first heap   total 450560K, used 422787K [0x000000070a200000, 0x0000000800000000)
  region size 2048K, 90 young (184320K), 1 survivors (2048K)
 Metaspace       used 106408K, committed 108032K, reserved 1179648K
  class space    used 15981K, committed 16704K, reserved 1048576K
}
Event: 4067.886 GC heap after
{Heap after GC invocations=147 (full 0):
 garbage-first heap   total 450560K, used 240285K [0x000000070a200000, 0x0000000800000000)
  region size 2048K, 1 young (2048K), 1 survivors (2048K)
 Metaspace       used 106408K, committed 108032K, reserved 1179648K
  class space    used 15981K, committed 16704K, reserved 1048576K
}
Event: 4105.579 GC heap before
{Heap before GC invocations=147 (full 0):
 garbage-first heap   total 450560K, used 422557K [0x000000070a200000, 0x0000000800000000)
  region size 2048K, 90 young (184320K), 1 survivors (2048K)
 Metaspace       used 106408K, committed 108032K, reserved 1179648K
  class space    used 15981K, committed 16704K, reserved 1048576K
}
Event: 4105.585 GC heap after
{Heap after GC invocations=148 (full 0):
 garbage-first heap   total 450560K, used 240291K [0x000000070a200000, 0x0000000800000000)
  region size 2048K, 1 young (2048K), 1 survivors (2048K)
 Metaspace       used 106408K, committed 108032K, reserved 1179648K
  class space    used 15981K, committed 16704K, reserved 1048576K
}
Event: 4143.630 GC heap before
{Heap before GC invocations=149 (full 0):
 garbage-first heap   total 450560K, used 422563K [0x000000070a200000, 0x0000000800000000)
  region size 2048K, 90 young (184320K), 1 survivors (2048K)
 Metaspace       used 106408K, committed 108032K, reserved 1179648K
  class space    used 15981K, committed 16704K, reserved 1048576K
}
Event: 4143.633 GC heap after
{Heap after GC invocations=150 (full 0):
 garbage-first heap   total 450560K, used 240293K [0x000000070a200000, 0x0000000800000000)
  region size 2048K, 1 young (2048K), 1 survivors (2048K)
 Metaspace       used 106408K, committed 108032K, reserved 1179648K
  class space    used 15981K, committed 16704K, reserved 1048576K
}
Event: 4181.629 GC heap before
{Heap before GC invocations=150 (full 0):
 garbage-first heap   total 450560K, used 422565K [0x000000070a200000, 0x0000000800000000)
  region size 2048K, 90 young (184320K), 1 survivors (2048K)
 Metaspace       used 106408K, committed 108032K, reserved 1179648K
  class space    used 15981K, committed 16704K, reserved 1048576K
}
Event: 4181.639 GC heap after
{Heap after GC invocations=151 (full 0):
 garbage-first heap   total 450560K, used 239937K [0x000000070a200000, 0x0000000800000000)
  region size 2048K, 1 young (2048K), 1 survivors (2048K)
 Metaspace       used 106408K, committed 108032K, reserved 1179648K
  class space    used 15981K, committed 16704K, reserved 1048576K
}
Event: 4217.180 GC heap before
{Heap before GC invocations=151 (full 0):
 garbage-first heap   total 450560K, used 422209K [0x000000070a200000, 0x0000000800000000)
  region size 2048K, 90 young (184320K), 1 survivors (2048K)
 Metaspace       used 106454K, committed 108032K, reserved 1179648K
  class space    used 15989K, committed 16704K, reserved 1048576K
}
Event: 4217.184 GC heap after
{Heap after GC invocations=152 (full 0):
 garbage-first heap   total 450560K, used 240122K [0x000000070a200000, 0x0000000800000000)
  region size 2048K, 1 young (2048K), 1 survivors (2048K)
 Metaspace       used 106454K, committed 108032K, reserved 1179648K
  class space    used 15989K, committed 16704K, reserved 1048576K
}
Event: 4254.329 GC heap before
{Heap before GC invocations=153 (full 0):
 garbage-first heap   total 450560K, used 422394K [0x000000070a200000, 0x0000000800000000)
  region size 2048K, 90 young (184320K), 1 survivors (2048K)
 Metaspace       used 106457K, committed 108032K, reserved 1179648K
  class space    used 15989K, committed 16704K, reserved 1048576K
}
Event: 4254.332 GC heap after
{Heap after GC invocations=154 (full 0):
 garbage-first heap   total 450560K, used 240120K [0x000000070a200000, 0x0000000800000000)
  region size 2048K, 1 young (2048K), 1 survivors (2048K)
 Metaspace       used 106457K, committed 108032K, reserved 1179648K
  class space    used 15989K, committed 16704K, reserved 1048576K
}
Event: 4291.083 GC heap before
{Heap before GC invocations=154 (full 0):
 garbage-first heap   total 450560K, used 422392K [0x000000070a200000, 0x0000000800000000)
  region size 2048K, 90 young (184320K), 1 survivors (2048K)
 Metaspace       used 106465K, committed 108032K, reserved 1179648K
  class space    used 15991K, committed 16704K, reserved 1048576K
}
Event: 4291.099 GC heap after
{Heap after GC invocations=155 (full 0):
 garbage-first heap   total 450560K, used 239893K [0x000000070a200000, 0x0000000800000000)
  region size 2048K, 1 young (2048K), 1 survivors (2048K)
 Metaspace       used 106465K, committed 108032K, reserved 1179648K
  class space    used 15991K, committed 16704K, reserved 1048576K
}

Dll operation events (13 events):
Event: 0.016 Loaded shared library C:\Users\lenovo\.lunarclient\jre\56e53accb20696f802d92bd011174126b5e3154e\zulu21.30.15-ca-jre21.0.1-win_x64\bin\java.dll
Event: 0.067 Loaded shared library C:\Users\lenovo\.lunarclient\jre\56e53accb20696f802d92bd011174126b5e3154e\zulu21.30.15-ca-jre21.0.1-win_x64\bin\jsvml.dll
Event: 0.086 Loaded shared library C:\Users\lenovo\.lunarclient\jre\56e53accb20696f802d92bd011174126b5e3154e\zulu21.30.15-ca-jre21.0.1-win_x64\bin\net.dll
Event: 0.090 Loaded shared library C:\Users\lenovo\.lunarclient\jre\56e53accb20696f802d92bd011174126b5e3154e\zulu21.30.15-ca-jre21.0.1-win_x64\bin\nio.dll
Event: 0.093 Loaded shared library C:\Users\lenovo\.lunarclient\jre\56e53accb20696f802d92bd011174126b5e3154e\zulu21.30.15-ca-jre21.0.1-win_x64\bin\zip.dll
Event: 0.228 Loaded shared library C:\Users\lenovo\.lunarclient\jre\56e53accb20696f802d92bd011174126b5e3154e\zulu21.30.15-ca-jre21.0.1-win_x64\bin\jimage.dll
Event: 1.522 Loaded shared library C:\Users\lenovo\.lunarclient\jre\56e53accb20696f802d92bd011174126b5e3154e\zulu21.30.15-ca-jre21.0.1-win_x64\bin\management.dll
Event: 1.528 Loaded shared library C:\Users\lenovo\.lunarclient\jre\56e53accb20696f802d92bd011174126b5e3154e\zulu21.30.15-ca-jre21.0.1-win_x64\bin\management_ext.dll
Event: 2.235 Loaded shared library C:\Users\lenovo\.lunarclient\jre\56e53accb20696f802d92bd011174126b5e3154e\zulu21.30.15-ca-jre21.0.1-win_x64\bin\verify.dll
Event: 6.101 Loaded shared library C:\Users\lenovo\AppData\Local\Temp\jna--1106355917\jna1411562772712881356.dll
Event: 20.417 Loaded shared library C:\Users\lenovo\.lunarclient\jre\56e53accb20696f802d92bd011174126b5e3154e\zulu21.30.15-ca-jre21.0.1-win_x64\bin\sunmscapi.dll
Event: 20.651 Loaded shared library C:\Users\lenovo\.lunarclient\jre\56e53accb20696f802d92bd011174126b5e3154e\zulu21.30.15-ca-jre21.0.1-win_x64\bin\extnet.dll
Event: 26.855 Loaded shared library C:\Users\lenovo\.lunarclient\jre\56e53accb20696f802d92bd011174126b5e3154e\zulu21.30.15-ca-jre21.0.1-win_x64\bin\awt.dll

Deoptimization events (20 events):
Event: 4319.988 Thread 0x000001c3fc7e7c50 Uncommon trap: trap_request=0xffffffbe fr.pc=0x000001c3e68098c4 relative=0x0000000000000c24
Event: 4319.988 Thread 0x000001c3fc7e7c50 Uncommon trap: reason=profile_predicate action=maybe_recompile pc=0x000001c3e68098c4 method=net.minecraft.class_3898.method_17210(Lnet/minecraft/class_1923;Z)Ljava/util/List; @ 28 c2
Event: 4319.988 Thread 0x000001c3fc7e7c50 DEOPT PACKING pc=0x000001c3e68098c4 sp=0x000000b5d98feb90
Event: 4319.988 Thread 0x000001c3fc7e7c50 DEOPT UNPACKING pc=0x000001c3e5d546a2 sp=0x000000b5d98feb80 mode 2
Event: 4319.989 Thread 0x000001c3fc7e7c50 Uncommon trap: trap_request=0xffffffbe fr.pc=0x000001c3e68098c4 relative=0x0000000000000c24
Event: 4319.989 Thread 0x000001c3fc7e7c50 Uncommon trap: reason=profile_predicate action=maybe_recompile pc=0x000001c3e68098c4 method=net.minecraft.class_3898.method_17210(Lnet/minecraft/class_1923;Z)Ljava/util/List; @ 28 c2
Event: 4319.989 Thread 0x000001c3fc7e7c50 DEOPT PACKING pc=0x000001c3e68098c4 sp=0x000000b5d98feb90
Event: 4319.989 Thread 0x000001c3fc7e7c50 DEOPT UNPACKING pc=0x000001c3e5d546a2 sp=0x000000b5d98feb80 mode 2
Event: 4319.996 Thread 0x000001c3fc7e7c50 Uncommon trap: trap_request=0xffffff45 fr.pc=0x000001c3e68a3850 relative=0x00000000000001f0
Event: 4319.996 Thread 0x000001c3fc7e7c50 Uncommon trap: reason=unstable_if action=reinterpret pc=0x000001c3e68a3850 method=net.minecraft.class_1309.method_6119()V @ 9 c2
Event: 4319.996 Thread 0x000001c3fc7e7c50 DEOPT PACKING pc=0x000001c3e68a3850 sp=0x000000b5d98fe760
Event: 4319.996 Thread 0x000001c3fc7e7c50 DEOPT UNPACKING pc=0x000001c3e5d546a2 sp=0x000000b5d98fe708 mode 2
Event: 4320.286 Thread 0x000001c3fc7e7c50 Uncommon trap: trap_request=0xffffffbe fr.pc=0x000001c3e68098c4 relative=0x0000000000000c24
Event: 4320.286 Thread 0x000001c3fc7e7c50 Uncommon trap: reason=profile_predicate action=maybe_recompile pc=0x000001c3e68098c4 method=net.minecraft.class_3898.method_17210(Lnet/minecraft/class_1923;Z)Ljava/util/List; @ 28 c2
Event: 4320.286 Thread 0x000001c3fc7e7c50 DEOPT PACKING pc=0x000001c3e68098c4 sp=0x000000b5d98feaf0
Event: 4320.286 Thread 0x000001c3fc7e7c50 DEOPT UNPACKING pc=0x000001c3e5d546a2 sp=0x000000b5d98feac8 mode 2
Event: 4320.287 Thread 0x000001c3fc7e7c50 Uncommon trap: trap_request=0xffffffde fr.pc=0x000001c3e697bbdc relative=0x000000000000035c
Event: 4320.287 Thread 0x000001c3fc7e7c50 Uncommon trap: reason=class_check action=maybe_recompile pc=0x000001c3e697bbdc method=net.minecraft.class_4970$class_4971.method_31709()Z @ 4 c2
Event: 4320.288 Thread 0x000001c3fc7e7c50 DEOPT PACKING pc=0x000001c3e697bbdc sp=0x000000b5d98feb40
Event: 4320.288 Thread 0x000001c3fc7e7c50 DEOPT UNPACKING pc=0x000001c3e5d546a2 sp=0x000000b5d98fe908 mode 2

Classes loaded (20 events):
Event: 1526.822 Loading class sun/nio/cs/ThreadLocalCoders$2
Event: 1526.822 Loading class sun/nio/cs/ThreadLocalCoders$2 done
Event: 1526.887 Loading class java/util/Spliterators$LongIteratorSpliterator
Event: 1526.888 Loading class java/util/Spliterators$LongIteratorSpliterator done
Event: 2148.369 Loading class sun/security/ssl/PreSharedKeyExtension$PskIdentity
Event: 2148.370 Loading class sun/security/ssl/PreSharedKeyExtension$PskIdentity done
Event: 2148.371 Loading class sun/security/ssl/PreSharedKeyExtension$CHPreSharedKeySpec
Event: 2148.371 Loading class sun/security/ssl/PreSharedKeyExtension$CHPreSharedKeySpec done
Event: 2148.371 Loading class sun/security/ssl/PreSharedKeyExtension$PartialClientHelloMessage
Event: 2148.372 Loading class sun/security/ssl/PreSharedKeyExtension$PartialClientHelloMessage done
Event: 2148.372 Loading class sun/security/ssl/SSLEngineOutputRecord
Event: 2148.372 Loading class sun/security/ssl/SSLEngineOutputRecord done
Event: 2148.373 Loading class sun/security/ssl/SSLEngineOutputRecord$HandshakeFragment
Event: 2148.373 Loading class sun/security/ssl/SSLEngineOutputRecord$HandshakeFragment done
Event: 2148.373 Loading class sun/security/ssl/SSLEngineOutputRecord$HandshakeMemo
Event: 2148.373 Loading class sun/security/ssl/SSLEngineOutputRecord$RecordMemo
Event: 2148.373 Loading class sun/security/ssl/SSLEngineOutputRecord$RecordMemo done
Event: 2148.373 Loading class sun/security/ssl/SSLEngineOutputRecord$HandshakeMemo done
Event: 2148.459 Loading class sun/security/ssl/PreSharedKeyExtension$SHPreSharedKeySpec
Event: 2148.459 Loading class sun/security/ssl/PreSharedKeyExtension$SHPreSharedKeySpec done

Classes unloaded (20 events):
Event: 3766.962 Thread 0x000001c3f56e2970 Unloading class 0x000001c38111cc00 'java/lang/invoke/LambdaForm$MH+0x000001c38111cc00'
Event: 3766.962 Thread 0x000001c3f56e2970 Unloading class 0x000001c38111c800 'java/lang/invoke/LambdaForm$MH+0x000001c38111c800'
Event: 3766.962 Thread 0x000001c3f56e2970 Unloading class 0x000001c38111c000 'java/lang/invoke/LambdaForm$MH+0x000001c38111c000'
Event: 3766.963 Thread 0x000001c3f56e2970 Unloading class 0x000001c381113400 'java/lang/invoke/LambdaForm$BMH+0x000001c381113400'
Event: 3766.963 Thread 0x000001c3f56e2970 Unloading class 0x000001c381112000 'java/lang/invoke/LambdaForm$MH+0x000001c381112000'
Event: 3766.963 Thread 0x000001c3f56e2970 Unloading class 0x000001c38110f800 'java/lang/invoke/LambdaForm$MH+0x000001c38110f800'
Event: 3766.963 Thread 0x000001c3f56e2970 Unloading class 0x000001c381101400 'java/lang/invoke/LambdaForm$MH+0x000001c381101400'
Event: 3766.963 Thread 0x000001c3f56e2970 Unloading class 0x000001c381101000 'java/lang/invoke/LambdaForm$MH+0x000001c381101000'
Event: 3766.963 Thread 0x000001c3f56e2970 Unloading class 0x000001c381100400 'java/lang/invoke/LambdaForm$MH+0x000001c381100400'
Event: 3766.963 Thread 0x000001c3f56e2970 Unloading class 0x000001c3810dc400 'java/lang/invoke/LambdaForm$MH+0x000001c3810dc400'
Event: 3766.963 Thread 0x000001c3f56e2970 Unloading class 0x000001c38108e400 'java/lang/invoke/LambdaForm$MH+0x000001c38108e400'
Event: 3766.963 Thread 0x000001c3f56e2970 Unloading class 0x000001c38108e000 'java/lang/invoke/LambdaForm$MH+0x000001c38108e000'
Event: 3766.963 Thread 0x000001c3f56e2970 Unloading class 0x000001c38108dc00 'java/lang/invoke/LambdaForm$MH+0x000001c38108dc00'
Event: 3766.963 Thread 0x000001c3f56e2970 Unloading class 0x000001c38108c800 'java/lang/invoke/LambdaForm$MH+0x000001c38108c800'
Event: 3766.963 Thread 0x000001c3f56e2970 Unloading class 0x000001c38101d800 'java/lang/invoke/LambdaForm$MH+0x000001c38101d800'
Event: 3766.963 Thread 0x000001c3f56e2970 Unloading class 0x000001c38101d400 'java/lang/invoke/LambdaForm$MH+0x000001c38101d400'
Event: 3766.963 Thread 0x000001c3f56e2970 Unloading class 0x000001c381013400 'java/lang/invoke/LambdaForm$MH+0x000001c381013400'
Event: 3766.963 Thread 0x000001c3f56e2970 Unloading class 0x000001c381011400 'java/lang/invoke/LambdaForm$MH+0x000001c381011400'
Event: 3766.963 Thread 0x000001c3f56e2970 Unloading class 0x000001c381011000 'java/lang/invoke/LambdaForm$MH+0x000001c381011000'
Event: 3766.963 Thread 0x000001c3f56e2970 Unloading class 0x000001c381010400 'java/lang/invoke/LambdaForm$MH+0x000001c381010400'

Classes redefined (0 events):
No events

Internal exceptions (20 events):
Event: 4314.701 Thread 0x000001c3c26dcd40 Exception <a 'sun/nio/fs/WindowsException'{0x000000071e440920}> (0x000000071e440920) 
thrown [s\src\hotspot\share\prims\jni.cpp, line 520]
Event: 4314.750 Thread 0x000001c3c26dcd40 Exception <a 'sun/nio/fs/WindowsException'{0x000000071e445938}> (0x000000071e445938) 
thrown [s\src\hotspot\share\prims\jni.cpp, line 520]
Event: 4314.776 Thread 0x000001c3c26dcd40 Exception <a 'sun/nio/fs/WindowsException'{0x000000071e44a930}> (0x000000071e44a930) 
thrown [s\src\hotspot\share\prims\jni.cpp, line 520]
Event: 4314.789 Thread 0x000001c3c26dcd40 Exception <a 'sun/nio/fs/WindowsException'{0x000000071e44f928}> (0x000000071e44f928) 
thrown [s\src\hotspot\share\prims\jni.cpp, line 520]
Event: 4314.810 Thread 0x000001c3c26dcd40 Exception <a 'sun/nio/fs/WindowsException'{0x000000071e454920}> (0x000000071e454920) 
thrown [s\src\hotspot\share\prims\jni.cpp, line 520]
Event: 4314.817 Thread 0x000001c3c26dcd40 Exception <a 'sun/nio/fs/WindowsException'{0x000000071e459918}> (0x000000071e459918) 
thrown [s\src\hotspot\share\prims\jni.cpp, line 520]
Event: 4314.832 Thread 0x000001c3c26dcd40 Exception <a 'sun/nio/fs/WindowsException'{0x000000071e45e910}> (0x000000071e45e910) 
thrown [s\src\hotspot\share\prims\jni.cpp, line 520]
Event: 4314.837 Thread 0x000001c3c26dcd40 Exception <a 'sun/nio/fs/WindowsException'{0x000000071e463908}> (0x000000071e463908) 
thrown [s\src\hotspot\share\prims\jni.cpp, line 520]
Event: 4314.863 Thread 0x000001c3c26dc020 Exception <a 'sun/nio/fs/WindowsException'{0x000000071e76d0a8}> (0x000000071e76d0a8) 
thrown [s\src\hotspot\share\prims\jni.cpp, line 520]
Event: 4314.868 Thread 0x000001c3c26dc020 Exception <a 'sun/nio/fs/WindowsException'{0x000000071e7720c0}> (0x000000071e7720c0) 
thrown [s\src\hotspot\share\prims\jni.cpp, line 520]
Event: 4314.873 Thread 0x000001c3c26dc020 Exception <a 'sun/nio/fs/WindowsException'{0x000000071e7770b8}> (0x000000071e7770b8) 
thrown [s\src\hotspot\share\prims\jni.cpp, line 520]
Event: 4314.879 Thread 0x000001c3c26dc020 Exception <a 'sun/nio/fs/WindowsException'{0x000000071e77c0b0}> (0x000000071e77c0b0) 
thrown [s\src\hotspot\share\prims\jni.cpp, line 520]
Event: 4314.894 Thread 0x000001c3c26dc020 Exception <a 'sun/nio/fs/WindowsException'{0x000000071e7810a8}> (0x000000071e7810a8) 
thrown [s\src\hotspot\share\prims\jni.cpp, line 520]
Event: 4319.680 Thread 0x000001c3fc7e7c50 Exception <a 'java/lang/NoSuchMethodError'{0x000000071ae7efe8}: 'java.lang.Object java.lang.invoke.DirectMethodHandle$Holder.invokeSpecial(java.lang.Object, java.lang.Object, java.lang.Object, java.lang.Object, int, int, int)'> (0x000000071ae7efe8) 
thrown [s\src\hotspot\share\interpreter\linkResolver.cpp, line 773]
Event: 4319.682 Thread 0x000001c3fc7e7c50 Exception <a 'java/lang/NoSuchMethodError'{0x000000071ae827f8}: 'java.lang.Object java.lang.invoke.Invokers$Holder.linkToTargetMethod(java.lang.Object, java.lang.Object, int, int, int, java.lang.Object)'> (0x000000071ae827f8) 
thrown [s\src\hotspot\share\interpreter\linkResolver.cpp, line 773]
Event: 4319.686 Thread 0x000001c3fc7e7c50 Implicit null exception at 0x000001c3e67dbfe2 to 0x000001c3e67dc080
Event: 4319.880 Thread 0x000001c3fc7e7c50 Implicit null exception at 0x000001c3e6c40b23 to 0x000001c3e6c414fc
Event: 4319.950 Thread 0x000001c3c26db990 Exception <a 'java/lang/NoSuchMethodError'{0x000000071ce3d218}: 'int java.lang.invoke.DirectMethodHandle$Holder.invokeInterface(java.lang.Object, java.lang.Object, long)'> (0x000000071ce3d218) 
thrown [s\src\hotspot\share\interpreter\linkResolver.cpp, line 773]
Event: 4319.953 Thread 0x000001c3c26dc020 Exception <a 'sun/nio/fs/WindowsException'{0x000000071e786b98}> (0x000000071e786b98) 
thrown [s\src\hotspot\share\prims\jni.cpp, line 520]
Event: 4320.001 Thread 0x000001c3c26dc020 Exception <a 'sun/nio/fs/WindowsException'{0x000000071e78bca0}> (0x000000071e78bca0) 
thrown [s\src\hotspot\share\prims\jni.cpp, line 520]

ZGC Phase Switch (0 events):
No events

VM Operations (20 events):
Event: 4305.119 Executing VM operation: Cleanup
Event: 4305.119 Executing VM operation: Cleanup done
Event: 4307.119 Executing VM operation: Cleanup
Event: 4307.119 Executing VM operation: Cleanup done
Event: 4309.121 Executing VM operation: Cleanup
Event: 4309.121 Executing VM operation: Cleanup done
Event: 4311.122 Executing VM operation: Cleanup
Event: 4311.122 Executing VM operation: Cleanup done
Event: 4313.124 Executing VM operation: Cleanup
Event: 4313.124 Executing VM operation: Cleanup done
Event: 4314.125 Executing VM operation: Cleanup
Event: 4314.126 Executing VM operation: Cleanup done
Event: 4314.845 Executing VM operation: ICBufferFull
Event: 4314.848 Executing VM operation: ICBufferFull done
Event: 4315.848 Executing VM operation: Cleanup
Event: 4315.848 Executing VM operation: Cleanup done
Event: 4316.849 Executing VM operation: Cleanup
Event: 4316.849 Executing VM operation: Cleanup done
Event: 4319.850 Executing VM operation: Cleanup
Event: 4319.850 Executing VM operation: Cleanup done

Events (20 events):
Event: 4231.065 Thread 0x000001c3fb758ba0 Thread exited: 0x000001c3fb758ba0
Event: 4238.459 Thread 0x000001c3fb759270 Thread exited: 0x000001c3fb759270
Event: 4261.838 Thread 0x000001c3c26de780 Thread exited: 0x000001c3c26de780
Event: 4304.472 Thread 0x000001c3fb75a010 Thread added: 0x000001c3fb75a010
Event: 4306.635 Thread 0x000001c3fb75a010 Thread exited: 0x000001c3fb75a010
Event: 4306.636 Thread 0x000001c3fb75a6e0 Thread added: 0x000001c3fb75a6e0
Event: 4306.641 Thread 0x000001c3fb7584d0 Thread added: 0x000001c3fb7584d0
Event: 4307.373 Thread 0x000001c3fb7584d0 Thread exited: 0x000001c3fb7584d0
Event: 4307.373 Thread 0x000001c3fb75a6e0 Thread exited: 0x000001c3fb75a6e0
Event: 4312.899 Thread 0x000001c3c26de780 Thread added: 0x000001c3c26de780
Event: 4312.909 Thread 0x000001c3fb757e00 Thread added: 0x000001c3fb757e00
Event: 4312.910 Thread 0x000001c3fb757730 Thread added: 0x000001c3fb757730
Event: 4312.933 Thread 0x000001c3c26dfb30 Thread added: 0x000001c3c26dfb30
Event: 4312.956 Thread 0x000001c3c26dc020 Thread added: 0x000001c3c26dc020
Event: 4313.009 Thread 0x000001c3c26dc6b0 Thread added: 0x000001c3c26dc6b0
Event: 4313.010 Thread 0x000001c3c26dcd40 Thread added: 0x000001c3c26dcd40
Event: 4316.482 Thread 0x000001c3fb757730 Thread exited: 0x000001c3fb757730
Event: 4317.632 Thread 0x000001c3fb757e00 Thread exited: 0x000001c3fb757e00
Event: 4319.666 Thread 0x000001c3fb757060 Thread added: 0x000001c3fb757060
Event: 4319.671 Thread 0x000001c3fb757730 Thread added: 0x000001c3fb757730


Dynamic libraries:
0x00007ff74aa50000 - 0x00007ff74aa5e000 	C:\Users\lenovo\.lunarclient\jre\56e53accb20696f802d92bd011174126b5e3154e\zulu21.30.15-ca-jre21.0.1-win_x64\bin\java.exe
0x00007ffc2c6f0000 - 0x00007ffc2c8e8000 	C:\WINDOWS\SYSTEM32\ntdll.dll
0x00007ffc2b4a0000 - 0x00007ffc2b562000 	C:\WINDOWS\System32\KERNEL32.DLL
0x00007ffc29ef0000 - 0x00007ffc2a1ef000 	C:\WINDOWS\System32\KERNELBASE.dll
0x00007ffc2a610000 - 0x00007ffc2a710000 	C:\WINDOWS\System32\ucrtbase.dll
0x00007ffc0aa50000 - 0x00007ffc0aa6b000 	C:\Users\lenovo\.lunarclient\jre\56e53accb20696f802d92bd011174126b5e3154e\zulu21.30.15-ca-jre21.0.1-win_x64\bin\VCRUNTIME140.dll
0x00007ffc0ab30000 - 0x00007ffc0ab48000 	C:\Users\lenovo\.lunarclient\jre\56e53accb20696f802d92bd011174126b5e3154e\zulu21.30.15-ca-jre21.0.1-win_x64\bin\jli.dll
0x00007ffc2c160000 - 0x00007ffc2c2fd000 	C:\WINDOWS\System32\USER32.dll
0x00007ffc2a430000 - 0x00007ffc2a452000 	C:\WINDOWS\System32\win32u.dll
0x00007ffc2b570000 - 0x00007ffc2b59b000 	C:\WINDOWS\System32\GDI32.dll
0x00007ffc28d00000 - 0x00007ffc28f9a000 	C:\WINDOWS\WinSxS\amd64_microsoft.windows.common-controls_6595b64144ccf1df_6.0.19041.4355_none_60b8b9eb71f62e16\COMCTL32.dll
0x00007ffc2a1f0000 - 0x00007ffc2a30a000 	C:\WINDOWS\System32\gdi32full.dll
0x00007ffc2c300000 - 0x00007ffc2c39e000 	C:\WINDOWS\System32\msvcrt.dll
0x00007ffc2a360000 - 0x00007ffc2a3fd000 	C:\WINDOWS\System32\msvcp_win.dll
0x00007ffc2c4d0000 - 0x00007ffc2c4ff000 	C:\WINDOWS\System32\IMM32.DLL
0x0000000065ba0000 - 0x0000000065bad000 	D:\360safe\safemon\SafeWrapper.dll
0x00007ffc2a8a0000 - 0x00007ffc2a94f000 	C:\WINDOWS\System32\ADVAPI32.dll
0x00007ffc2a950000 - 0x00007ffc2a9ef000 	C:\WINDOWS\System32\sechost.dll
0x00007ffc2c3a0000 - 0x00007ffc2c4c3000 	C:\WINDOWS\System32\RPCRT4.dll
0x00007ffc2a400000 - 0x00007ffc2a427000 	C:\WINDOWS\System32\bcrypt.dll
0x00007ffc14700000 - 0x00007ffc14805000 	D:\360safe\safemon\libzdtp64.dll
0x00007ffc2ac10000 - 0x00007ffc2b37d000 	C:\WINDOWS\System32\SHELL32.dll
0x00007ffc2a9f0000 - 0x00007ffc2aa45000 	C:\WINDOWS\System32\SHLWAPI.dll
0x00007ffc29a00000 - 0x00007ffc29a0a000 	C:\WINDOWS\SYSTEM32\VERSION.dll
0x00007ffc14090000 - 0x00007ffc1409c000 	C:\Users\lenovo\.lunarclient\jre\56e53accb20696f802d92bd011174126b5e3154e\zulu21.30.15-ca-jre21.0.1-win_x64\bin\vcruntime140_1.dll
0x00007ffbe94e0000 - 0x00007ffbe956e000 	C:\Users\lenovo\.lunarclient\jre\56e53accb20696f802d92bd011174126b5e3154e\zulu21.30.15-ca-jre21.0.1-win_x64\bin\msvcp140.dll
0x00007ffbcd4b0000 - 0x00007ffbce23d000 	C:\Users\lenovo\.lunarclient\jre\56e53accb20696f802d92bd011174126b5e3154e\zulu21.30.15-ca-jre21.0.1-win_x64\bin\server\jvm.dll
0x00007ffc2bb10000 - 0x00007ffc2bb7b000 	C:\WINDOWS\System32\WS2_32.dll
0x00007ffc29ae0000 - 0x00007ffc29b2b000 	C:\WINDOWS\SYSTEM32\POWRPROF.dll
0x00007ffc27a60000 - 0x00007ffc27a87000 	C:\WINDOWS\SYSTEM32\WINMM.dll
0x00007ffc29ac0000 - 0x00007ffc29ad2000 	C:\WINDOWS\SYSTEM32\UMPDC.dll
0x00007ffc27de0000 - 0x00007ffc27df2000 	C:\WINDOWS\SYSTEM32\kernel.appcore.dll
0x00007ffc139d0000 - 0x00007ffc139da000 	C:\Users\lenovo\.lunarclient\jre\56e53accb20696f802d92bd011174126b5e3154e\zulu21.30.15-ca-jre21.0.1-win_x64\bin\jimage.dll
0x00007ffc29630000 - 0x00007ffc29814000 	C:\WINDOWS\SYSTEM32\DBGHELP.DLL
0x00007ffc295f0000 - 0x00007ffc29624000 	C:\WINDOWS\SYSTEM32\dbgcore.DLL
0x00007ffc2a4d0000 - 0x00007ffc2a552000 	C:\WINDOWS\System32\bcryptPrimitives.dll
0x00007ffc09890000 - 0x00007ffc098af000 	C:\Users\lenovo\.lunarclient\jre\56e53accb20696f802d92bd011174126b5e3154e\zulu21.30.15-ca-jre21.0.1-win_x64\bin\java.dll
0x00007ffc272b0000 - 0x00007ffc27a54000 	C:\WINDOWS\SYSTEM32\windows.storage.dll
0x00007ffc2bde0000 - 0x00007ffc2c135000 	C:\WINDOWS\System32\combase.dll
0x00007ffc29210000 - 0x00007ffc2923f000 	C:\WINDOWS\SYSTEM32\Wldp.dll
0x00007ffc2c5e0000 - 0x00007ffc2c6ad000 	C:\WINDOWS\System32\OLEAUT32.dll
0x00007ffc2ab50000 - 0x00007ffc2abfd000 	C:\WINDOWS\System32\SHCORE.dll
0x00007ffc29cc0000 - 0x00007ffc29ce4000 	C:\WINDOWS\SYSTEM32\profapi.dll
0x00007ffbe8520000 - 0x00007ffbe85f7000 	C:\Users\lenovo\.lunarclient\jre\56e53accb20696f802d92bd011174126b5e3154e\zulu21.30.15-ca-jre21.0.1-win_x64\bin\jsvml.dll
0x00007ffc132b0000 - 0x00007ffc132c0000 	C:\Users\lenovo\.lunarclient\jre\56e53accb20696f802d92bd011174126b5e3154e\zulu21.30.15-ca-jre21.0.1-win_x64\bin\net.dll
0x00007ffc200b0000 - 0x00007ffc201ba000 	C:\WINDOWS\SYSTEM32\WINHTTP.dll
0x00007ffc28c50000 - 0x00007ffc28cbc000 	C:\WINDOWS\system32\mswsock.dll
0x00007ffc09660000 - 0x00007ffc09676000 	C:\Users\lenovo\.lunarclient\jre\56e53accb20696f802d92bd011174126b5e3154e\zulu21.30.15-ca-jre21.0.1-win_x64\bin\nio.dll
0x00007ffc06d40000 - 0x00007ffc06d58000 	C:\Users\lenovo\.lunarclient\jre\56e53accb20696f802d92bd011174126b5e3154e\zulu21.30.15-ca-jre21.0.1-win_x64\bin\zip.dll
0x00007ffc11ea0000 - 0x00007ffc11eaa000 	C:\Users\lenovo\.lunarclient\jre\56e53accb20696f802d92bd011174126b5e3154e\zulu21.30.15-ca-jre21.0.1-win_x64\bin\management.dll
0x00007ffc11cc0000 - 0x00007ffc11ccb000 	C:\Users\lenovo\.lunarclient\jre\56e53accb20696f802d92bd011174126b5e3154e\zulu21.30.15-ca-jre21.0.1-win_x64\bin\management_ext.dll
0x00007ffc2aad0000 - 0x00007ffc2aad8000 	C:\WINDOWS\System32\PSAPI.DLL
0x00007ffc149e0000 - 0x00007ffc149f7000 	C:\WINDOWS\system32\napinsp.dll
0x00007ffc149c0000 - 0x00007ffc149db000 	C:\WINDOWS\system32\pnrpnsp.dll
0x00007ffc250b0000 - 0x00007ffc250c5000 	C:\WINDOWS\system32\wshbth.dll
0x00007ffc22f00000 - 0x00007ffc22f1d000 	C:\WINDOWS\system32\NLAapi.dll
0x00007ffc29a10000 - 0x00007ffc29a4b000 	C:\WINDOWS\SYSTEM32\IPHLPAPI.DLL
0x00007ffc28920000 - 0x00007ffc289ea000 	C:\WINDOWS\SYSTEM32\DNSAPI.dll
0x00007ffc2ab40000 - 0x00007ffc2ab48000 	C:\WINDOWS\System32\NSI.dll
0x00007ffc06d20000 - 0x00007ffc06d32000 	C:\WINDOWS\System32\winrnr.dll
0x00007ffc22360000 - 0x00007ffc2236a000 	C:\Windows\System32\rasadhlp.dll
0x00007ffc1c710000 - 0x00007ffc1c790000 	C:\WINDOWS\System32\fwpuclnt.dll
0x00007ffc0d7a0000 - 0x00007ffc0d7b0000 	C:\Users\lenovo\.lunarclient\jre\56e53accb20696f802d92bd011174126b5e3154e\zulu21.30.15-ca-jre21.0.1-win_x64\bin\verify.dll
0x00007ffc299d0000 - 0x00007ffc299e8000 	C:\WINDOWS\SYSTEM32\CRYPTSP.dll
0x00007ffc285f0000 - 0x00007ffc28624000 	C:\WINDOWS\system32\rsaenh.dll
0x00007ffc29c80000 - 0x00007ffc29cae000 	C:\WINDOWS\SYSTEM32\USERENV.dll
0x00007ffc290c0000 - 0x00007ffc290cc000 	C:\WINDOWS\SYSTEM32\CRYPTBASE.dll
0x00007ffbeafe0000 - 0x00007ffbeb025000 	C:\Users\lenovo\AppData\Local\Temp\jna--1106355917\jna1411562772712881356.dll
0x00007ffc2a770000 - 0x00007ffc2a89b000 	C:\WINDOWS\System32\Ole32.dll
0x00007ffc07e10000 - 0x00007ffc07e2f000 	C:\WINDOWS\SYSTEM32\amsi.dll
0x00007ffc13300000 - 0x00007ffc13351000 	C:\WINDOWS\SYSTEM32\Pdh.dll
0x00007ffc21650000 - 0x00007ffc2165f000 	C:\WINDOWS\System32\perfos.dll
0x00007ffc1aca0000 - 0x00007ffc1acae000 	C:\Users\lenovo\.lunarclient\jre\56e53accb20696f802d92bd011174126b5e3154e\zulu21.30.15-ca-jre21.0.1-win_x64\bin\sunmscapi.dll
0x00007ffc29d90000 - 0x00007ffc29eec000 	C:\WINDOWS\System32\CRYPT32.dll
0x00007ffc29280000 - 0x00007ffc292a7000 	C:\WINDOWS\SYSTEM32\ncrypt.dll
0x00007ffc29240000 - 0x00007ffc2927b000 	C:\WINDOWS\SYSTEM32\NTASN1.dll
0x00007ffc1ac90000 - 0x00007ffc1ac97000 	C:\Users\lenovo\.lunarclient\jre\56e53accb20696f802d92bd011174126b5e3154e\zulu21.30.15-ca-jre21.0.1-win_x64\bin\extnet.dll
0x00007ffc238a0000 - 0x00007ffc238a7000 	C:\WINDOWS\system32\wshunix.dll
0x00007ffbe8310000 - 0x00007ffbe849e000 	C:\Users\lenovo\.lunarclient\jre\56e53accb20696f802d92bd011174126b5e3154e\zulu21.30.15-ca-jre21.0.1-win_x64\bin\awt.dll
0x00007ffc24cc0000 - 0x00007ffc24d54000 	C:\WINDOWS\SYSTEM32\apphelp.dll

dbghelp: loaded successfully - version: 4.0.5 - missing functions: none
symbol engine: initialized successfully - sym options: 0x614 - pdb path: .;C:\Users\lenovo\.lunarclient\jre\56e53accb20696f802d92bd011174126b5e3154e\zulu21.30.15-ca-jre21.0.1-win_x64\bin;C:\WINDOWS\SYSTEM32;C:\WINDOWS\WinSxS\amd64_microsoft.windows.common-controls_6595b64144ccf1df_6.0.19041.4355_none_60b8b9eb71f62e16;D:\360safe\safemon;C:\Users\lenovo\.lunarclient\jre\56e53accb20696f802d92bd011174126b5e3154e\zulu21.30.15-ca-jre21.0.1-win_x64\bin\server;C:\Users\lenovo\AppData\Local\Temp\jna--1106355917

VM Arguments:
java_command: fabric-server-launch.jar nogui
java_class_path (initial): fabric-server-launch.jar
Launcher Type: SUN_STANDARD

[Global flags]
     intx CICompilerCount                          = 4                                         {product} {ergonomic}
     uint ConcGCThreads                            = 3                                         {product} {ergonomic}
     uint G1ConcRefinementThreads                  = 10                                        {product} {ergonomic}
   size_t G1HeapRegionSize                         = 2097152                                   {product} {ergonomic}
    uintx GCDrainStackTargetSize                   = 64                                        {product} {ergonomic}
   size_t InitialHeapSize                          = 257949696                                 {product} {ergonomic}
   size_t MarkStackSize                            = 4194304                                   {product} {ergonomic}
   size_t MaxHeapSize                              = 4125097984                                {product} {ergonomic}
   size_t MaxNewSize                               = 2474639360                                {product} {ergonomic}
   size_t MinHeapDeltaBytes                        = 2097152                                   {product} {ergonomic}
   size_t MinHeapSize                              = 8388608                                   {product} {ergonomic}
    uintx NonNMethodCodeHeapSize                   = 5839372                                {pd product} {ergonomic}
    uintx NonProfiledCodeHeapSize                  = 122909434                              {pd product} {ergonomic}
    uintx ProfiledCodeHeapSize                     = 122909434                              {pd product} {ergonomic}
    uintx ReservedCodeCacheSize                    = 251658240                              {pd product} {ergonomic}
     bool SegmentedCodeCache                       = true                                      {product} {ergonomic}
   size_t SoftMaxHeapSize                          = 4125097984                             {manageable} {ergonomic}
     bool UseCompressedOops                        = true                           {product lp64_product} {ergonomic}
     bool UseG1GC                                  = true                                      {product} {ergonomic}
     bool UseLargePagesIndividualAllocation        = false                                  {pd product} {ergonomic}

Logging:
Log output configuration:
 #0: stdout all=warning uptime,level,tags foldmultilines=false
 #1: stderr all=off uptime,level,tags foldmultilines=false

Environment Variables:
JAVA_HOME=D:\Java\java17.0.2\zulu17.32.13-ca-fx-jre17.0.2-win_x64
PATH=C:\Program Files\Common Files\Oracle\Java\javapath;C:\Program Files\Zulu\zulu-21\bin\;C:\Program Files (x86)\Common Files\Oracle\Java\java8path;C:\Program Files (x86)\Common Files\Oracle\Java\javapath;C:\Program Files (x86)\Common Files\Intel\Shared Libraries\redist\intel64\compiler;C:\Program Files\BellSoft\LibericaJRE-17\bin\;C:\WINDOWS\system32;C:\WINDOWS;C:\WINDOWS\System32\Wbem;C:\WINDOWS\System32\WindowsPowerShell\v1.0\;C:\WINDOWS\System32\OpenSSH\;C:\Program Files\dotnet\;D:\python\Scripts\;D:\Java\java17.0.2\zulu17.32.13-ca-fx-jre17.0.2-win_x64\bin;%USERPROFILE%\AppData\Local\Microsoft\WindowsApps;C:\Program Files\Bandizip\;D:\QQ\Hall.58319\
USERNAME=lenovo
LANG=zh_CN.UTF-8
OS=Windows_NT
PROCESSOR_IDENTIFIER=AMD64 Family 23 Model 96 Stepping 1, AuthenticAMD
TMP=C:\Users\lenovo\AppData\Local\Temp
TEMP=C:\Users\lenovo\AppData\Local\Temp




Periodic native trim disabled

---------------  S Y S T E M  ---------------

OS:
 Windows 10 , 64 bit Build 19041 (10.0.19041.5438)
OS uptime: 8 days 2:19 hours
Hyper-V role detected

CPU: total 12 (initial active 12) (12 cores per cpu, 2 threads per core) family 23 model 96 stepping 1 microcode 0x0, cx8, cmov, fxsr, ht, mmx, 3dnowpref, sse, sse2, sse3, ssse3, sse4a, sse4.1, sse4.2, popcnt, lzcnt, tsc, tscinvbit, avx, avx2, aes, clmul, bmi1, bmi2, adx, sha, fma, vzeroupper, clflush, clflushopt, hv, rdtscp, rdpid, f16c
Processor Information for all 12 processors :
  Max Mhz: 2100, Current Mhz: 2100, Mhz Limit: 2100

Memory: 4k page, system-wide physical 15734M (1085M free)
TotalPageFile size 22812M (AvailPageFile size 8M)
current process WorkingSet (physical memory assigned to process): 617M, peak: 748M
current process commit charge ("private bytes"): 794M, peak: 800M

vm_info: OpenJDK 64-Bit Server VM (21.0.1+12-LTS) for windows-amd64 JRE (21.0.1+12-LTS) (Zulu21.30+15-CA), built on 2023-10-11T21:38:38Z by "zulu_re" with MS VC++ 17.1 (VS2022)

END.
